#
# There is insufficient memory for the Java Runtime Environment to continue.
# Native memory allocation (mmap) failed to map 159383552 bytes for G1 virtual space
# Possible reasons:
#   The system is out of physical RAM or swap space
#   The process is running with CompressedOops enabled, and the Java Heap may be blocking the growth of the native heap
# Possible solutions:
#   Reduce memory load on the system
#   Increase physical memory or swap space
#   Check if swap backing store is full
#   Decrease Java heap size (-Xmx/-Xms)
#   Decrease number of Java threads
#   Decrease Java thread stack sizes (-Xss)
#   Set larger code cache with -XX:ReservedCodeCacheSize=
#   JVM is running with Zero Based Compressed Oops mode in which the Java heap is
#     placed in the first 32GB address space. The Java Heap base address is the
#     maximum limit for the native heap growth. Please use -XX:HeapBaseMinAddress
#     to set the Java Heap base and to place the Java Heap above 32GB virtual address.
# This output file may be truncated or incomplete.
#
#  Out of Memory Error (os_windows.cpp:3551), pid=18780, tid=27116
#
# JRE version: Java(TM) SE Runtime Environment (17.0.16+12) (build 17.0.16+12-LTS-247)
# Java VM: Java HotSpot(TM) 64-Bit Server VM (17.0.16+12-LTS-247, mixed mode, sharing, tiered, compressed oops, compressed class ptrs, g1 gc, windows-amd64)
# No core dump will be written. Minidumps are not enabled by default on client versions of Windows
#

---------------  S U M M A R Y ------------

Command Line: --add-opens=java.base/java.lang=ALL-UNNAMED --add-opens=java.base/java.lang.invoke=ALL-UNNAMED --add-opens=java.base/java.util=ALL-UNNAMED --add-opens=java.prefs/java.util.prefs=ALL-UNNAMED --add-exports=jdk.compiler/com.sun.tools.javac.api=ALL-UNNAMED --add-exports=jdk.compiler/com.sun.tools.javac.util=ALL-UNNAMED --add-opens=java.base/java.util=ALL-UNNAMED --add-opens=java.prefs/java.util.prefs=ALL-UNNAMED --add-opens=java.base/java.nio.charset=ALL-UNNAMED --add-opens=java.base/java.net=ALL-UNNAMED --add-opens=java.base/java.util.concurrent=ALL-UNNAMED --add-opens=java.base/java.util.concurrent.atomic=ALL-UNNAMED --add-opens=java.xml/javax.xml.namespace=ALL-UNNAMED --add-opens=java.base/java.time=ALL-UNNAMED -XX:MaxMetaspaceSize=4G -XX:ReservedCodeCacheSize=512m -XX:+HeapDumpOnOutOfMemoryError -Xmx8G -Dfile.encoding=UTF-8 -Duser.country=IN -Duser.language=en -Duser.variant -javaagent:C:\Users\VAMSI\.gradle\wrapper\dists\gradle-9.1.0-all\7wzd0jkjit61aq2p43wpjgij9\gradle-9.1.0\lib\agents\gradle-instrumentation-agent-9.1.0.jar org.gradle.launcher.daemon.bootstrap.GradleDaemon 9.1.0

Host: AMD Ryzen 3 7320U with Radeon Graphics         , 8 cores, 7G,  Windows 11 , 64 bit Build 26100 (10.0.26100.8521)
Time: Sun Jun 21 12:49:13 2026 India Standard Time elapsed time: 1547.616903 seconds (0d 0h 25m 47s)

---------------  T H R E A D  ---------------

Current thread (0x000001dff8f1a130):  VMThread "VM Thread" [stack: 0x00000028c6b00000,0x00000028c6c00000] [id=27116]

Stack: [0x00000028c6b00000,0x00000028c6c00000]
Native frames: (J=compiled Java code, j=interpreted, Vv=VM code, C=native code)
V  [jvm.dll+0x67a46a]
V  [jvm.dll+0x7da77d]
V  [jvm.dll+0x7dc0c3]
V  [jvm.dll+0x7dc733]
V  [jvm.dll+0x24523f]
V  [jvm.dll+0x677499]
V  [jvm.dll+0x66c122]
V  [jvm.dll+0x302156]
V  [jvm.dll+0x3096f6]
V  [jvm.dll+0x35a04e]
V  [jvm.dll+0x35a27f]
V  [jvm.dll+0x2d9228]
V  [jvm.dll+0x2d765d]
V  [jvm.dll+0x2d6cac]
V  [jvm.dll+0x31a80b]
V  [jvm.dll+0x7e102b]
V  [jvm.dll+0x7e1d64]
V  [jvm.dll+0x7e227d]
V  [jvm.dll+0x7e2654]
V  [jvm.dll+0x7e2720]
V  [jvm.dll+0x78b18a]
V  [jvm.dll+0x679355]
C  [ucrtbase.dll+0x2cd30]
C  [KERNEL32.DLL+0x2e957]
C  [ntdll.dll+0x87c1c]

VM_Operation (0x00000028cd8fadf0): G1CollectForAllocation, mode: safepoint, requested by thread 0x000001e0412efb30


---------------  P R O C E S S  ---------------

Threads class SMR info:
_java_thread_list=0x000001e04c3047a0, length=141, elements={
0x000001dfddf28bf0, 0x000001dff8f1ed90, 0x000001dff8f22970, 0x000001dff8f38fe0,
0x000001dff8f3a410, 0x000001dff8f3acd0, 0x000001dff8f3e8e0, 0x000001dff8f3f4d0,
0x000001dff8f4df40, 0x000001dff8f52470, 0x000001dff8f09c60, 0x000001dffbaab790,
0x000001e0427cdbd0, 0x000001e042431230, 0x000001e041da2a80, 0x000001e042464400,
0x000001e041c390a0, 0x000001e041552cb0, 0x000001e041555310, 0x000001dffb9f7240,
0x000001dffb9f6d70, 0x000001dffb9f80b0, 0x000001dffb9f98c0, 0x000001dffb9f8f20,
0x000001dffb9fa260, 0x000001dffb9f8580, 0x000001dffb9f93f0, 0x000001dffb9f7be0,
0x000001dffb9f8a50, 0x000001dffb9f7710, 0x000001dffb9f9d90, 0x000001e044085840,
0x000001e044087050, 0x000001e044085d10, 0x000001e044087ec0, 0x000001e0440861e0,
0x000001e0440866b0, 0x000001e044086b80, 0x000001e0440879f0, 0x000001e044088390,
0x000001e0440849d0, 0x000001e044084ea0, 0x000001e044085370, 0x000001e044089200,
0x000001e04408c220, 0x000001e04408aa10, 0x000001e04408aee0, 0x000001e04408b3b0,
0x000001e04408b880, 0x000001e044089ba0, 0x000001e04408bd50, 0x000001e0440896d0,
0x000001e04408a070, 0x000001e04408a540, 0x000001e045fb9530, 0x000001e045fb9a00,
0x000001e045fbad40, 0x000001e045fb9ed0, 0x000001e045fba3a0, 0x000001e045fba870,
0x000001e045fbb210, 0x000001e045fbc550, 0x000001e045fbb6e0, 0x000001e045fbca20,
0x000001e045fc03e0, 0x000001e045fbdd60, 0x000001e045fbd3c0, 0x000001e045fbd890,
0x000001e045fbf0a0, 0x000001e045fbe700, 0x000001e045fbebd0, 0x000001e045fbe230,
0x000001e045fbf570, 0x000001e0412ecfe0, 0x000001e0412e9af0, 0x000001e0412ed980,
0x000001e0412e9fc0, 0x000001e0412ec170, 0x000001e0412ede50, 0x000001e0412ea960,
0x000001e0412ea490, 0x000001e0412ee320, 0x000001e0412ee7f0, 0x000001e0412eae30,
0x000001e0412eecc0, 0x000001e0412ef190, 0x000001e0412ebca0, 0x000001e0412eb7d0,
0x000001e0412f0e70, 0x000001e0412f04d0, 0x000001e0412ef660, 0x000001e0412f1340,
0x000001e0412efb30, 0x000001e0412f0000, 0x000001e0412f09a0, 0x000001e045fbbbb0,
0x000001e045c944d0, 0x000001e045c95810, 0x000001e045c94e70, 0x000001e045c95340,
0x000001e045c95ce0, 0x000001e045c927f0, 0x000001e045c92cc0, 0x000001e045c93190,
0x000001e045c98830, 0x000001e045c96680, 0x000001e045c98d00, 0x000001e045c96b50,
0x000001e045c97020, 0x000001e045c991d0, 0x000001e045c974f0, 0x000001e045c97e90,
0x000001e045c979c0, 0x000001e045c98360, 0x000001e045c996a0, 0x000001e0412eb300,
0x000001e0412ecb10, 0x000001e0412ed4b0, 0x000001e045fbc080, 0x000001e04353a1a0,
0x000001e043539800, 0x000001e04353ab40, 0x000001e04353e500, 0x000001e04353eea0,
0x000001e0454c78b0, 0x000001e0454c5bd0, 0x000001e0454c6a40, 0x000001e0454c43c0,
0x000001e0454c4890, 0x000001e0454c6570, 0x000001e04e474ff0, 0x000001e04e476330,
0x000001e047dc6210, 0x000001e047dc53a0, 0x000001e047dc4530, 0x000001e047dc66e0,
0x000001e047dc4a00, 0x000001e047dc7550, 0x000001e047dc4060, 0x000001e047dc83c0,
0x000001e047cfab10
}

Java Threads: ( => current thread )
  0x000001dfddf28bf0 JavaThread "main" [_thread_blocked, id=26896, stack(0x00000028c6500000,0x00000028c6600000)]
  0x000001dff8f1ed90 JavaThread "Reference Handler" daemon [_thread_blocked, id=17096, stack(0x00000028c6c00000,0x00000028c6d00000)]
  0x000001dff8f22970 JavaThread "Finalizer" daemon [_thread_blocked, id=28608, stack(0x00000028c6d00000,0x00000028c6e00000)]
  0x000001dff8f38fe0 JavaThread "Signal Dispatcher" daemon [_thread_blocked, id=30816, stack(0x00000028c6e00000,0x00000028c6f00000)]
  0x000001dff8f3a410 JavaThread "Attach Listener" daemon [_thread_blocked, id=25680, stack(0x00000028c6f00000,0x00000028c7000000)]
  0x000001dff8f3acd0 JavaThread "Service Thread" daemon [_thread_blocked, id=16408, stack(0x00000028c7000000,0x00000028c7100000)]
  0x000001dff8f3e8e0 JavaThread "Monitor Deflation Thread" daemon [_thread_blocked, id=14548, stack(0x00000028c7100000,0x00000028c7200000)]
  0x000001dff8f3f4d0 JavaThread "C2 CompilerThread0" daemon [_thread_blocked, id=13872, stack(0x00000028c7200000,0x00000028c7300000)]
  0x000001dff8f4df40 JavaThread "C1 CompilerThread0" daemon [_thread_blocked, id=27748, stack(0x00000028c7300000,0x00000028c7400000)]
  0x000001dff8f52470 JavaThread "Sweeper thread" daemon [_thread_blocked, id=23700, stack(0x00000028c7400000,0x00000028c7500000)]
  0x000001dff8f09c60 JavaThread "Common-Cleaner" daemon [_thread_blocked, id=25456, stack(0x00000028c7500000,0x00000028c7600000)]
  0x000001dffbaab790 JavaThread "Notification Thread" daemon [_thread_blocked, id=5352, stack(0x00000028c7600000,0x00000028c7700000)]
  0x000001e0427cdbd0 JavaThread "Daemon health stats" [_thread_blocked, id=22640, stack(0x00000028c7a00000,0x00000028c7b00000)]
  0x000001e042431230 JavaThread "Incoming local TCP Connector on port 54244" [_thread_in_native, id=16744, stack(0x00000028c7d00000,0x00000028c7e00000)]
  0x000001e041da2a80 JavaThread "Daemon periodic checks" [_thread_blocked, id=15088, stack(0x00000028c7e00000,0x00000028c7f00000)]
  0x000001e042464400 JavaThread "Daemon" [_thread_blocked, id=9276, stack(0x00000028c7f00000,0x00000028c8000000)]
  0x000001e041c390a0 JavaThread "Handler for socket connection from /127.0.0.1:54244 to /127.0.0.1:54245" [_thread_in_native, id=30492, stack(0x00000028c8000000,0x00000028c8100000)]
  0x000001e041552cb0 JavaThread "Cancel handler" [_thread_blocked, id=9328, stack(0x00000028c8100000,0x00000028c8200000)]
  0x000001e041555310 JavaThread "Daemon worker" [_thread_blocked, id=16488, stack(0x00000028c8200000,0x00000028c8300000)]
  0x000001dffb9f7240 JavaThread "Asynchronous log dispatcher for DefaultDaemonConnection: socket connection from /127.0.0.1:54244 to /127.0.0.1:54245" [_thread_blocked, id=20076, stack(0x00000028c8300000,0x00000028c8400000)]
  0x000001dffb9f6d70 JavaThread "Stdin handler" [_thread_blocked, id=31692, stack(0x00000028c8400000,0x00000028c8500000)]
  0x000001dffb9f80b0 JavaThread "Daemon client event forwarder" [_thread_blocked, id=10852, stack(0x00000028c8500000,0x00000028c8600000)]
  0x000001dffb9f98c0 JavaThread "Cache worker for journal cache (C:\Users\VAMSI\.gradle\caches\journal-1)" [_thread_blocked, id=23480, stack(0x00000028c8900000,0x00000028c8a00000)]
  0x000001dffb9f8f20 JavaThread "File lock request listener" [_thread_in_native, id=3884, stack(0x00000028c8a00000,0x00000028c8b00000)]
  0x000001dffb9fa260 JavaThread "Cache worker for file hash cache (C:\Users\VAMSI\.gradle\caches\9.1.0\fileHashes)" [_thread_blocked, id=8808, stack(0x00000028c8b00000,0x00000028c8c00000)]
  0x000001dffb9f8580 JavaThread "Cache worker for file hash cache (E:\BHARATH_intership\Healthcare management system\frontend\android\.gradle\9.1.0\fileHashes)" [_thread_blocked, id=13532, stack(0x00000028c8e00000,0x00000028c8f00000)]
  0x000001dffb9f93f0 JavaThread "Cache worker for Build Output Cleanup Cache (E:\BHARATH_intership\Healthcare management system\frontend\android\.gradle\buildOutputCleanup)" [_thread_blocked, id=19612, stack(0x00000028c8f00000,0x00000028c9000000)]
  0x000001dffb9f7be0 JavaThread "File watcher server" daemon [_thread_in_native, id=17100, stack(0x00000028c9000000,0x00000028c9100000)]
  0x000001dffb9f8a50 JavaThread "File watcher consumer" daemon [_thread_blocked, id=21300, stack(0x00000028c9100000,0x00000028c9200000)]
  0x000001dffb9f7710 JavaThread "jar transforms" [_thread_blocked, id=31328, stack(0x00000028c9200000,0x00000028c9300000)]
  0x000001dffb9f9d90 JavaThread "jar transforms Thread 2" [_thread_blocked, id=27396, stack(0x00000028c9300000,0x00000028c9400000)]
  0x000001e044085840 JavaThread "jar transforms Thread 3" [_thread_blocked, id=21672, stack(0x00000028c9400000,0x00000028c9500000)]
  0x000001e044087050 JavaThread "Cache worker for checksums cache (E:\BHARATH_intership\Healthcare management system\frontend\android\.gradle\9.1.0\checksums)" [_thread_blocked, id=12344, stack(0x00000028c9500000,0x00000028c9600000)]
  0x000001e044085d10 JavaThread "Cache worker for file content cache (C:\Users\VAMSI\.gradle\caches\9.1.0\fileContent)" [_thread_blocked, id=22056, stack(0x00000028c9600000,0x00000028c9700000)]
  0x000001e044087ec0 JavaThread "Cache worker for cache directory md-supplier (C:\Users\VAMSI\.gradle\caches\9.1.0\md-supplier)" [_thread_blocked, id=11316, stack(0x00000028c9700000,0x00000028c9800000)]
  0x000001e0440861e0 JavaThread "Cache worker for cache directory md-rule (C:\Users\VAMSI\.gradle\caches\9.1.0\md-rule)" [_thread_blocked, id=19152, stack(0x00000028c9800000,0x00000028c9900000)]
  0x000001e0440866b0 JavaThread "jar transforms Thread 4" [_thread_blocked, id=8084, stack(0x00000028c9900000,0x00000028c9a00000)]
  0x000001e044086b80 JavaThread "jar transforms Thread 5" [_thread_blocked, id=30216, stack(0x00000028c9a00000,0x00000028c9b00000)]
  0x000001e0440879f0 JavaThread "jar transforms Thread 6" [_thread_blocked, id=5216, stack(0x00000028c9b00000,0x00000028c9c00000)]
  0x000001e044088390 JavaThread "jar transforms Thread 7" [_thread_blocked, id=31372, stack(0x00000028c9c00000,0x00000028c9d00000)]
  0x000001e0440849d0 JavaThread "jar transforms Thread 8" [_thread_blocked, id=21972, stack(0x00000028c9d00000,0x00000028c9e00000)]
  0x000001e044084ea0 JavaThread "Cache worker for Build Output Cleanup Cache (C:\src\flutter\packages\flutter_tools\gradle\.gradle\buildOutputCleanup)" [_thread_blocked, id=26356, stack(0x00000028c9e00000,0x00000028c9f00000)]
  0x000001e044085370 JavaThread "Unconstrained build operations" [_thread_blocked, id=14784, stack(0x00000028ca100000,0x00000028ca200000)]
  0x000001e044089200 JavaThread "Unconstrained build operations Thread 2" [_thread_blocked, id=24964, stack(0x00000028ca200000,0x00000028ca300000)]
  0x000001e04408c220 JavaThread "Unconstrained build operations Thread 3" [_thread_blocked, id=14180, stack(0x00000028ca300000,0x00000028ca400000)]
  0x000001e04408aa10 JavaThread "Unconstrained build operations Thread 4" [_thread_blocked, id=9772, stack(0x00000028ca400000,0x00000028ca500000)]
  0x000001e04408aee0 JavaThread "Unconstrained build operations Thread 5" [_thread_blocked, id=20672, stack(0x00000028ca500000,0x00000028ca600000)]
  0x000001e04408b3b0 JavaThread "Unconstrained build operations Thread 6" [_thread_blocked, id=8432, stack(0x00000028ca600000,0x00000028ca700000)]
  0x000001e04408b880 JavaThread "Unconstrained build operations Thread 7" [_thread_blocked, id=23540, stack(0x00000028ca700000,0x00000028ca800000)]
  0x000001e044089ba0 JavaThread "Unconstrained build operations Thread 8" [_thread_blocked, id=17092, stack(0x00000028ca800000,0x00000028ca900000)]
  0x000001e04408bd50 JavaThread "Unconstrained build operations Thread 9" [_thread_blocked, id=16160, stack(0x00000028ca900000,0x00000028caa00000)]
  0x000001e0440896d0 JavaThread "Unconstrained build operations Thread 10" [_thread_blocked, id=29492, stack(0x00000028caa00000,0x00000028cab00000)]
  0x000001e04408a070 JavaThread "Unconstrained build operations Thread 11" [_thread_blocked, id=2124, stack(0x00000028cab00000,0x00000028cac00000)]
  0x000001e04408a540 JavaThread "Unconstrained build operations Thread 12" [_thread_blocked, id=15612, stack(0x00000028cac00000,0x00000028cad00000)]
  0x000001e045fb9530 JavaThread "Unconstrained build operations Thread 13" [_thread_blocked, id=27216, stack(0x00000028cad00000,0x00000028cae00000)]
  0x000001e045fb9a00 JavaThread "Unconstrained build operations Thread 14" [_thread_blocked, id=1604, stack(0x00000028cae00000,0x00000028caf00000)]
  0x000001e045fbad40 JavaThread "Unconstrained build operations Thread 15" [_thread_blocked, id=27688, stack(0x00000028caf00000,0x00000028cb000000)]
  0x000001e045fb9ed0 JavaThread "Unconstrained build operations Thread 16" [_thread_blocked, id=25336, stack(0x00000028cb000000,0x00000028cb100000)]
  0x000001e045fba3a0 JavaThread "Unconstrained build operations Thread 17" [_thread_blocked, id=24148, stack(0x00000028cb100000,0x00000028cb200000)]
  0x000001e045fba870 JavaThread "Unconstrained build operations Thread 18" [_thread_blocked, id=13812, stack(0x00000028cb200000,0x00000028cb300000)]
  0x000001e045fbb210 JavaThread "Unconstrained build operations Thread 19" [_thread_blocked, id=1848, stack(0x00000028cb300000,0x00000028cb400000)]
  0x000001e045fbc550 JavaThread "Unconstrained build operations Thread 20" [_thread_blocked, id=25144, stack(0x00000028cb400000,0x00000028cb500000)]
  0x000001e045fbb6e0 JavaThread "Unconstrained build operations Thread 21" [_thread_blocked, id=13816, stack(0x00000028cb500000,0x00000028cb600000)]
  0x000001e045fbca20 JavaThread "Memory manager" [_thread_blocked, id=23032, stack(0x00000028cb700000,0x00000028cb800000)]
  0x000001e045fc03e0 JavaThread "build event listener" [_thread_blocked, id=18876, stack(0x00000028c9f00000,0x00000028ca000000)]
  0x000001e045fbdd60 JavaThread "Execution worker" [_thread_blocked, id=27872, stack(0x00000028cba00000,0x00000028cbb00000)]
  0x000001e045fbd3c0 JavaThread "Execution worker Thread 2" [_thread_blocked, id=18756, stack(0x00000028cbb00000,0x00000028cbc00000)]
  0x000001e045fbd890 JavaThread "Execution worker Thread 3" [_thread_blocked, id=29880, stack(0x00000028cbc00000,0x00000028cbd00000)]
  0x000001e045fbf0a0 JavaThread "Execution worker Thread 4" [_thread_blocked, id=23836, stack(0x00000028cbd00000,0x00000028cbe00000)]
  0x000001e045fbe700 JavaThread "Execution worker Thread 5" [_thread_blocked, id=26824, stack(0x00000028cbe00000,0x00000028cbf00000)]
  0x000001e045fbebd0 JavaThread "Execution worker Thread 6" [_thread_blocked, id=13568, stack(0x00000028cbf00000,0x00000028cc000000)]
  0x000001e045fbe230 JavaThread "Execution worker Thread 7" [_thread_blocked, id=7276, stack(0x00000028cc000000,0x00000028cc100000)]
  0x000001e045fbf570 JavaThread "Cache worker for execution history cache (C:\src\flutter\packages\flutter_tools\gradle\.gradle\9.1.0\executionHistory)" [_thread_blocked, id=6392, stack(0x00000028cc100000,0x00000028cc200000)]
  0x000001e0412ecfe0 JavaThread "Unconstrained build operations Thread 22" [_thread_blocked, id=2624, stack(0x00000028cc500000,0x00000028cc600000)]
  0x000001e0412e9af0 JavaThread "Unconstrained build operations Thread 23" [_thread_blocked, id=28820, stack(0x00000028cc600000,0x00000028cc700000)]
  0x000001e0412ed980 JavaThread "Unconstrained build operations Thread 24" [_thread_blocked, id=3492, stack(0x00000028cc700000,0x00000028cc800000)]
  0x000001e0412e9fc0 JavaThread "Unconstrained build operations Thread 25" [_thread_blocked, id=18320, stack(0x00000028cc800000,0x00000028cc900000)]
  0x000001e0412ec170 JavaThread "Unconstrained build operations Thread 26" [_thread_blocked, id=31648, stack(0x00000028cc900000,0x00000028cca00000)]
  0x000001e0412ede50 JavaThread "Unconstrained build operations Thread 27" [_thread_blocked, id=19952, stack(0x00000028cca00000,0x00000028ccb00000)]
  0x000001e0412ea960 JavaThread "Unconstrained build operations Thread 28" [_thread_blocked, id=25804, stack(0x00000028ccb00000,0x00000028ccc00000)]
  0x000001e0412ea490 JavaThread "Unconstrained build operations Thread 29" [_thread_blocked, id=24744, stack(0x00000028ccc00000,0x00000028ccd00000)]
  0x000001e0412ee320 JavaThread "Unconstrained build operations Thread 30" [_thread_blocked, id=10440, stack(0x00000028ccd00000,0x00000028cce00000)]
  0x000001e0412ee7f0 JavaThread "Unconstrained build operations Thread 31" [_thread_blocked, id=25660, stack(0x00000028cce00000,0x00000028ccf00000)]
  0x000001e0412eae30 JavaThread "Unconstrained build operations Thread 32" [_thread_blocked, id=19956, stack(0x00000028ccf00000,0x00000028cd000000)]
  0x000001e0412eecc0 JavaThread "Unconstrained build operations Thread 33" [_thread_blocked, id=7672, stack(0x00000028cd000000,0x00000028cd100000)]
  0x000001e0412ef190 JavaThread "Unconstrained build operations Thread 34" [_thread_blocked, id=21028, stack(0x00000028cd100000,0x00000028cd200000)]
  0x000001e0412ebca0 JavaThread "Unconstrained build operations Thread 35" [_thread_blocked, id=24204, stack(0x00000028cd200000,0x00000028cd300000)]
  0x000001e0412eb7d0 JavaThread "Unconstrained build operations Thread 36" [_thread_blocked, id=4572, stack(0x00000028cd300000,0x00000028cd400000)]
  0x000001e0412f0e70 JavaThread "Unconstrained build operations Thread 37" [_thread_blocked, id=25624, stack(0x00000028cd400000,0x00000028cd500000)]
  0x000001e0412f04d0 JavaThread "Unconstrained build operations Thread 38" [_thread_blocked, id=26560, stack(0x00000028cd500000,0x00000028cd600000)]
  0x000001e0412ef660 JavaThread "Unconstrained build operations Thread 39" [_thread_blocked, id=1244, stack(0x00000028cd600000,0x00000028cd700000)]
  0x000001e0412f1340 JavaThread "Unconstrained build operations Thread 40" [_thread_blocked, id=2220, stack(0x00000028cd700000,0x00000028cd800000)]
  0x000001e0412efb30 JavaThread "Unconstrained build operations Thread 41" [_thread_blocked, id=10600, stack(0x00000028cd800000,0x00000028cd900000)]
  0x000001e0412f0000 JavaThread "Unconstrained build operations Thread 42" [_thread_blocked, id=9600, stack(0x00000028cd900000,0x00000028cda00000)]
  0x000001e0412f09a0 JavaThread "Unconstrained build operations Thread 43" [_thread_blocked, id=28948, stack(0x00000028cdb00000,0x00000028cdc00000)]
  0x000001e045fbbbb0 JavaThread "Unconstrained build operations Thread 44" [_thread_blocked, id=29860, stack(0x00000028cdc00000,0x00000028cdd00000)]
  0x000001e045c944d0 JavaThread "WorkerExecutor Queue" [_thread_blocked, id=28832, stack(0x00000028cdd00000,0x00000028cde00000)]
  0x000001e045c95810 JavaThread "RMI Scheduler(0)" daemon [_thread_blocked, id=5716, stack(0x00000028cda00000,0x00000028cdb00000)]
  0x000001e045c94e70 JavaThread "RMI GC Daemon" daemon [_thread_blocked, id=26856, stack(0x00000028cdf00000,0x00000028ce000000)]
  0x000001e045c95340 JavaThread "RMI TCP Accept-0" daemon [_thread_in_native, id=10376, stack(0x00000028ce000000,0x00000028ce100000)]
  0x000001e045c95ce0 JavaThread "RMI Reaper" [_thread_blocked, id=22984, stack(0x00000028ce100000,0x00000028ce200000)]
  0x000001e045c927f0 JavaThread "Unconstrained build operations Thread 45" [_thread_blocked, id=19712, stack(0x00000028c6300000,0x00000028c6400000)]
  0x000001e045c92cc0 JavaThread "Unconstrained build operations Thread 46" [_thread_blocked, id=30268, stack(0x00000028c6400000,0x00000028c6500000)]
  0x000001e045c93190 JavaThread "Unconstrained build operations Thread 47" [_thread_blocked, id=21608, stack(0x00000028cb600000,0x00000028cb700000)]
  0x000001e045c98830 JavaThread "Unconstrained build operations Thread 48" [_thread_blocked, id=13804, stack(0x00000028cc200000,0x00000028cc300000)]
  0x000001e045c96680 JavaThread "Unconstrained build operations Thread 49" [_thread_blocked, id=22852, stack(0x00000028cc300000,0x00000028cc400000)]
  0x000001e045c98d00 JavaThread "Unconstrained build operations Thread 50" [_thread_blocked, id=7544, stack(0x00000028cc400000,0x00000028cc500000)]
  0x000001e045c96b50 JavaThread "Unconstrained build operations Thread 51" [_thread_blocked, id=3296, stack(0x00000028ce200000,0x00000028ce300000)]
  0x000001e045c97020 JavaThread "Unconstrained build operations Thread 52" [_thread_blocked, id=27036, stack(0x00000028c6200000,0x00000028c6300000)]
  0x000001e045c991d0 JavaThread "Unconstrained build operations Thread 53" [_thread_blocked, id=21268, stack(0x00000028ce300000,0x00000028ce400000)]
  0x000001e045c974f0 JavaThread "Unconstrained build operations Thread 54" [_thread_blocked, id=27160, stack(0x00000028ce400000,0x00000028ce500000)]
  0x000001e045c97e90 JavaThread "Unconstrained build operations Thread 55" [_thread_blocked, id=6008, stack(0x00000028ce500000,0x00000028ce600000)]
  0x000001e045c979c0 JavaThread "Unconstrained build operations Thread 56" [_thread_blocked, id=27824, stack(0x00000028ce600000,0x00000028ce700000)]
  0x000001e045c98360 JavaThread "Unconstrained build operations Thread 57" [_thread_blocked, id=12396, stack(0x00000028ce700000,0x00000028ce800000)]
  0x000001e045c996a0 JavaThread "Unconstrained build operations Thread 58" [_thread_blocked, id=8064, stack(0x00000028ce800000,0x00000028ce900000)]
  0x000001e0412eb300 JavaThread "Unconstrained build operations Thread 59" [_thread_blocked, id=4148, stack(0x00000028ceb00000,0x00000028cec00000)]
  0x000001e0412ecb10 JavaThread "Unconstrained build operations Thread 60" [_thread_blocked, id=11348, stack(0x00000028cec00000,0x00000028ced00000)]
  0x000001e0412ed4b0 JavaThread "Unconstrained build operations Thread 61" [_thread_blocked, id=24608, stack(0x00000028ced00000,0x00000028cee00000)]
  0x000001e045fbc080 JavaThread "Unconstrained build operations Thread 62" [_thread_blocked, id=9648, stack(0x00000028cee00000,0x00000028cef00000)]
  0x000001e04353a1a0 JavaThread "Unconstrained build operations Thread 63" [_thread_blocked, id=5248, stack(0x00000028cef00000,0x00000028cf000000)]
  0x000001e043539800 JavaThread "Unconstrained build operations Thread 64" [_thread_blocked, id=24812, stack(0x00000028cf000000,0x00000028cf100000)]
  0x000001e04353ab40 JavaThread "Unconstrained build operations Thread 65" [_thread_blocked, id=6812, stack(0x00000028cf100000,0x00000028cf200000)]
  0x000001e04353e500 JavaThread "build event listener" [_thread_blocked, id=2276, stack(0x00000028cf600000,0x00000028cf700000)]
  0x000001e04353eea0 JavaThread "build event listener" [_thread_blocked, id=23388, stack(0x00000028cf500000,0x00000028cf600000)]
  0x000001e0454c78b0 JavaThread "Problems report writer" [_thread_blocked, id=13856, stack(0x00000028cf700000,0x00000028cf800000)]
  0x000001e0454c5bd0 JavaThread "Unconstrained build operations Thread 66" [_thread_blocked, id=25472, stack(0x00000028d0100000,0x00000028d0200000)]
  0x000001e0454c6a40 JavaThread "Unconstrained build operations Thread 67" [_thread_blocked, id=23856, stack(0x00000028d0200000,0x00000028d0300000)]
  0x000001e0454c43c0 JavaThread "Unconstrained build operations Thread 68" [_thread_blocked, id=27052, stack(0x00000028d0000000,0x00000028d0100000)]
  0x000001e0454c4890 JavaThread "Unconstrained build operations Thread 69" [_thread_blocked, id=25520, stack(0x00000028d0300000,0x00000028d0400000)]
  0x000001e0454c6570 JavaThread "Unconstrained build operations Thread 70" [_thread_blocked, id=23240, stack(0x00000028d0400000,0x00000028d0500000)]
  0x000001e04e474ff0 JavaThread "Unconstrained build operations Thread 71" [_thread_blocked, id=5572, stack(0x00000028d0500000,0x00000028d0600000)]
  0x000001e04e476330 JavaThread "Unconstrained build operations Thread 72" [_thread_blocked, id=12932, stack(0x00000028d0600000,0x00000028d0700000)]
  0x000001e047dc6210 JavaThread "Unconstrained build operations Thread 73" [_thread_blocked, id=11568, stack(0x00000028d0700000,0x00000028d0800000)]
  0x000001e047dc53a0 JavaThread "Unconstrained build operations Thread 74" [_thread_blocked, id=24476, stack(0x00000028d0800000,0x00000028d0900000)]
  0x000001e047dc4530 JavaThread "Unconstrained build operations Thread 75" [_thread_blocked, id=27740, stack(0x00000028cff00000,0x00000028d0000000)]
  0x000001e047dc66e0 JavaThread "Unconstrained build operations Thread 76" [_thread_blocked, id=21996, stack(0x00000028d0900000,0x00000028d0a00000)]
  0x000001e047dc4a00 JavaThread "Unconstrained build operations Thread 77" [_thread_blocked, id=21136, stack(0x00000028d0a00000,0x00000028d0b00000)]
  0x000001e047dc7550 JavaThread "Unconstrained build operations Thread 78" [_thread_blocked, id=29048, stack(0x00000028d0b00000,0x00000028d0c00000)]
  0x000001e047dc4060 JavaThread "Unconstrained build operations Thread 79" [_thread_blocked, id=25360, stack(0x00000028d0c00000,0x00000028d0d00000)]
  0x000001e047dc83c0 JavaThread "Unconstrained build operations Thread 80" [_thread_blocked, id=31548, stack(0x00000028d0d00000,0x00000028d0e00000)]
  0x000001e047cfab10 JavaThread "C2 CompilerThread1" daemon [_thread_blocked, id=28188, stack(0x00000028c8c00000,0x00000028c8d00000)]

Other Threads:
=>0x000001dff8f1a130 VMThread "VM Thread" [stack: 0x00000028c6b00000,0x00000028c6c00000] [id=27116]
  0x000001dffbaabc60 WatcherThread [stack: 0x00000028c7700000,0x00000028c7800000] [id=22692]
  0x000001dfddfd43f0 GCTaskThread "GC Thread#0" [stack: 0x00000028c6600000,0x00000028c6700000] [id=21772]
  0x000001dffbbb13a0 GCTaskThread "GC Thread#1" [stack: 0x00000028c7800000,0x00000028c7900000] [id=14912]
  0x000001e0410366c0 GCTaskThread "GC Thread#2" [stack: 0x00000028c7900000,0x00000028c7a00000] [id=20536]
  0x000001e042155070 GCTaskThread "GC Thread#3" [stack: 0x00000028c7b00000,0x00000028c7c00000] [id=8540]
  0x000001e041cf0430 GCTaskThread "GC Thread#4" [stack: 0x00000028c7c00000,0x00000028c7d00000] [id=28984]
  0x000001e041266000 GCTaskThread "GC Thread#5" [stack: 0x00000028c8600000,0x00000028c8700000] [id=14964]
  0x000001e041ea3b80 GCTaskThread "GC Thread#6" [stack: 0x00000028c8700000,0x00000028c8800000] [id=17724]
  0x000001e042ebb6d0 GCTaskThread "GC Thread#7" [stack: 0x00000028c8800000,0x00000028c8900000] [id=29136]
  0x000001dfddfdd230 ConcurrentGCThread "G1 Main Marker" [stack: 0x00000028c6700000,0x00000028c6800000] [id=7136]
  0x000001dfddfde820 ConcurrentGCThread "G1 Conc#0" [stack: 0x00000028c6800000,0x00000028c6900000] [id=26344]
  0x000001e043c81d90 ConcurrentGCThread "G1 Conc#1" [stack: 0x00000028c8d00000,0x00000028c8e00000] [id=17200]
  0x000001dff8dcd7f0 ConcurrentGCThread "G1 Refine#0" [stack: 0x00000028c6900000,0x00000028c6a00000] [id=13416]
  0x000001e046929010 ConcurrentGCThread "G1 Refine#1" [stack: 0x00000028cf800000,0x00000028cf900000] [id=30036]
  0x000001e043e05070 ConcurrentGCThread "G1 Refine#2" [stack: 0x00000028cf900000,0x00000028cfa00000] [id=16932]
  0x000001e046e8d880 ConcurrentGCThread "G1 Refine#3" [stack: 0x00000028cfa00000,0x00000028cfb00000] [id=24384]
  0x000001e047245c40 ConcurrentGCThread "G1 Refine#4" [stack: 0x00000028cfb00000,0x00000028cfc00000] [id=17532]
  0x000001e046e89ae0 ConcurrentGCThread "G1 Refine#5" [stack: 0x00000028cfc00000,0x00000028cfd00000] [id=26536]
  0x000001e04784b200 ConcurrentGCThread "G1 Refine#6" [stack: 0x00000028cfd00000,0x00000028cfe00000] [id=3204]
  0x000001e047245f30 ConcurrentGCThread "G1 Refine#7" [stack: 0x00000028cfe00000,0x00000028cff00000] [id=30960]
  0x000001dff8dceb40 ConcurrentGCThread "G1 Service" [stack: 0x00000028c6a00000,0x00000028c6b00000] [id=30264]

Threads with active compile tasks:
C2 CompilerThread0  1547721 23758       4       org.objectweb.asm.ClassReader::readStackMapFrame (535 bytes)
C2 CompilerThread1  1547721 23322       4       org.gradle.internal.classpath.transforms.InstrumentingBackwardsCompatibilityVisitor$BackwardCompatibilityMethodVisitor::visitFieldInsn (24 bytes)

VM state: at safepoint (normal execution)

VM Mutex/Monitor currently owned by a thread:  ([mutex/lock_event])
[0x000001dfdbd4a0b0] Threads_lock - owner thread: 0x000001dff8f1a130
[0x000001dfddf25830] Heap_lock - owner thread: 0x000001e0412efb30

Heap address: 0x0000000600000000, size: 8192 MB, Compressed Oops mode: Zero based, Oop shift amount: 3

CDS archive(s) mapped at: [0x000001dffc000000-0x000001dffcbd0000-0x000001dffcbd0000), size 12386304, SharedBaseAddress: 0x000001dffc000000, ArchiveRelocationMode: 1.
Compressed class space mapped at: 0x000001dffd000000-0x000001e03d000000, reserved size: 1073741824
Narrow klass base: 0x000001dffc000000, Narrow klass shift: 0, Narrow klass range: 0x100000000

GC Precious Log:
 CPUs: 8 total, 8 available
 Memory: 7418M
 Large Page Support: Disabled
 NUMA Support: Disabled
 Compressed Oops: Enabled (Zero based)
 Heap Region Size: 4M
 Heap Min Capacity: 8M
 Heap Initial Capacity: 116M
 Heap Max Capacity: 8G
 Pre-touch: Disabled
 Parallel Workers: 8
 Concurrent Workers: 2
 Concurrent Refinement Workers: 8
 Periodic GC: Disabled

Heap:
 garbage-first heap   total 761856K, used 285844K [0x0000000600000000, 0x0000000800000000)
  region size 4096K, 4 young (16384K), 4 survivors (16384K)
 Metaspace       used 181805K, committed 183232K, reserved 1245184K
  class space    used 23909K, committed 24576K, reserved 1048576K

Heap Regions: E=young(eden), S=young(survivor), O=old, HS=humongous(starts), HC=humongous(continues), CS=collection set, F=free, OA=open archive, CA=closed archive, TAMS=top-at-mark-start (previous, next)
|   0|0x0000000600000000, 0x0000000600400000, 0x0000000600400000|100%|HS|  |TAMS 0x0000000600400000, 0x0000000600000000| Complete 
|   1|0x0000000600400000, 0x0000000600800000, 0x0000000600800000|100%| O|  |TAMS 0x0000000600800000, 0x0000000600400000| Untracked 
|   2|0x0000000600800000, 0x0000000600c00000, 0x0000000600c00000|100%| O|  |TAMS 0x0000000600c00000, 0x0000000600800000| Untracked 
|   3|0x0000000600c00000, 0x0000000601000000, 0x0000000601000000|100%| O|  |TAMS 0x0000000601000000, 0x0000000600c00000| Untracked 
|   4|0x0000000601000000, 0x0000000601400000, 0x0000000601400000|100%| O|  |TAMS 0x0000000601400000, 0x0000000601000000| Untracked 
|   5|0x0000000601400000, 0x0000000601800000, 0x0000000601800000|100%| O|  |TAMS 0x0000000601800000, 0x0000000601400000| Untracked 
|   6|0x0000000601800000, 0x0000000601c00000, 0x0000000601c00000|100%| O|  |TAMS 0x0000000601c00000, 0x0000000601800000| Untracked 
|   7|0x0000000601c00000, 0x0000000602000000, 0x0000000602000000|100%| O|  |TAMS 0x0000000602000000, 0x0000000601c00000| Untracked 
|   8|0x0000000602000000, 0x0000000602400000, 0x0000000602400000|100%| O|  |TAMS 0x0000000602400000, 0x0000000602000000| Untracked 
|   9|0x0000000602400000, 0x0000000602800000, 0x0000000602800000|100%| O|  |TAMS 0x0000000602800000, 0x0000000602400000| Untracked 
|  10|0x0000000602800000, 0x0000000602c00000, 0x0000000602c00000|100%| O|  |TAMS 0x0000000602c00000, 0x0000000602800000| Untracked 
|  11|0x0000000602c00000, 0x0000000603000000, 0x0000000603000000|100%| O|  |TAMS 0x0000000603000000, 0x0000000602c00000| Untracked 
|  12|0x0000000603000000, 0x0000000603400000, 0x0000000603400000|100%| O|  |TAMS 0x0000000603400000, 0x0000000603000000| Untracked 
|  13|0x0000000603400000, 0x0000000603800000, 0x0000000603800000|100%| O|  |TAMS 0x0000000603800000, 0x0000000603400000| Untracked 
|  14|0x0000000603800000, 0x0000000603c00000, 0x0000000603c00000|100%| O|  |TAMS 0x0000000603c00000, 0x0000000603800000| Untracked 
|  15|0x0000000603c00000, 0x0000000604000000, 0x0000000604000000|100%| O|  |TAMS 0x0000000604000000, 0x0000000603c00000| Untracked 
|  16|0x0000000604000000, 0x0000000604400000, 0x0000000604400000|100%| O|  |TAMS 0x0000000604400000, 0x0000000604000000| Untracked 
|  17|0x0000000604400000, 0x0000000604800000, 0x0000000604800000|100%| O|  |TAMS 0x0000000604800000, 0x0000000604400000| Untracked 
|  18|0x0000000604800000, 0x0000000604c00000, 0x0000000604c00000|100%| O|  |TAMS 0x0000000604c00000, 0x0000000604800000| Untracked 
|  19|0x0000000604c00000, 0x0000000605000000, 0x0000000605000000|100%| O|  |TAMS 0x0000000604c00000, 0x0000000604c00000| Untracked 
|  20|0x0000000605000000, 0x0000000605400000, 0x0000000605400000|100%| O|  |TAMS 0x0000000605400000, 0x0000000605000000| Untracked 
|  21|0x0000000605400000, 0x0000000605800000, 0x0000000605800000|100%| O|  |TAMS 0x0000000605800000, 0x0000000605400000| Untracked 
|  22|0x0000000605800000, 0x0000000605c00000, 0x0000000605c00000|100%| O|  |TAMS 0x0000000605c00000, 0x0000000605800000| Untracked 
|  23|0x0000000605c00000, 0x0000000606000000, 0x0000000606000000|100%| O|  |TAMS 0x0000000606000000, 0x0000000605c00000| Untracked 
|  24|0x0000000606000000, 0x0000000606400000, 0x0000000606400000|100%| O|  |TAMS 0x0000000606400000, 0x0000000606000000| Untracked 
|  25|0x0000000606400000, 0x0000000606800000, 0x0000000606800000|100%| O|  |TAMS 0x0000000606800000, 0x0000000606400000| Untracked 
|  26|0x0000000606800000, 0x0000000606c00000, 0x0000000606c00000|100%| O|  |TAMS 0x0000000606c00000, 0x0000000606800000| Untracked 
|  27|0x0000000606c00000, 0x0000000607000000, 0x0000000607000000|100%| O|  |TAMS 0x0000000607000000, 0x0000000606c00000| Untracked 
|  28|0x0000000607000000, 0x0000000607400000, 0x0000000607400000|100%| O|  |TAMS 0x0000000607400000, 0x0000000607000000| Untracked 
|  29|0x0000000607400000, 0x0000000607800000, 0x0000000607800000|100%| O|  |TAMS 0x0000000607800000, 0x0000000607400000| Untracked 
|  30|0x0000000607800000, 0x0000000607c00000, 0x0000000607c00000|100%| O|  |TAMS 0x0000000607c00000, 0x0000000607800000| Untracked 
|  31|0x0000000607c00000, 0x0000000608000000, 0x0000000608000000|100%| O|  |TAMS 0x0000000608000000, 0x0000000607c00000| Untracked 
|  32|0x0000000608000000, 0x0000000608400000, 0x0000000608400000|100%| O|  |TAMS 0x0000000608400000, 0x0000000608000000| Untracked 
|  33|0x0000000608400000, 0x0000000608800000, 0x0000000608800000|100%| O|  |TAMS 0x0000000608800000, 0x0000000608400000| Untracked 
|  34|0x0000000608800000, 0x0000000608c00000, 0x0000000608c00000|100%| O|  |TAMS 0x0000000608c00000, 0x0000000608800000| Untracked 
|  35|0x0000000608c00000, 0x0000000609000000, 0x0000000609000000|100%| O|  |TAMS 0x0000000609000000, 0x0000000608c00000| Untracked 
|  36|0x0000000609000000, 0x0000000609400000, 0x0000000609400000|100%| O|  |TAMS 0x0000000609400000, 0x0000000609000000| Untracked 
|  37|0x0000000609400000, 0x0000000609800000, 0x0000000609800000|100%| O|  |TAMS 0x0000000609800000, 0x0000000609400000| Untracked 
|  38|0x0000000609800000, 0x0000000609c00000, 0x0000000609c00000|100%| O|  |TAMS 0x0000000609c00000, 0x0000000609800000| Untracked 
|  39|0x0000000609c00000, 0x000000060a000000, 0x000000060a000000|100%| O|  |TAMS 0x0000000609c00000, 0x0000000609c00000| Untracked 
|  40|0x000000060a000000, 0x000000060a400000, 0x000000060a400000|100%| O|  |TAMS 0x000000060a400000, 0x000000060a000000| Untracked 
|  41|0x000000060a400000, 0x000000060a800000, 0x000000060a800000|100%| O|  |TAMS 0x000000060a800000, 0x000000060a400000| Untracked 
|  42|0x000000060a800000, 0x000000060ac00000, 0x000000060ac00000|100%| O|  |TAMS 0x000000060ac00000, 0x000000060a800000| Untracked 
|  43|0x000000060ac00000, 0x000000060b000000, 0x000000060b000000|100%| O|  |TAMS 0x000000060b000000, 0x000000060ac00000| Untracked 
|  44|0x000000060b000000, 0x000000060b400000, 0x000000060b400000|100%| O|  |TAMS 0x000000060b400000, 0x000000060b000000| Untracked 
|  45|0x000000060b400000, 0x000000060b800000, 0x000000060b800000|100%| O|  |TAMS 0x000000060b800000, 0x000000060b400000| Untracked 
|  46|0x000000060b800000, 0x000000060bc00000, 0x000000060bc00000|100%| O|  |TAMS 0x000000060bc00000, 0x000000060b800000| Untracked 
|  47|0x000000060bc00000, 0x000000060c000000, 0x000000060c000000|100%| O|  |TAMS 0x000000060c000000, 0x000000060bc00000| Untracked 
|  48|0x000000060c000000, 0x000000060c400000, 0x000000060c400000|100%| O|  |TAMS 0x000000060c400000, 0x000000060c000000| Untracked 
|  49|0x000000060c400000, 0x000000060c800000, 0x000000060c800000|100%| O|  |TAMS 0x000000060c800000, 0x000000060c400000| Untracked 
|  50|0x000000060c800000, 0x000000060cc00000, 0x000000060cc00000|100%| O|  |TAMS 0x000000060c990000, 0x000000060c800000| Untracked 
|  51|0x000000060cc00000, 0x000000060d000000, 0x000000060d000000|100%| O|  |TAMS 0x000000060cc00000, 0x000000060cc00000| Untracked 
|  52|0x000000060d000000, 0x000000060d400000, 0x000000060d400000|100%| O|  |TAMS 0x000000060d000000, 0x000000060d000000| Untracked 
|  53|0x000000060d400000, 0x000000060d800000, 0x000000060d800000|100%| O|  |TAMS 0x000000060d400000, 0x000000060d400000| Untracked 
|  54|0x000000060d800000, 0x000000060dc00000, 0x000000060dc00000|100%| O|  |TAMS 0x000000060d800000, 0x000000060d800000| Untracked 
|  55|0x000000060dc00000, 0x000000060e000000, 0x000000060e000000|100%| O|  |TAMS 0x000000060dc00000, 0x000000060dc00000| Untracked 
|  56|0x000000060e000000, 0x000000060e400000, 0x000000060e400000|100%| O|  |TAMS 0x000000060e000000, 0x000000060e000000| Untracked 
|  57|0x000000060e400000, 0x000000060e800000, 0x000000060e800000|100%| O|  |TAMS 0x000000060e400000, 0x000000060e400000| Untracked 
|  58|0x000000060e800000, 0x000000060ec00000, 0x000000060ec00000|100%| O|  |TAMS 0x000000060e800000, 0x000000060e800000| Untracked 
|  59|0x000000060ec00000, 0x000000060f000000, 0x000000060f000000|100%| O|  |TAMS 0x000000060ec00000, 0x000000060ec00000| Untracked 
|  60|0x000000060f000000, 0x000000060f400000, 0x000000060f400000|100%| O|  |TAMS 0x000000060f000000, 0x000000060f000000| Untracked 
|  61|0x000000060f400000, 0x000000060f800000, 0x000000060f800000|100%| O|  |TAMS 0x000000060f400000, 0x000000060f400000| Untracked 
|  62|0x000000060f800000, 0x000000060fc00000, 0x000000060fc00000|100%| O|  |TAMS 0x000000060f800000, 0x000000060f800000| Untracked 
|  63|0x000000060fc00000, 0x0000000610000000, 0x0000000610000000|100%| O|  |TAMS 0x000000060fc00000, 0x000000060fc00000| Untracked 
|  64|0x0000000610000000, 0x0000000610400000, 0x0000000610400000|100%| O|  |TAMS 0x0000000610000000, 0x0000000610000000| Untracked 
|  65|0x0000000610400000, 0x0000000610800000, 0x0000000610800000|100%| O|  |TAMS 0x0000000610400000, 0x0000000610400000| Untracked 
|  66|0x0000000610800000, 0x0000000610899a00, 0x0000000610c00000| 15%| O|  |TAMS 0x0000000610800000, 0x0000000610800000| Untracked 
|  67|0x0000000610c00000, 0x0000000610c00000, 0x0000000611000000|  0%| F|  |TAMS 0x0000000610c00000, 0x0000000610c00000| Untracked 
|  68|0x0000000611000000, 0x0000000611000000, 0x0000000611400000|  0%| F|  |TAMS 0x0000000611000000, 0x0000000611000000| Untracked 
|  69|0x0000000611400000, 0x0000000611400000, 0x0000000611800000|  0%| F|  |TAMS 0x0000000611400000, 0x0000000611400000| Untracked 
|  70|0x0000000611800000, 0x0000000611800000, 0x0000000611c00000|  0%| F|  |TAMS 0x0000000611800000, 0x0000000611800000| Untracked 
|  71|0x0000000611c00000, 0x0000000611c00000, 0x0000000612000000|  0%| F|  |TAMS 0x0000000611c00000, 0x0000000611c00000| Untracked 
|  72|0x0000000612000000, 0x0000000612000000, 0x0000000612400000|  0%| F|  |TAMS 0x0000000612000000, 0x0000000612000000| Untracked 
|  73|0x0000000612400000, 0x0000000612400000, 0x0000000612800000|  0%| F|  |TAMS 0x0000000612400000, 0x0000000612400000| Untracked 
|  74|0x0000000612800000, 0x0000000612800000, 0x0000000612c00000|  0%| F|  |TAMS 0x0000000612800000, 0x0000000612800000| Untracked 
|  75|0x0000000612c00000, 0x0000000612c00000, 0x0000000613000000|  0%| F|  |TAMS 0x0000000612c00000, 0x0000000612c00000| Untracked 
|  76|0x0000000613000000, 0x0000000613000000, 0x0000000613400000|  0%| F|  |TAMS 0x0000000613000000, 0x0000000613000000| Untracked 
|  77|0x0000000613400000, 0x0000000613400000, 0x0000000613800000|  0%| F|  |TAMS 0x0000000613400000, 0x0000000613400000| Untracked 
|  78|0x0000000613800000, 0x0000000613800000, 0x0000000613c00000|  0%| F|  |TAMS 0x0000000613800000, 0x0000000613800000| Untracked 
|  79|0x0000000613c00000, 0x0000000613c00000, 0x0000000614000000|  0%| F|  |TAMS 0x0000000613c00000, 0x0000000613c00000| Untracked 
|  80|0x0000000614000000, 0x0000000614000000, 0x0000000614400000|  0%| F|  |TAMS 0x0000000614000000, 0x0000000614000000| Untracked 
|  81|0x0000000614400000, 0x0000000614400000, 0x0000000614800000|  0%| F|  |TAMS 0x0000000614400000, 0x0000000614400000| Untracked 
|  82|0x0000000614800000, 0x0000000614800000, 0x0000000614c00000|  0%| F|  |TAMS 0x0000000614800000, 0x0000000614800000| Untracked 
|  83|0x0000000614c00000, 0x0000000614c00000, 0x0000000615000000|  0%| F|  |TAMS 0x0000000614c00000, 0x0000000614c00000| Untracked 
|  84|0x0000000615000000, 0x0000000615000000, 0x0000000615400000|  0%| F|  |TAMS 0x0000000615000000, 0x0000000615000000| Untracked 
|  85|0x0000000615400000, 0x0000000615400000, 0x0000000615800000|  0%| F|  |TAMS 0x0000000615400000, 0x0000000615400000| Untracked 
|  86|0x0000000615800000, 0x0000000615800000, 0x0000000615c00000|  0%| F|  |TAMS 0x0000000615800000, 0x0000000615800000| Untracked 
|  87|0x0000000615c00000, 0x0000000615c00000, 0x0000000616000000|  0%| F|  |TAMS 0x0000000615c00000, 0x0000000615c00000| Untracked 
|  88|0x0000000616000000, 0x0000000616000000, 0x0000000616400000|  0%| F|  |TAMS 0x0000000616000000, 0x0000000616000000| Untracked 
|  89|0x0000000616400000, 0x0000000616400000, 0x0000000616800000|  0%| F|  |TAMS 0x0000000616400000, 0x0000000616400000| Untracked 
|  90|0x0000000616800000, 0x0000000616800000, 0x0000000616c00000|  0%| F|  |TAMS 0x0000000616800000, 0x0000000616800000| Untracked 
|  91|0x0000000616c00000, 0x0000000616e8b820, 0x0000000617000000| 63%| S|CS|TAMS 0x0000000616c00000, 0x0000000616c00000| Complete 
|  92|0x0000000617000000, 0x0000000617400000, 0x0000000617400000|100%| S|CS|TAMS 0x0000000617000000, 0x0000000617000000| Complete 
|  93|0x0000000617400000, 0x0000000617400000, 0x0000000617800000|  0%| F|  |TAMS 0x0000000617400000, 0x0000000617400000| Untracked 
|  94|0x0000000617800000, 0x0000000617800000, 0x0000000617c00000|  0%| F|  |TAMS 0x0000000617800000, 0x0000000617800000| Untracked 
|  95|0x0000000617c00000, 0x0000000617c00000, 0x0000000618000000|  0%| F|  |TAMS 0x0000000617c00000, 0x0000000617c00000| Untracked 
|  96|0x0000000618000000, 0x0000000618000000, 0x0000000618400000|  0%| F|  |TAMS 0x0000000618000000, 0x0000000618000000| Untracked 
|  97|0x0000000618400000, 0x0000000618800000, 0x0000000618800000|100%| S|CS|TAMS 0x0000000618400000, 0x0000000618400000| Complete 
|  98|0x0000000618800000, 0x0000000618c00000, 0x0000000618c00000|100%| S|CS|TAMS 0x0000000618800000, 0x0000000618800000| Complete 
|  99|0x0000000618c00000, 0x0000000618c00000, 0x0000000619000000|  0%| F|  |TAMS 0x0000000618c00000, 0x0000000618c00000| Untracked 
| 100|0x0000000619000000, 0x0000000619000000, 0x0000000619400000|  0%| F|  |TAMS 0x0000000619000000, 0x0000000619000000| Untracked 
| 101|0x0000000619400000, 0x0000000619400000, 0x0000000619800000|  0%| F|  |TAMS 0x0000000619400000, 0x0000000619400000| Untracked 
| 102|0x0000000619800000, 0x0000000619800000, 0x0000000619c00000|  0%| F|  |TAMS 0x0000000619800000, 0x0000000619800000| Untracked 
| 103|0x0000000619c00000, 0x0000000619c00000, 0x000000061a000000|  0%| F|  |TAMS 0x0000000619c00000, 0x0000000619c00000| Untracked 
| 104|0x000000061a000000, 0x000000061a000000, 0x000000061a400000|  0%| F|  |TAMS 0x000000061a000000, 0x000000061a000000| Untracked 
| 105|0x000000061a400000, 0x000000061a400000, 0x000000061a800000|  0%| F|  |TAMS 0x000000061a400000, 0x000000061a400000| Untracked 
| 106|0x000000061a800000, 0x000000061a800000, 0x000000061ac00000|  0%| F|  |TAMS 0x000000061a800000, 0x000000061a800000| Untracked 
| 107|0x000000061ac00000, 0x000000061ac00000, 0x000000061b000000|  0%| F|  |TAMS 0x000000061ac00000, 0x000000061ac00000| Untracked 
| 108|0x000000061b000000, 0x000000061b000000, 0x000000061b400000|  0%| F|  |TAMS 0x000000061b000000, 0x000000061b000000| Untracked 
| 109|0x000000061b400000, 0x000000061b400000, 0x000000061b800000|  0%| F|  |TAMS 0x000000061b400000, 0x000000061b400000| Untracked 
| 110|0x000000061b800000, 0x000000061b800000, 0x000000061bc00000|  0%| F|  |TAMS 0x000000061b800000, 0x000000061b800000| Untracked 
| 111|0x000000061bc00000, 0x000000061bc00000, 0x000000061c000000|  0%| F|  |TAMS 0x000000061bc00000, 0x000000061bc00000| Untracked 
| 112|0x000000061c000000, 0x000000061c000000, 0x000000061c400000|  0%| F|  |TAMS 0x000000061c000000, 0x000000061c000000| Untracked 
| 113|0x000000061c400000, 0x000000061c400000, 0x000000061c800000|  0%| F|  |TAMS 0x000000061c400000, 0x000000061c400000| Untracked 
| 114|0x000000061c800000, 0x000000061c800000, 0x000000061cc00000|  0%| F|  |TAMS 0x000000061c800000, 0x000000061c800000| Untracked 
| 115|0x000000061cc00000, 0x000000061cc00000, 0x000000061d000000|  0%| F|  |TAMS 0x000000061cc00000, 0x000000061cc00000| Untracked 
| 116|0x000000061d000000, 0x000000061d000000, 0x000000061d400000|  0%| F|  |TAMS 0x000000061d000000, 0x000000061d000000| Untracked 
| 117|0x000000061d400000, 0x000000061d400000, 0x000000061d800000|  0%| F|  |TAMS 0x000000061d400000, 0x000000061d400000| Untracked 
| 118|0x000000061d800000, 0x000000061d800000, 0x000000061dc00000|  0%| F|  |TAMS 0x000000061d800000, 0x000000061d800000| Untracked 
| 119|0x000000061dc00000, 0x000000061dc00000, 0x000000061e000000|  0%| F|  |TAMS 0x000000061dc00000, 0x000000061dc00000| Untracked 
| 120|0x000000061e000000, 0x000000061e000000, 0x000000061e400000|  0%| F|  |TAMS 0x000000061e000000, 0x000000061e000000| Untracked 
| 121|0x000000061e400000, 0x000000061e400000, 0x000000061e800000|  0%| F|  |TAMS 0x000000061e400000, 0x000000061e400000| Untracked 
| 122|0x000000061e800000, 0x000000061e800000, 0x000000061ec00000|  0%| F|  |TAMS 0x000000061e800000, 0x000000061e800000| Untracked 
| 123|0x000000061ec00000, 0x000000061ec00000, 0x000000061f000000|  0%| F|  |TAMS 0x000000061ec00000, 0x000000061ec00000| Untracked 
| 124|0x000000061f000000, 0x000000061f000000, 0x000000061f400000|  0%| F|  |TAMS 0x000000061f000000, 0x000000061f000000| Untracked 
| 125|0x000000061f400000, 0x000000061f400000, 0x000000061f800000|  0%| F|  |TAMS 0x000000061f400000, 0x000000061f400000| Untracked 
| 126|0x000000061f800000, 0x000000061f800000, 0x000000061fc00000|  0%| F|  |TAMS 0x000000061f800000, 0x000000061f800000| Untracked 
| 127|0x000000061fc00000, 0x000000061fc00000, 0x0000000620000000|  0%| F|  |TAMS 0x000000061fc00000, 0x000000061fc00000| Untracked 
| 128|0x0000000620000000, 0x0000000620000000, 0x0000000620400000|  0%| F|  |TAMS 0x0000000620000000, 0x0000000620000000| Untracked 
| 129|0x0000000620400000, 0x0000000620400000, 0x0000000620800000|  0%| F|  |TAMS 0x0000000620400000, 0x0000000620400000| Untracked 
| 130|0x0000000620800000, 0x0000000620800000, 0x0000000620c00000|  0%| F|  |TAMS 0x0000000620800000, 0x0000000620800000| Untracked 
| 131|0x0000000620c00000, 0x0000000620c00000, 0x0000000621000000|  0%| F|  |TAMS 0x0000000620c00000, 0x0000000620c00000| Untracked 
| 132|0x0000000621000000, 0x0000000621000000, 0x0000000621400000|  0%| F|  |TAMS 0x0000000621000000, 0x0000000621000000| Untracked 
| 133|0x0000000621400000, 0x0000000621400000, 0x0000000621800000|  0%| F|  |TAMS 0x0000000621400000, 0x0000000621400000| Untracked 
| 134|0x0000000621800000, 0x0000000621800000, 0x0000000621c00000|  0%| F|  |TAMS 0x0000000621800000, 0x0000000621800000| Untracked 
| 135|0x0000000621c00000, 0x0000000621c00000, 0x0000000622000000|  0%| F|  |TAMS 0x0000000621c00000, 0x0000000621c00000| Untracked 
| 136|0x0000000622000000, 0x0000000622000000, 0x0000000622400000|  0%| F|  |TAMS 0x0000000622000000, 0x0000000622000000| Untracked 
| 137|0x0000000622400000, 0x0000000622400000, 0x0000000622800000|  0%| F|  |TAMS 0x0000000622400000, 0x0000000622400000| Untracked 
| 138|0x0000000622800000, 0x0000000622800000, 0x0000000622c00000|  0%| F|  |TAMS 0x0000000622800000, 0x0000000622800000| Untracked 
| 139|0x0000000622c00000, 0x0000000622c00000, 0x0000000623000000|  0%| F|  |TAMS 0x0000000622c00000, 0x0000000622c00000| Untracked 
| 140|0x0000000623000000, 0x0000000623000000, 0x0000000623400000|  0%| F|  |TAMS 0x0000000623000000, 0x0000000623000000| Untracked 
| 141|0x0000000623400000, 0x0000000623400000, 0x0000000623800000|  0%| F|  |TAMS 0x0000000623400000, 0x0000000623400000| Untracked 
| 142|0x0000000623800000, 0x0000000623800000, 0x0000000623c00000|  0%| F|  |TAMS 0x0000000623800000, 0x0000000623800000| Untracked 
| 143|0x0000000623c00000, 0x0000000623c00000, 0x0000000624000000|  0%| F|  |TAMS 0x0000000623c00000, 0x0000000623c00000| Untracked 
| 144|0x0000000624000000, 0x0000000624000000, 0x0000000624400000|  0%| F|  |TAMS 0x0000000624000000, 0x0000000624000000| Untracked 
| 145|0x0000000624400000, 0x0000000624400000, 0x0000000624800000|  0%| F|  |TAMS 0x0000000624400000, 0x0000000624400000| Untracked 
| 146|0x0000000624800000, 0x0000000624800000, 0x0000000624c00000|  0%| F|  |TAMS 0x0000000624800000, 0x0000000624800000| Untracked 
| 147|0x0000000624c00000, 0x0000000624c00000, 0x0000000625000000|  0%| F|  |TAMS 0x0000000624c00000, 0x0000000624c00000| Untracked 
| 148|0x0000000625000000, 0x0000000625000000, 0x0000000625400000|  0%| F|  |TAMS 0x0000000625000000, 0x0000000625000000| Untracked 
| 149|0x0000000625400000, 0x0000000625400000, 0x0000000625800000|  0%| F|  |TAMS 0x0000000625400000, 0x0000000625400000| Untracked 
| 150|0x0000000625800000, 0x0000000625800000, 0x0000000625c00000|  0%| F|  |TAMS 0x0000000625800000, 0x0000000625800000| Untracked 
| 151|0x0000000625c00000, 0x0000000625c00000, 0x0000000626000000|  0%| F|  |TAMS 0x0000000625c00000, 0x0000000625c00000| Untracked 
| 152|0x0000000626000000, 0x0000000626000000, 0x0000000626400000|  0%| F|  |TAMS 0x0000000626000000, 0x0000000626000000| Untracked 
| 153|0x0000000626400000, 0x0000000626400000, 0x0000000626800000|  0%| F|  |TAMS 0x0000000626400000, 0x0000000626400000| Untracked 
| 154|0x0000000626800000, 0x0000000626800000, 0x0000000626c00000|  0%| F|  |TAMS 0x0000000626800000, 0x0000000626800000| Untracked 
| 155|0x0000000626c00000, 0x0000000626c00000, 0x0000000627000000|  0%| F|  |TAMS 0x0000000626c00000, 0x0000000626c00000| Untracked 
| 156|0x0000000627000000, 0x0000000627000000, 0x0000000627400000|  0%| F|  |TAMS 0x0000000627000000, 0x0000000627000000| Untracked 
| 157|0x0000000627400000, 0x0000000627400000, 0x0000000627800000|  0%| F|  |TAMS 0x0000000627400000, 0x0000000627400000| Untracked 
| 158|0x0000000627800000, 0x0000000627800000, 0x0000000627c00000|  0%| F|  |TAMS 0x0000000627800000, 0x0000000627800000| Untracked 
| 159|0x0000000627c00000, 0x0000000627c00000, 0x0000000628000000|  0%| F|  |TAMS 0x0000000627c00000, 0x0000000627c00000| Untracked 
| 160|0x0000000628000000, 0x0000000628000000, 0x0000000628400000|  0%| F|  |TAMS 0x0000000628000000, 0x0000000628000000| Untracked 
| 161|0x0000000628400000, 0x0000000628400000, 0x0000000628800000|  0%| F|  |TAMS 0x0000000628400000, 0x0000000628400000| Untracked 
| 162|0x0000000628800000, 0x0000000628800000, 0x0000000628c00000|  0%| F|  |TAMS 0x0000000628800000, 0x0000000628800000| Untracked 
| 163|0x0000000628c00000, 0x0000000628c00000, 0x0000000629000000|  0%| F|  |TAMS 0x0000000628c00000, 0x0000000628c00000| Untracked 
| 164|0x0000000629000000, 0x0000000629000000, 0x0000000629400000|  0%| F|  |TAMS 0x0000000629000000, 0x0000000629000000| Untracked 
| 165|0x0000000629400000, 0x0000000629400000, 0x0000000629800000|  0%| F|  |TAMS 0x0000000629400000, 0x0000000629400000| Untracked 
| 166|0x0000000629800000, 0x0000000629800000, 0x0000000629c00000|  0%| F|  |TAMS 0x0000000629800000, 0x0000000629800000| Untracked 
| 167|0x0000000629c00000, 0x0000000629c00000, 0x000000062a000000|  0%| F|  |TAMS 0x0000000629c00000, 0x0000000629c00000| Untracked 
| 168|0x000000062a000000, 0x000000062a000000, 0x000000062a400000|  0%| F|  |TAMS 0x000000062a000000, 0x000000062a000000| Untracked 
| 169|0x000000062a400000, 0x000000062a400000, 0x000000062a800000|  0%| F|  |TAMS 0x000000062a400000, 0x000000062a400000| Untracked 
| 170|0x000000062a800000, 0x000000062a800000, 0x000000062ac00000|  0%| F|  |TAMS 0x000000062a800000, 0x000000062a800000| Untracked 
| 171|0x000000062ac00000, 0x000000062ac00000, 0x000000062b000000|  0%| F|  |TAMS 0x000000062ac00000, 0x000000062ac00000| Untracked 
| 172|0x000000062b000000, 0x000000062b000000, 0x000000062b400000|  0%| F|  |TAMS 0x000000062b000000, 0x000000062b000000| Untracked 
| 173|0x000000062b400000, 0x000000062b400000, 0x000000062b800000|  0%| F|  |TAMS 0x000000062b400000, 0x000000062b400000| Untracked 
| 174|0x000000062b800000, 0x000000062b800000, 0x000000062bc00000|  0%| F|  |TAMS 0x000000062b800000, 0x000000062b800000| Untracked 
| 175|0x000000062bc00000, 0x000000062bc00000, 0x000000062c000000|  0%| F|  |TAMS 0x000000062bc00000, 0x000000062bc00000| Untracked 
| 176|0x000000062c000000, 0x000000062c000000, 0x000000062c400000|  0%| F|  |TAMS 0x000000062c000000, 0x000000062c000000| Untracked 
| 177|0x000000062c400000, 0x000000062c400000, 0x000000062c800000|  0%| F|  |TAMS 0x000000062c400000, 0x000000062c400000| Untracked 
| 178|0x000000062c800000, 0x000000062c800000, 0x000000062cc00000|  0%| F|  |TAMS 0x000000062c800000, 0x000000062c800000| Untracked 
| 179|0x000000062cc00000, 0x000000062cc00000, 0x000000062d000000|  0%| F|  |TAMS 0x000000062cc00000, 0x000000062cc00000| Untracked 
| 180|0x000000062d000000, 0x000000062d000000, 0x000000062d400000|  0%| F|  |TAMS 0x000000062d000000, 0x000000062d000000| Untracked 
| 181|0x000000062d400000, 0x000000062d400000, 0x000000062d800000|  0%| F|  |TAMS 0x000000062d400000, 0x000000062d400000| Untracked 
| 182|0x000000062d800000, 0x000000062d800000, 0x000000062dc00000|  0%| F|  |TAMS 0x000000062d800000, 0x000000062d800000| Untracked 
| 183|0x000000062dc00000, 0x000000062dc00000, 0x000000062e000000|  0%| F|  |TAMS 0x000000062dc00000, 0x000000062dc00000| Untracked 
| 184|0x000000062e000000, 0x000000062e000000, 0x000000062e400000|  0%| F|  |TAMS 0x000000062e000000, 0x000000062e000000| Untracked 
| 185|0x000000062e400000, 0x000000062e400000, 0x000000062e800000|  0%| F|  |TAMS 0x000000062e400000, 0x000000062e400000| Untracked 

Card table byte_map: [0x000001dfe6d60000,0x000001dfe7d60000] _byte_map_base: 0x000001dfe3d60000

Marking Bits (Prev, Next): (CMBitMap*) 0x000001dfddfd4920, (CMBitMap*) 0x000001dfddfd4960
 Prev Bits: [0x000001dfe8d60000, 0x000001dff0d60000)
 Next Bits: [0x000001dff0d60000, 0x000001dff8d60000)

Polling page: 0x000001dfdc0a0000

Metaspace:

Usage:
  Non-class:    154.20 MB used.
      Class:     23.35 MB used.
       Both:    177.54 MB used.

Virtual space:
  Non-class space:      192.00 MB reserved,     154.94 MB ( 81%) committed,  3 nodes.
      Class space:        1.00 GB reserved,      24.00 MB (  2%) committed,  1 nodes.
             Both:        1.19 GB reserved,     178.94 MB ( 15%) committed. 

Chunk freelists:
   Non-Class:  5.02 MB
       Class:  7.92 MB
        Both:  12.93 MB

MaxMetaspaceSize: 4.00 GB
CompressedClassSpaceSize: 1.00 GB
Initial GC threshold: 21.00 MB
Current GC threshold: 270.62 MB
CDS: on
MetaspaceReclaimPolicy: balanced
 - commit_granule_bytes: 65536.
 - commit_granule_words: 8192.
 - virtual_space_node_default_size: 8388608.
 - enlarge_chunks_in_place: 1.
 - new_chunks_are_fully_committed: 0.
 - uncommit_free_chunks: 1.
 - use_allocation_guard: 0.
 - handle_deallocations: 1.


Internal statistics:

num_allocs_failed_limit: 18.
num_arena_births: 2216.
num_arena_deaths: 0.
num_vsnodes_births: 4.
num_vsnodes_deaths: 0.
num_space_committed: 2862.
num_space_uncommitted: 0.
num_chunks_returned_to_freelist: 18.
num_chunks_taken_from_freelist: 9540.
num_chunk_merges: 18.
num_chunk_splits: 6670.
num_chunks_enlarged: 4813.
num_inconsistent_stats: 0.

CodeHeap 'non-profiled nmethods': size=259264Kb used=13650Kb max_used=13650Kb free=245613Kb
 bounds [0x000001df902d0000, 0x000001df91030000, 0x000001dfa0000000]
CodeHeap 'profiled nmethods': size=259264Kb used=42605Kb max_used=42605Kb free=216658Kb
 bounds [0x000001df80000000, 0x000001df829a0000, 0x000001df8fd30000]
CodeHeap 'non-nmethods': size=5760Kb used=2025Kb max_used=2099Kb free=3734Kb
 bounds [0x000001df8fd30000, 0x000001df8ffa0000, 0x000001df902d0000]
 total_blobs=20936 nmethods=19755 adapters=1092
 compilation: enabled
              stopped_count=0, restarted_count=0
 full_count=0

Compilation events (20 events):
Event: 1546.076 Thread 0x000001dff8f4df40 23767 %     3       org.objectweb.asm.MethodWriter::visitTableSwitchInsn @ 78 (120 bytes)
Event: 1546.077 Thread 0x000001dff8f4df40 nmethod 23767% 0x000001df82997d10 code [0x000001df82997f40, 0x000001df82998508]
Event: 1546.079 Thread 0x000001dff8f4df40 23768       3       org.objectweb.asm.AnnotationWriter::create (50 bytes)
Event: 1546.080 Thread 0x000001dff8f4df40 nmethod 23768 0x000001df82998890 code [0x000001df82998aa0, 0x000001df82998fb8]
Event: 1546.111 Thread 0x000001dff8f4df40 23769       3       org.objectweb.asm.MethodVisitor::visitLookupSwitchInsn (18 bytes)
Event: 1546.111 Thread 0x000001dff8f4df40 nmethod 23769 0x000001df82999210 code [0x000001df829993c0, 0x000001df829995c8]
Event: 1546.168 Thread 0x000001e047cfab10 nmethod 23745 0x000001df91018090 code [0x000001df91018660, 0x000001df9101f0c8]
Event: 1546.168 Thread 0x000001e047cfab10 23747       4       org.objectweb.asm.MethodWriter::computeMethodInfoSize (571 bytes)
Event: 1546.197 Thread 0x000001e047cfab10 nmethod 23747 0x000001df91022690 code [0x000001df91022960, 0x000001df91023568]
Event: 1546.197 Thread 0x000001e047cfab10 23762       4       org.objectweb.asm.AnnotationWriter::computeAnnotationsSize (42 bytes)
Event: 1546.200 Thread 0x000001e047cfab10 nmethod 23762 0x000001df91024090 code [0x000001df91024220, 0x000001df91024328]
Event: 1546.200 Thread 0x000001e047cfab10 23312       4       org.gradle.internal.classpath.transforms.InstrumentingBackwardsCompatibilityVisitor$BackwardCompatibilityMethodVisitor::visitLocalVariable (21 bytes)
Event: 1546.202 Thread 0x000001e047cfab10 nmethod 23312 0x000001df91024490 code [0x000001df91024620, 0x000001df91024748]
Event: 1546.202 Thread 0x000001e047cfab10 23533       4       org.objectweb.asm.Handler::getExceptionTableSize (10 bytes)
Event: 1546.203 Thread 0x000001e047cfab10 nmethod 23533 0x000001df91024890 code [0x000001df91024a00, 0x000001df91024a98]
Event: 1546.204 Thread 0x000001e047cfab10 23322       4       org.gradle.internal.classpath.transforms.InstrumentingBackwardsCompatibilityVisitor$BackwardCompatibilityMethodVisitor::visitFieldInsn (24 bytes)
Event: 1546.216 Thread 0x000001dff8f4df40 23770       3       org.objectweb.asm.tree.MethodNode::visitLdcInsn (16 bytes)
Event: 1546.216 Thread 0x000001dff8f4df40 nmethod 23770 0x000001df82999690 code [0x000001df82999860, 0x000001df82999ba8]
Event: 1546.235 Thread 0x000001dff8f4df40 23771       2       com.google.common.reflect.TypeToken::isSubtypeOfParameterizedType (128 bytes)
Event: 1546.238 Thread 0x000001dff8f4df40 nmethod 23771 0x000001df82999d10 code [0x000001df8299a020, 0x000001df8299ae78]

GC Heap History (20 events):
Event: 1534.965 GC heap after
{Heap after GC invocations=72 (full 0):
 garbage-first heap   total 368640K, used 232444K [0x0000000600000000, 0x0000000800000000)
  region size 4096K, 2 young (8192K), 2 survivors (8192K)
 Metaspace       used 180493K, committed 181888K, reserved 1245184K
  class space    used 23794K, committed 24448K, reserved 1048576K
}
Event: 1535.188 GC heap before
{Heap before GC invocations=72 (full 0):
 garbage-first heap   total 368640K, used 314364K [0x0000000600000000, 0x0000000800000000)
  region size 4096K, 22 young (90112K), 2 survivors (8192K)
 Metaspace       used 180496K, committed 181888K, reserved 1245184K
  class space    used 23794K, committed 24448K, reserved 1048576K
}
Event: 1535.198 GC heap after
{Heap after GC invocations=73 (full 0):
 garbage-first heap   total 528384K, used 234871K [0x0000000600000000, 0x0000000800000000)
  region size 4096K, 2 young (8192K), 2 survivors (8192K)
 Metaspace       used 180496K, committed 181888K, reserved 1245184K
  class space    used 23794K, committed 24448K, reserved 1048576K
}
Event: 1535.665 GC heap before
{Heap before GC invocations=73 (full 0):
 garbage-first heap   total 528384K, used 443767K [0x0000000600000000, 0x0000000800000000)
  region size 4096K, 54 young (221184K), 2 survivors (8192K)
 Metaspace       used 180513K, committed 181888K, reserved 1245184K
  class space    used 23795K, committed 24448K, reserved 1048576K
}
Event: 1535.676 GC heap after
{Heap after GC invocations=74 (full 0):
 garbage-first heap   total 528384K, used 240692K [0x0000000600000000, 0x0000000800000000)
  region size 4096K, 4 young (16384K), 4 survivors (16384K)
 Metaspace       used 180513K, committed 181888K, reserved 1245184K
  class space    used 23795K, committed 24448K, reserved 1048576K
}
Event: 1536.108 GC heap before
{Heap before GC invocations=74 (full 0):
 garbage-first heap   total 528384K, used 445492K [0x0000000600000000, 0x0000000800000000)
  region size 4096K, 54 young (221184K), 4 survivors (16384K)
 Metaspace       used 180539K, committed 181952K, reserved 1245184K
  class space    used 23795K, committed 24448K, reserved 1048576K
}
Event: 1536.125 GC heap after
{Heap after GC invocations=75 (full 0):
 garbage-first heap   total 528384K, used 251540K [0x0000000600000000, 0x0000000800000000)
  region size 4096K, 6 young (24576K), 6 survivors (24576K)
 Metaspace       used 180539K, committed 181952K, reserved 1245184K
  class space    used 23795K, committed 24448K, reserved 1048576K
}
Event: 1536.664 GC heap before
{Heap before GC invocations=75 (full 0):
 garbage-first heap   total 528384K, used 439956K [0x0000000600000000, 0x0000000800000000)
  region size 4096K, 53 young (217088K), 6 survivors (24576K)
 Metaspace       used 180562K, committed 182016K, reserved 1245184K
  class space    used 23795K, committed 24448K, reserved 1048576K
}
Event: 1536.710 GC heap after
{Heap after GC invocations=76 (full 0):
 garbage-first heap   total 528384K, used 257606K [0x0000000600000000, 0x0000000800000000)
  region size 4096K, 5 young (20480K), 5 survivors (20480K)
 Metaspace       used 180562K, committed 182016K, reserved 1245184K
  class space    used 23795K, committed 24448K, reserved 1048576K
}
Event: 1537.405 GC heap before
{Heap before GC invocations=76 (full 0):
 garbage-first heap   total 528384K, used 450118K [0x0000000600000000, 0x0000000800000000)
  region size 4096K, 52 young (212992K), 5 survivors (20480K)
 Metaspace       used 180562K, committed 182016K, reserved 1245184K
  class space    used 23795K, committed 24448K, reserved 1048576K
}
Event: 1537.427 GC heap after
{Heap after GC invocations=77 (full 0):
 garbage-first heap   total 761856K, used 261512K [0x0000000600000000, 0x0000000800000000)
  region size 4096K, 5 young (20480K), 5 survivors (20480K)
 Metaspace       used 180562K, committed 182016K, reserved 1245184K
  class space    used 23795K, committed 24448K, reserved 1048576K
}
Event: 1540.461 GC heap before
{Heap before GC invocations=77 (full 0):
 garbage-first heap   total 761856K, used 634248K [0x0000000600000000, 0x0000000800000000)
  region size 4096K, 97 young (397312K), 5 survivors (20480K)
 Metaspace       used 181607K, committed 183040K, reserved 1245184K
  class space    used 23908K, committed 24576K, reserved 1048576K
}
Event: 1540.504 GC heap after
{Heap after GC invocations=78 (full 0):
 garbage-first heap   total 761856K, used 272370K [0x0000000600000000, 0x0000000800000000)
  region size 4096K, 8 young (32768K), 8 survivors (32768K)
 Metaspace       used 181607K, committed 183040K, reserved 1245184K
  class space    used 23908K, committed 24576K, reserved 1048576K
}
Event: 1541.915 GC heap before
{Heap before GC invocations=78 (full 0):
 garbage-first heap   total 761856K, used 636914K [0x0000000600000000, 0x0000000800000000)
  region size 4096K, 98 young (401408K), 8 survivors (32768K)
 Metaspace       used 181679K, committed 183040K, reserved 1245184K
  class space    used 23909K, committed 24576K, reserved 1048576K
}
Event: 1541.958 GC heap after
{Heap after GC invocations=79 (full 0):
 garbage-first heap   total 761856K, used 276764K [0x0000000600000000, 0x0000000800000000)
  region size 4096K, 8 young (32768K), 8 survivors (32768K)
 Metaspace       used 181679K, committed 183040K, reserved 1245184K
  class space    used 23909K, committed 24576K, reserved 1048576K
}
Event: 1543.809 GC heap before
{Heap before GC invocations=79 (full 0):
 garbage-first heap   total 761856K, used 649500K [0x0000000600000000, 0x0000000800000000)
  region size 4096K, 99 young (405504K), 8 survivors (32768K)
 Metaspace       used 181780K, committed 183232K, reserved 1245184K
  class space    used 23909K, committed 24576K, reserved 1048576K
}
Event: 1543.844 GC heap after
{Heap after GC invocations=80 (full 0):
 garbage-first heap   total 761856K, used 281140K [0x0000000600000000, 0x0000000800000000)
  region size 4096K, 8 young (32768K), 8 survivors (32768K)
 Metaspace       used 181780K, committed 183232K, reserved 1245184K
  class space    used 23909K, committed 24576K, reserved 1048576K
}
Event: 1545.260 GC heap before
{Heap before GC invocations=80 (full 0):
 garbage-first heap   total 761856K, used 645684K [0x0000000600000000, 0x0000000800000000)
  region size 4096K, 97 young (397312K), 8 survivors (32768K)
 Metaspace       used 181801K, committed 183232K, reserved 1245184K
  class space    used 23909K, committed 24576K, reserved 1048576K
}
Event: 1545.282 GC heap after
{Heap after GC invocations=81 (full 0):
 garbage-first heap   total 761856K, used 286214K [0x0000000600000000, 0x0000000800000000)
  region size 4096K, 9 young (36864K), 9 survivors (36864K)
 Metaspace       used 181801K, committed 183232K, reserved 1245184K
  class space    used 23909K, committed 24576K, reserved 1048576K
}
Event: 1546.245 GC heap before
{Heap before GC invocations=81 (full 0):
 garbage-first heap   total 761856K, used 638470K [0x0000000600000000, 0x0000000800000000)
  region size 4096K, 96 young (393216K), 9 survivors (36864K)
 Metaspace       used 181805K, committed 183232K, reserved 1245184K
  class space    used 23909K, committed 24576K, reserved 1048576K
}

Deoptimization events (20 events):
Event: 1545.526 Thread 0x000001e0412f0000 Uncommon trap: trap_request=0xffffff45 fr.pc=0x000001df90fee9a8 relative=0x00000000000029a8
Event: 1545.526 Thread 0x000001e0412f0000 Uncommon trap: reason=unstable_if action=reinterpret pc=0x000001df90fee9a8 method=org.objectweb.asm.ClassReader.readElementValue(Lorg/objectweb/asm/AnnotationVisitor;ILjava/lang/String;[C)I @ 102 c2
Event: 1545.526 Thread 0x000001e0412f0000 DEOPT PACKING pc=0x000001df90fee9a8 sp=0x00000028cd9faa90
Event: 1545.526 Thread 0x000001e0412f0000 DEOPT UNPACKING pc=0x000001df8fd823a3 sp=0x00000028cd9faa30 mode 2
Event: 1545.546 Thread 0x000001e041555310 Uncommon trap: trap_request=0xffffff45 fr.pc=0x000001df90fc09b4 relative=0x00000000000027b4
Event: 1545.546 Thread 0x000001e041555310 Uncommon trap: reason=unstable_if action=reinterpret pc=0x000001df90fc09b4 method=org.objectweb.asm.SymbolTable.addConstantMemberReference(ILjava/lang/String;Ljava/lang/String;Ljava/lang/String;)Lorg/objectweb/asm/SymbolTable$Entry; @ 51 c2
Event: 1545.546 Thread 0x000001e041555310 DEOPT PACKING pc=0x000001df90fc09b4 sp=0x00000028c82f3580
Event: 1545.546 Thread 0x000001e041555310 DEOPT UNPACKING pc=0x000001df8fd823a3 sp=0x00000028c82f3578 mode 2
Event: 1545.843 Thread 0x000001e0412efb30 Uncommon trap: trap_request=0xffffffe4 fr.pc=0x000001df90f2e9c8 relative=0x0000000000003b28
Event: 1545.843 Thread 0x000001e0412efb30 Uncommon trap: reason=range_check action=make_not_entrant pc=0x000001df90f2e9c8 method=org.objectweb.asm.ClassReader.readUnsignedShort(I)I @ 19 c2
Event: 1545.843 Thread 0x000001e0412efb30 DEOPT PACKING pc=0x000001df90f2e9c8 sp=0x00000028cd8fab20
Event: 1545.843 Thread 0x000001e0412efb30 DEOPT UNPACKING pc=0x000001df8fd823a3 sp=0x00000028cd8faa68 mode 2
Event: 1545.864 Thread 0x000001e0412f0000 Uncommon trap: trap_request=0xffffff45 fr.pc=0x000001df91004c28 relative=0x0000000000004508
Event: 1545.864 Thread 0x000001e0412f0000 Uncommon trap: reason=unstable_if action=reinterpret pc=0x000001df91004c28 method=org.gradle.internal.classpath.generated.InterceptorDeclaration_ConfigCacheJvmBytecode.visitMethodInsn(Lorg/gradle/model/internal/asm/MethodVisitorScope;Ljava/lang/String;ILj
Event: 1545.864 Thread 0x000001e0412f0000 DEOPT PACKING pc=0x000001df91004c28 sp=0x00000028cd9fa8f0
Event: 1545.864 Thread 0x000001e0412f0000 DEOPT UNPACKING pc=0x000001df8fd823a3 sp=0x00000028cd9fa880 mode 2
Event: 1545.965 Thread 0x000001e0412f1340 DEOPT PACKING pc=0x000001df828a6264 sp=0x00000028cd7fa040
Event: 1545.965 Thread 0x000001e0412f1340 DEOPT UNPACKING pc=0x000001df8fd82b43 sp=0x00000028cd7f9930 mode 0
Event: 1545.965 Thread 0x000001e0412f1340 DEOPT PACKING pc=0x000001df82891dec sp=0x00000028cd7fa500
Event: 1545.965 Thread 0x000001e0412f1340 DEOPT UNPACKING pc=0x000001df8fd82b43 sp=0x00000028cd7f9a08 mode 0

Classes unloaded (0 events):
No events

Classes redefined (0 events):
No events

Internal exceptions (20 events):
Event: 1543.017 Thread 0x000001e0412f0000 Exception <a 'sun/nio/fs/WindowsException'{0x0000000620d88ae8}> (0x0000000620d88ae8) 
thrown [s\open\src\hotspot\share\prims\jni.cpp, line 516]
Event: 1543.415 Thread 0x000001e0412eecc0 Exception <a 'sun/nio/fs/WindowsException'{0x000000061ed11ef8}> (0x000000061ed11ef8) 
thrown [s\open\src\hotspot\share\prims\jni.cpp, line 516]
Event: 1543.441 Thread 0x000001e0412f1340 Exception <a 'sun/nio/fs/WindowsException'{0x000000061eb793c0}> (0x000000061eb793c0) 
thrown [s\open\src\hotspot\share\prims\jni.cpp, line 516]
Event: 1543.601 Thread 0x000001e0412f0000 Exception <a 'sun/nio/fs/WindowsException'{0x000000061c02f680}> (0x000000061c02f680) 
thrown [s\open\src\hotspot\share\prims\jni.cpp, line 516]
Event: 1543.943 Thread 0x000001e0412efb30 Exception <a 'sun/nio/fs/WindowsException'{0x000000062e6d5998}> (0x000000062e6d5998) 
thrown [s\open\src\hotspot\share\prims\jni.cpp, line 516]
Event: 1544.112 Thread 0x000001e0412eecc0 Exception <a 'sun/nio/fs/WindowsException'{0x000000062bcfaf48}> (0x000000062bcfaf48) 
thrown [s\open\src\hotspot\share\prims\jni.cpp, line 516]
Event: 1544.244 Thread 0x000001e0412f0000 Exception <a 'sun/nio/fs/WindowsException'{0x000000062a521860}> (0x000000062a521860) 
thrown [s\open\src\hotspot\share\prims\jni.cpp, line 516]
Event: 1544.254 Thread 0x000001e0412f1340 Exception <a 'sun/nio/fs/WindowsException'{0x000000062aa1c250}> (0x000000062aa1c250) 
thrown [s\open\src\hotspot\share\prims\jni.cpp, line 516]
Event: 1544.507 Thread 0x000001e0412f0000 Exception <a 'sun/nio/fs/WindowsException'{0x0000000626e827c0}> (0x0000000626e827c0) 
thrown [s\open\src\hotspot\share\prims\jni.cpp, line 516]
Event: 1544.608 Thread 0x000001e0412efb30 Exception <a 'sun/nio/fs/WindowsException'{0x0000000626296f10}> (0x0000000626296f10) 
thrown [s\open\src\hotspot\share\prims\jni.cpp, line 516]
Event: 1544.678 Thread 0x000001e0412eecc0 Exception <a 'sun/nio/fs/WindowsException'{0x0000000625aa2428}> (0x0000000625aa2428) 
thrown [s\open\src\hotspot\share\prims\jni.cpp, line 516]
Event: 1544.780 Thread 0x000001e0412f1340 Exception <a 'sun/nio/fs/WindowsException'{0x00000006237599a0}> (0x00000006237599a0) 
thrown [s\open\src\hotspot\share\prims\jni.cpp, line 516]
Event: 1545.056 Thread 0x000001e0412f0000 Exception <a 'sun/nio/fs/WindowsException'{0x000000061ecf71f0}> (0x000000061ecf71f0) 
thrown [s\open\src\hotspot\share\prims\jni.cpp, line 516]
Event: 1545.075 Thread 0x000001e0412eecc0 Exception <a 'sun/nio/fs/WindowsException'{0x000000061e43faa8}> (0x000000061e43faa8) 
thrown [s\open\src\hotspot\share\prims\jni.cpp, line 516]
Event: 1545.097 Thread 0x000001e0412efb30 Exception <a 'sun/nio/fs/WindowsException'{0x000000061dc28c88}> (0x000000061dc28c88) 
thrown [s\open\src\hotspot\share\prims\jni.cpp, line 516]
Event: 1545.304 Thread 0x000001e0412eecc0 Exception <a 'sun/nio/fs/WindowsException'{0x000000062e2e0400}> (0x000000062e2e0400) 
thrown [s\open\src\hotspot\share\prims\jni.cpp, line 516]
Event: 1545.585 Thread 0x000001e0412f1340 Exception <a 'sun/nio/fs/WindowsException'{0x0000000626bfa4b8}> (0x0000000626bfa4b8) 
thrown [s\open\src\hotspot\share\prims\jni.cpp, line 516]
Event: 1545.685 Thread 0x000001e0412eecc0 Exception <a 'sun/nio/fs/WindowsException'{0x00000006254f4258}> (0x00000006254f4258) 
thrown [s\open\src\hotspot\share\prims\jni.cpp, line 516]
Event: 1546.125 Thread 0x000001e0412f0000 Exception <a 'sun/nio/fs/WindowsException'{0x000000061bc28b18}> (0x000000061bc28b18) 
thrown [s\open\src\hotspot\share\prims\jni.cpp, line 516]
Event: 1546.163 Thread 0x000001e0412eecc0 Exception <a 'sun/nio/fs/WindowsException'{0x000000061b9e69a8}> (0x000000061b9e69a8) 
thrown [s\open\src\hotspot\share\prims\jni.cpp, line 516]

VM Operations (20 events):
Event: 1541.541 Executing VM operation: Cleanup done
Event: 1541.908 Executing VM operation: G1CollectForAllocation
Event: 1541.961 Executing VM operation: G1CollectForAllocation done
Event: 1542.741 Executing VM operation: HandshakeAllThreads
Event: 1542.782 Executing VM operation: HandshakeAllThreads done
Event: 1543.787 Executing VM operation: Cleanup
Event: 1543.791 Executing VM operation: Cleanup done
Event: 1543.808 Executing VM operation: G1CollectForAllocation
Event: 1543.852 Executing VM operation: G1CollectForAllocation done
Event: 1544.865 Executing VM operation: Cleanup
Event: 1544.888 Executing VM operation: Cleanup done
Event: 1545.259 Executing VM operation: G1CollectForAllocation
Event: 1545.260 Executing VM operation: G1CollectForAllocation done
Event: 1545.260 Executing VM operation: G1CollectForAllocation
Event: 1545.283 Executing VM operation: G1CollectForAllocation done
Event: 1545.949 Executing VM operation: HandshakeAllThreads
Event: 1545.965 Executing VM operation: HandshakeAllThreads done
Event: 1546.244 Executing VM operation: G1CollectForAllocation
Event: 1546.245 Executing VM operation: G1CollectForAllocation done
Event: 1546.245 Executing VM operation: G1CollectForAllocation

Events (20 events):
Event: 1542.877 Thread 0x000001dff8f52470 flushing nmethod 0x000001df8279cb10
Event: 1542.877 Thread 0x000001dff8f52470 flushing nmethod 0x000001df8279d290
Event: 1542.877 Thread 0x000001dff8f52470 flushing nmethod 0x000001df8279d790
Event: 1542.877 Thread 0x000001dff8f52470 flushing nmethod 0x000001df8279df10
Event: 1542.877 Thread 0x000001dff8f52470 flushing nmethod 0x000001df8279ea90
Event: 1542.877 Thread 0x000001dff8f52470 flushing nmethod 0x000001df8279f390
Event: 1542.877 Thread 0x000001dff8f52470 flushing nmethod 0x000001df8279fc10
Event: 1542.877 Thread 0x000001dff8f52470 flushing nmethod 0x000001df827a1910
Event: 1542.877 Thread 0x000001dff8f52470 flushing nmethod 0x000001df827a2d90
Event: 1542.877 Thread 0x000001dff8f52470 flushing nmethod 0x000001df827a5910
Event: 1542.877 Thread 0x000001dff8f52470 flushing nmethod 0x000001df827a7d10
Event: 1542.877 Thread 0x000001dff8f52470 flushing nmethod 0x000001df827a8e10
Event: 1542.877 Thread 0x000001dff8f52470 flushing nmethod 0x000001df827a9310
Event: 1542.877 Thread 0x000001dff8f52470 flushing nmethod 0x000001df827ae290
Event: 1542.877 Thread 0x000001dff8f52470 flushing nmethod 0x000001df827b3590
Event: 1542.877 Thread 0x000001dff8f52470 flushing nmethod 0x000001df827b3a10
Event: 1542.877 Thread 0x000001dff8f52470 flushing nmethod 0x000001df827b5110
Event: 1542.877 Thread 0x000001dff8f52470 flushing nmethod 0x000001df827b8c90
Event: 1542.878 Thread 0x000001dff8f52470 flushing nmethod 0x000001df827dcf90
Event: 1542.878 Thread 0x000001dff8f52470 flushing nmethod 0x000001df827e3790


Dynamic libraries:
0x00007ff7a7830000 - 0x00007ff7a7840000 	C:\Program Files\Java\jdk-17\bin\java.exe
0x00007ffa4b3c0000 - 0x00007ffa4b626000 	C:\windows\SYSTEM32\ntdll.dll
0x00007ffa4ad50000 - 0x00007ffa4ae19000 	C:\windows\System32\KERNEL32.DLL
0x00007ffa48650000 - 0x00007ffa48a4a000 	C:\windows\System32\KERNELBASE.dll
0x00007ffa45770000 - 0x00007ffa45810000 	C:\windows\SYSTEM32\apphelp.dll
0x00007ffa48bf0000 - 0x00007ffa48d3c000 	C:\windows\System32\ucrtbase.dll
0x00007ffa222a0000 - 0x00007ffa222bb000 	C:\Program Files\Java\jdk-17\bin\VCRUNTIME140.dll
0x00007ffa07360000 - 0x00007ffa07379000 	C:\Program Files\Java\jdk-17\bin\jli.dll
0x00007ffa4ae20000 - 0x00007ffa4aed6000 	C:\windows\System32\ADVAPI32.dll
0x00007ffa4a460000 - 0x00007ffa4a509000 	C:\windows\System32\msvcrt.dll
0x00007ffa4a020000 - 0x00007ffa4a0ca000 	C:\windows\System32\sechost.dll
0x00007ffa4a610000 - 0x00007ffa4a728000 	C:\windows\System32\RPCRT4.dll
0x00007ffa4b1b0000 - 0x00007ffa4b377000 	C:\windows\System32\USER32.dll
0x00007ffa48b10000 - 0x00007ffa48b37000 	C:\windows\System32\win32u.dll
0x00007ffa36ae0000 - 0x00007ffa36d72000 	C:\windows\WinSxS\amd64_microsoft.windows.common-controls_6595b64144ccf1df_6.0.26100.8521_none_3e08b75ce33403b3\COMCTL32.dll
0x00007ffa4afa0000 - 0x00007ffa4afcb000 	C:\windows\System32\GDI32.dll
0x00007ffa48f50000 - 0x00007ffa4907b000 	C:\windows\System32\gdi32full.dll
0x00007ffa48b40000 - 0x00007ffa48be3000 	C:\windows\System32\msvcp_win.dll
0x00007ffa33f80000 - 0x00007ffa33f8b000 	C:\windows\SYSTEM32\VERSION.dll
0x00007ffa4af60000 - 0x00007ffa4af92000 	C:\windows\System32\IMM32.DLL
0x00007ffa39e70000 - 0x00007ffa39e7c000 	C:\Program Files\Java\jdk-17\bin\vcruntime140_1.dll
0x00007ff9feb90000 - 0x00007ff9fec1e000 	C:\Program Files\Java\jdk-17\bin\msvcp140.dll
0x00007ff96e040000 - 0x00007ff96ec21000 	C:\Program Files\Java\jdk-17\bin\server\jvm.dll
0x00007ffa4ab60000 - 0x00007ffa4ab68000 	C:\windows\System32\PSAPI.DLL
0x00007ffa3e770000 - 0x00007ffa3e7a6000 	C:\windows\SYSTEM32\WINMM.dll
0x00007ffa21390000 - 0x00007ffa2139a000 	C:\windows\SYSTEM32\WSOCK32.dll
0x00007ffa49b00000 - 0x00007ffa49b80000 	C:\windows\System32\WS2_32.dll
0x00007ffa473e0000 - 0x00007ffa473fb000 	C:\windows\SYSTEM32\kernel.appcore.dll
0x00007ffa39d00000 - 0x00007ffa39d0a000 	C:\Program Files\Java\jdk-17\bin\jimage.dll
0x00007ffa33ff0000 - 0x00007ffa34232000 	C:\windows\SYSTEM32\DBGHELP.DLL
0x00007ffa4a0d0000 - 0x00007ffa4a453000 	C:\windows\System32\combase.dll
0x00007ffa49290000 - 0x00007ffa49369000 	C:\windows\System32\OLEAUT32.dll
0x00007ffa2d4f0000 - 0x00007ffa2d52b000 	C:\windows\SYSTEM32\dbgcore.DLL
0x00007ffa49080000 - 0x00007ffa49128000 	C:\windows\System32\bcryptPrimitives.dll
0x00007ffa26fa0000 - 0x00007ffa26fae000 	C:\Program Files\Java\jdk-17\bin\instrument.dll
0x00007ffa165e0000 - 0x00007ffa16605000 	C:\Program Files\Java\jdk-17\bin\java.dll
0x00007ffa06960000 - 0x00007ffa06a37000 	C:\Program Files\Java\jdk-17\bin\jsvml.dll
0x00007ffa49370000 - 0x00007ffa49af4000 	C:\windows\System32\SHELL32.dll
0x00007ffa46210000 - 0x00007ffa46a90000 	C:\windows\SYSTEM32\windows.storage.dll
0x00007ffa4a510000 - 0x00007ffa4a606000 	C:\windows\System32\SHCORE.dll
0x00007ffa4a8c0000 - 0x00007ffa4a927000 	C:\windows\System32\shlwapi.dll
0x00007ffa48570000 - 0x00007ffa48599000 	C:\windows\SYSTEM32\profapi.dll
0x00007ffa173b0000 - 0x00007ffa173c8000 	C:\Program Files\Java\jdk-17\bin\zip.dll
0x00007ffa22280000 - 0x00007ffa22299000 	C:\Program Files\Java\jdk-17\bin\net.dll
0x00007ffa3e370000 - 0x00007ffa3e499000 	C:\windows\SYSTEM32\WINHTTP.dll
0x00007ffa47950000 - 0x00007ffa479bc000 	C:\windows\system32\mswsock.dll
0x00007ffa17550000 - 0x00007ffa17566000 	C:\Program Files\Java\jdk-17\bin\nio.dll
0x00007ffa39ac0000 - 0x00007ffa39ad0000 	C:\Program Files\Java\jdk-17\bin\verify.dll
0x00007ffa09ba0000 - 0x00007ffa09bc7000 	C:\Users\VAMSI\.gradle\native\1def1411415f61bf3af743bc5b6707747c0891f09f0c88961ee8f79bc544acac\windows-amd64\native-platform.dll
0x00007ff9f0540000 - 0x00007ff9f05b7000 	C:\Users\VAMSI\.gradle\native\0.2.8\x86_64-windows-gnu\gradle-fileevents.dll
0x00007ffa221e0000 - 0x00007ffa221ea000 	C:\Program Files\Java\jdk-17\bin\management.dll
0x00007ffa214c0000 - 0x00007ffa214cb000 	C:\Program Files\Java\jdk-17\bin\management_ext.dll
0x00007ffa46dc0000 - 0x00007ffa46df3000 	C:\windows\SYSTEM32\IPHLPAPI.DLL
0x00007ffa4b0d0000 - 0x00007ffa4b0da000 	C:\windows\System32\NSI.dll
0x00007ffa3e630000 - 0x00007ffa3e64d000 	C:\windows\SYSTEM32\dhcpcsvc6.DLL
0x00007ffa3e590000 - 0x00007ffa3e5b5000 	C:\windows\SYSTEM32\dhcpcsvc.DLL
0x00007ffa46e00000 - 0x00007ffa46f4a000 	C:\windows\SYSTEM32\DNSAPI.dll
0x00007ffa47770000 - 0x00007ffa4777d000 	C:\windows\SYSTEM32\DSPARSE.dll
0x00007ffa47c30000 - 0x00007ffa47c4b000 	C:\windows\SYSTEM32\CRYPTSP.dll
0x00007ffa47340000 - 0x00007ffa47379000 	C:\windows\system32\rsaenh.dll
0x00007ffa47a00000 - 0x00007ffa47a33000 	C:\windows\SYSTEM32\USERENV.dll
0x00007ffa48540000 - 0x00007ffa4856a000 	C:\windows\SYSTEM32\bcrypt.dll
0x00007ffa47c50000 - 0x00007ffa47c5c000 	C:\windows\SYSTEM32\CRYPTBASE.dll
0x00007ffa16e90000 - 0x00007ffa16e9e000 	C:\Program Files\Java\jdk-17\bin\sunmscapi.dll
0x00007ffa48dd0000 - 0x00007ffa48f48000 	C:\windows\System32\CRYPT32.dll
0x00007ffa47e50000 - 0x00007ffa47e80000 	C:\windows\SYSTEM32\ncrypt.dll
0x00007ffa47e00000 - 0x00007ffa47e3f000 	C:\windows\SYSTEM32\NTASN1.dll
0x00007ffa43ab0000 - 0x00007ffa43ab8000 	C:\windows\system32\wshunix.dll
0x00007ffa3e340000 - 0x00007ffa3e34b000 	C:\Windows\System32\rasadhlp.dll
0x00007ffa417e0000 - 0x00007ffa41866000 	C:\windows\System32\fwpuclnt.dll
0x00007ffa166d0000 - 0x00007ffa166d7000 	C:\Program Files\Java\jdk-17\bin\rmi.dll

dbghelp: loaded successfully - version: 4.0.5 - missing functions: none
symbol engine: initialized successfully - sym options: 0x614 - pdb path: .;C:\Program Files\Java\jdk-17\bin;C:\windows\SYSTEM32;C:\windows\WinSxS\amd64_microsoft.windows.common-controls_6595b64144ccf1df_6.0.26100.8521_none_3e08b75ce33403b3;C:\Program Files\Java\jdk-17\bin\server;C:\Users\VAMSI\.gradle\native\1def1411415f61bf3af743bc5b6707747c0891f09f0c88961ee8f79bc544acac\windows-amd64;C:\Users\VAMSI\.gradle\native\0.2.8\x86_64-windows-gnu

VM Arguments:
jvm_args: --add-opens=java.base/java.lang=ALL-UNNAMED --add-opens=java.base/java.lang.invoke=ALL-UNNAMED --add-opens=java.base/java.util=ALL-UNNAMED --add-opens=java.prefs/java.util.prefs=ALL-UNNAMED --add-exports=jdk.compiler/com.sun.tools.javac.api=ALL-UNNAMED --add-exports=jdk.compiler/com.sun.tools.javac.util=ALL-UNNAMED --add-opens=java.base/java.util=ALL-UNNAMED --add-opens=java.prefs/java.util.prefs=ALL-UNNAMED --add-opens=java.base/java.nio.charset=ALL-UNNAMED --add-opens=java.base/java.net=ALL-UNNAMED --add-opens=java.base/java.util.concurrent=ALL-UNNAMED --add-opens=java.base/java.util.concurrent.atomic=ALL-UNNAMED --add-opens=java.xml/javax.xml.namespace=ALL-UNNAMED --add-opens=java.base/java.time=ALL-UNNAMED -XX:MaxMetaspaceSize=4G -XX:ReservedCodeCacheSize=512m -XX:+HeapDumpOnOutOfMemoryError -Xmx8G -Dfile.encoding=UTF-8 -Duser.country=IN -Duser.language=en -Duser.variant -javaagent:C:\Users\VAMSI\.gradle\wrapper\dists\gradle-9.1.0-all\7wzd0jkjit61aq2p43wpjgij9\gradle-9.1.0\lib\agents\gradle-instrumentation-agent-9.1.0.jar 
java_command: org.gradle.launcher.daemon.bootstrap.GradleDaemon 9.1.0
java_class_path (initial): C:\Users\VAMSI\.gradle\wrapper\dists\gradle-9.1.0-all\7wzd0jkjit61aq2p43wpjgij9\gradle-9.1.0\lib\gradle-daemon-main-9.1.0.jar
Launcher Type: SUN_STANDARD

[Global flags]
     intx CICompilerCount                          = 4                                         {product} {ergonomic}
     uint ConcGCThreads                            = 2                                         {product} {ergonomic}
     uint G1ConcRefinementThreads                  = 8                                         {product} {ergonomic}
   size_t G1HeapRegionSize                         = 4194304                                   {product} {ergonomic}
    uintx GCDrainStackTargetSize                   = 64                                        {product} {ergonomic}
     bool HeapDumpOnOutOfMemoryError               = true                                   {manageable} {command line}
   size_t InitialHeapSize                          = 121634816                                 {product} {ergonomic}
   size_t MarkStackSize                            = 4194304                                   {product} {ergonomic}
   size_t MaxHeapSize                              = 8589934592                                {product} {command line}
   size_t MaxMetaspaceSize                         = 4294967296                                {product} {command line}
   size_t MaxNewSize                               = 5150605312                                {product} {ergonomic}
   size_t MinHeapDeltaBytes                        = 4194304                                   {product} {ergonomic}
   size_t MinHeapSize                              = 8388608                                   {product} {ergonomic}
    uintx NonNMethodCodeHeapSize                   = 5839372                                {pd product} {ergonomic}
    uintx NonProfiledCodeHeapSize                  = 265515770                              {pd product} {ergonomic}
    uintx ProfiledCodeHeapSize                     = 265515770                              {pd product} {ergonomic}
    uintx ReservedCodeCacheSize                    = 536870912                              {pd product} {command line}
     bool SegmentedCodeCache                       = true                                      {product} {ergonomic}
   size_t SoftMaxHeapSize                          = 8589934592                             {manageable} {ergonomic}
   double SweeperThreshold                         = 0.234375                                  {product} {ergonomic}
     bool UseCompressedClassPointers               = true                           {product lp64_product} {ergonomic}
     bool UseCompressedOops                        = true                           {product lp64_product} {ergonomic}
     bool UseG1GC                                  = true                                      {product} {ergonomic}
     bool UseLargePagesIndividualAllocation        = false                                  {pd product} {ergonomic}

Logging:
Log output configuration:
 #0: stdout all=warning uptime,level,tags
 #1: stderr all=off uptime,level,tags

Environment Variables:
JAVA_HOME=C:\Program Files\Java\jdk-17
PATH=C:\Python314\Scripts\;C:\Python314\;C:\app\VAMSI\product\21c\dbhomeXE\bin;C:\Program Files\Common Files\Oracle\Java\javapath;C:\windows\system32;C:\windows;C:\windows\System32\Wbem;C:\windows\System32\WindowsPowerShell\v1.0\;C:\windows\System32\OpenSSH\;C:\Program Files (x86)\Windows Kits\10\Windows Performance Toolkit\;C:\Program Files\dotnet\;C:\Program Files\Java\jdk-17\bin;C:\Program Files\MySQL\MySQL Server 8.0\bin;C:\oracle\oracleinstantclient21;C:\Program Files\Git\cmd;C:\Program Files\nodejs\;C:\ProgramData\chocolatey\bin;C:\Program Files\nodejs;C:\Program Files\MySQL\MySQL Shell 8.0\bin\;C:\Users\VAMSI\AppData\Local\Microsoft\WindowsApps;C:\Users\VAMSI\AppData\Local\Programs\Microsoft VS Code\bin;C:\MinGW\bin;C:\Program Files\Java\jdk-17\bin;C:\apache-maven-3.9.11\bin;C:\Users\VAMSI\AppData\Local\Programs\Antigravity\bin;C:\src\flutter\bin;C:\Users\VAMSI\AppData\Roaming\npm;C:\Users\VAMSI\AppData\Local\Programs\Antigravity IDE\bin
USERNAME=VAMSI
OS=Windows_NT
PROCESSOR_IDENTIFIER=AMD64 Family 23 Model 160 Stepping 0, AuthenticAMD



---------------  S Y S T E M  ---------------

OS:
 Windows 11 , 64 bit Build 26100 (10.0.26100.8521)
OS uptime: 3 days 22:43 hours
Hyper-V role detected

CPU: total 8 (initial active 8) (8 cores per cpu, 2 threads per core) family 23 model 160 stepping 0 microcode 0x8a0000b, cx8, cmov, fxsr, ht, mmx, 3dnowpref, sse, sse2, sse3, ssse3, sse4a, sse4.1, sse4.2, popcnt, lzcnt, tsc, tscinvbit, avx, avx2, aes, clmul, bmi1, bmi2, adx, sha, fma, vzeroupper, clflush, clflushopt, hv

Memory: 4k page, system-wide physical 7418M (289M free)
TotalPageFile size 25910M (AvailPageFile size 51M)
current process WorkingSet (physical memory assigned to process): 204M, peak: 721M
current process commit charge ("private bytes"): 1255M, peak: 1408M

vm_info: Java HotSpot(TM) 64-Bit Server VM (17.0.16+12-LTS-247) for windows-amd64 JRE (17.0.16+12-LTS-247), built on Jun 27 2025 10:11:42 by "mach5one" with MS VC++ 17.6 (VS2022)

END.
