#
# There is insufficient memory for the Java Runtime Environment to continue.
# Native memory allocation (malloc) failed to allocate 399536 bytes. Error detail: Chunk::new
# Possible reasons:
#   The system is out of physical RAM or swap space
#   This process is running with CompressedOops enabled, and the Java Heap may be blocking the growth of the native heap
# Possible solutions:
#   Reduce memory load on the system
#   Increase physical memory or swap space
#   Check if swap backing store is full
#   Decrease Java heap size (-Xmx/-Xms)
#   Decrease number of Java threads
#   Decrease Java thread stack sizes (-Xss)
#   Set larger code cache with -XX:ReservedCodeCacheSize=
#   JVM is running with Zero Based Compressed Oops mode in which the Java heap is
#     placed in the first 32GB address space. The Java Heap base address is the
#     maximum limit for the native heap growth. Please use -XX:HeapBaseMinAddress
#     to set the Java Heap base and to place the Java Heap above 32GB virtual address.
# This output file may be truncated or incomplete.
#
#  Out of Memory Error (arena.cpp:168), pid=15768, tid=22264
#
# JRE version: OpenJDK Runtime Environment Temurin-21.0.10+7 (21.0.10+7) (build 21.0.10+7-LTS)
# Java VM: OpenJDK 64-Bit Server VM Temurin-21.0.10+7 (21.0.10+7-LTS, mixed mode, sharing, tiered, compressed oops, compressed class ptrs, g1 gc, windows-amd64)
# No core dump will be written. Minidumps are not enabled by default on client versions of Windows
#

---------------  S U M M A R Y ------------

Command Line: --add-opens=java.base/java.lang=ALL-UNNAMED --add-opens=java.base/java.lang.invoke=ALL-UNNAMED --add-opens=java.base/java.util=ALL-UNNAMED --add-opens=java.prefs/java.util.prefs=ALL-UNNAMED --add-exports=jdk.compiler/com.sun.tools.javac.api=ALL-UNNAMED --add-exports=jdk.compiler/com.sun.tools.javac.util=ALL-UNNAMED --add-opens=java.base/java.util=ALL-UNNAMED --add-opens=java.prefs/java.util.prefs=ALL-UNNAMED --add-opens=java.base/java.nio.charset=ALL-UNNAMED --add-opens=java.base/java.net=ALL-UNNAMED --add-opens=java.base/java.util.concurrent=ALL-UNNAMED --add-opens=java.base/java.util.concurrent.atomic=ALL-UNNAMED --add-opens=java.xml/javax.xml.namespace=ALL-UNNAMED --add-opens=java.base/java.time=ALL-UNNAMED -XX:MaxMetaspaceSize=4G -XX:ReservedCodeCacheSize=512m -XX:+HeapDumpOnOutOfMemoryError -Xmx8G -Dfile.encoding=UTF-8 -Duser.country=IN -Duser.language=en -Duser.variant -javaagent:C:\Users\VAMSI\.gradle\wrapper\dists\gradle-9.1.0-all\7wzd0jkjit61aq2p43wpjgij9\gradle-9.1.0\lib\agents\gradle-instrumentation-agent-9.1.0.jar org.gradle.launcher.daemon.bootstrap.GradleDaemon 9.1.0

Host: AMD Ryzen 3 7320U with Radeon Graphics         , 8 cores, 7G,  Windows 11 , 64 bit Build 26100 (10.0.26100.8521)
Time: Sun Jun 21 12:56:49 2026 India Standard Time elapsed time: 87.927744 seconds (0d 0h 1m 27s)

---------------  T H R E A D  ---------------

Current thread (0x000001bb75250570):  JavaThread "C2 CompilerThread0" daemon [_thread_in_native, id=22264, stack(0x0000004f77e00000,0x0000004f77f00000) (1024K)]


Current CompileTask:
C2:87927 9661       4       java.util.concurrent.locks.AbstractQueuedSynchronizer$ConditionObject::awaitNanos (202 bytes)

Stack: [0x0000004f77e00000,0x0000004f77f00000]
Native frames: (J=compiled Java code, j=interpreted, Vv=VM code, C=native code)
V  [jvm.dll+0x6d7a39]
V  [jvm.dll+0x8b4b26]
V  [jvm.dll+0x8b70de]
V  [jvm.dll+0x8b77c3]
V  [jvm.dll+0x284346]
V  [jvm.dll+0xc66ed]
V  [jvm.dll+0xc6c31]
V  [jvm.dll+0x3bec3b]
V  [jvm.dll+0x38b162]
V  [jvm.dll+0x38a5aa]
V  [jvm.dll+0x24c560]
V  [jvm.dll+0x24bb40]
V  [jvm.dll+0x1cb34e]
V  [jvm.dll+0x25b85d]
V  [jvm.dll+0x259dea]
V  [jvm.dll+0x3f857e]
V  [jvm.dll+0x85f59d]
V  [jvm.dll+0x6d626d]
C  [ucrtbase.dll+0x2cd30]
C  [KERNEL32.DLL+0x2e957]
C  [ntdll.dll+0x87c1c]


---------------  P R O C E S S  ---------------

Threads class SMR info:
_java_thread_list=0x000001bb7fa2ec00, length=95, elements={
0x000001bb67932f10, 0x000001bb752340f0, 0x000001bb75235480, 0x000001bb75238e10,
0x000001bb7523a1a0, 0x000001bb7523f540, 0x000001bb75240a00, 0x000001bb75250570,
0x000001bb75251da0, 0x000001bb77cb1200, 0x000001bb77d62610, 0x000001bb7cb8a310,
0x000001bb77ce6c40, 0x000001bb7ca10ef0, 0x000001bb77e8dae0, 0x000001bb7ccc9900,
0x000001bb77bcf5b0, 0x000001bb7db4e0d0, 0x000001bb7db4e760, 0x000001bb7db4b2e0,
0x000001bb7db4b970, 0x000001bb7db4d3b0, 0x000001bb7db4cd20, 0x000001bb7db4c000,
0x000001bb7de25720, 0x000001bb7de23ce0, 0x000001bb7de22fc0, 0x000001bb7de24370,
0x000001bb7de24a00, 0x000001bb7de25db0, 0x000001bb7de25090, 0x000001bb7de26ad0,
0x000001bb7de29230, 0x000001bb7de27160, 0x000001bb7de28ba0, 0x000001bb7de29f50,
0x000001bb7de2a5e0, 0x000001bb7de277f0, 0x000001bb7de27e80, 0x000001bb7ef7c720,
0x000001bb7ef7c090, 0x000001bb7ef7e7f0, 0x000001bb7ef7d440, 0x000001bb7ef7cdb0,
0x000001bb7ef7dad0, 0x000001bb7ef7ba00, 0x000001bb7ef7ee80, 0x000001bb7ef7e160,
0x000001bb62ca4ff0, 0x000001bb62ca7de0, 0x000001bb62ca70c0, 0x000001bb62ca5d10,
0x000001bb62ca63a0, 0x000001bb62ca6a30, 0x000001bb62ca5680, 0x000001bb62ca7750,
0x000001bb62caa540, 0x000001bb62cab260, 0x000001bb62ca8470, 0x000001bb62cabf80,
0x000001bb62acfba0, 0x000001bb62acd440, 0x000001bb62ad0230, 0x000001bb62acdad0,
0x000001bb62acee80, 0x000001bb62ace160, 0x000001bb62ace7f0, 0x000001bb62acf510,
0x000001bb61b7f8a0, 0x000001bb61b80c50, 0x000001bb61b805c0, 0x000001bb61b812e0,
0x000001bb61b7ff30, 0x000001bb61b7de60, 0x000001bb61b81970, 0x000001bb61b7f210,
0x000001bb61b7e4f0, 0x000001bb61b82000, 0x000001bb61b7eb80, 0x000001bb61b82d20,
0x000001bb61b85480, 0x000001bb61b83a40, 0x000001bb61b833b0, 0x000001bb61b84df0,
0x000001bb61b84760, 0x000001bb61b840d0, 0x000001bb7e666cd0, 0x000001bb7e667360,
0x000001bb7e669430, 0x000001bb7e668da0, 0x000001bb7e669ac0, 0x000001bb7e668080,
0x000001bb7e666640, 0x000001bb7e66b500, 0x000001bb7e668710
}

Java Threads: ( => current thread )
  0x000001bb67932f10 JavaThread "main"                              [_thread_blocked, id=15996, stack(0x0000004f77000000,0x0000004f77100000) (1024K)]
  0x000001bb752340f0 JavaThread "Reference Handler"          daemon [_thread_blocked, id=18688, stack(0x0000004f77800000,0x0000004f77900000) (1024K)]
  0x000001bb75235480 JavaThread "Finalizer"                  daemon [_thread_blocked, id=18372, stack(0x0000004f77900000,0x0000004f77a00000) (1024K)]
  0x000001bb75238e10 JavaThread "Signal Dispatcher"          daemon [_thread_blocked, id=8248, stack(0x0000004f77a00000,0x0000004f77b00000) (1024K)]
  0x000001bb7523a1a0 JavaThread "Attach Listener"            daemon [_thread_blocked, id=21444, stack(0x0000004f77b00000,0x0000004f77c00000) (1024K)]
  0x000001bb7523f540 JavaThread "Service Thread"             daemon [_thread_blocked, id=26180, stack(0x0000004f77c00000,0x0000004f77d00000) (1024K)]
  0x000001bb75240a00 JavaThread "Monitor Deflation Thread"   daemon [_thread_blocked, id=28088, stack(0x0000004f77d00000,0x0000004f77e00000) (1024K)]
=>0x000001bb75250570 JavaThread "C2 CompilerThread0"         daemon [_thread_in_native, id=22264, stack(0x0000004f77e00000,0x0000004f77f00000) (1024K)]
  0x000001bb75251da0 JavaThread "C1 CompilerThread0"         daemon [_thread_blocked, id=31700, stack(0x0000004f77f00000,0x0000004f78000000) (1024K)]
  0x000001bb77cb1200 JavaThread "Common-Cleaner"             daemon [_thread_blocked, id=10820, stack(0x0000004f78000000,0x0000004f78100000) (1024K)]
  0x000001bb77d62610 JavaThread "Notification Thread"        daemon [_thread_blocked, id=8908, stack(0x0000004f78100000,0x0000004f78200000) (1024K)]
  0x000001bb7cb8a310 JavaThread "Daemon health stats"               [_thread_blocked, id=22160, stack(0x0000004f78600000,0x0000004f78700000) (1024K)]
  0x000001bb77ce6c40 JavaThread "Incoming local TCP Connector on port 58449"        [_thread_in_native, id=24472, stack(0x0000004f78b00000,0x0000004f78c00000) (1024K)]
  0x000001bb7ca10ef0 JavaThread "Daemon periodic checks"            [_thread_blocked, id=21360, stack(0x0000004f78c00000,0x0000004f78d00000) (1024K)]
  0x000001bb77e8dae0 JavaThread "Daemon"                            [_thread_blocked, id=17096, stack(0x0000004f78d00000,0x0000004f78e00000) (1024K)]
  0x000001bb7ccc9900 JavaThread "Handler for socket connection from /127.0.0.1:58449 to /127.0.0.1:58450"        [_thread_in_native, id=26896, stack(0x0000004f78e00000,0x0000004f78f00000) (1024K)]
  0x000001bb77bcf5b0 JavaThread "Cancel handler"                    [_thread_blocked, id=28984, stack(0x0000004f78f00000,0x0000004f79000000) (1024K)]
  0x000001bb7db4e0d0 JavaThread "Daemon worker"                     [_thread_blocked, id=22692, stack(0x0000004f79000000,0x0000004f79100000) (1024K)]
  0x000001bb7db4e760 JavaThread "Asynchronous log dispatcher for DefaultDaemonConnection: socket connection from /127.0.0.1:58449 to /127.0.0.1:58450"        [_thread_blocked, id=25456, stack(0x0000004f79100000,0x0000004f79200000) (1024K)]
  0x000001bb7db4b2e0 JavaThread "Stdin handler"                     [_thread_blocked, id=14912, stack(0x0000004f79200000,0x0000004f79300000) (1024K)]
  0x000001bb7db4b970 JavaThread "Daemon client event forwarder"        [_thread_blocked, id=13416, stack(0x0000004f79300000,0x0000004f79400000) (1024K)]
  0x000001bb7db4d3b0 JavaThread "Cache worker for journal cache (C:\Users\VAMSI\.gradle\caches\journal-1)"        [_thread_blocked, id=30264, stack(0x0000004f78700000,0x0000004f78800000) (1024K)]
  0x000001bb7db4cd20 JavaThread "File lock request listener"        [_thread_in_native, id=6924, stack(0x0000004f79400000,0x0000004f79500000) (1024K)]
  0x000001bb7db4c000 JavaThread "Cache worker for file hash cache (C:\Users\VAMSI\.gradle\caches\9.1.0\fileHashes)"        [_thread_blocked, id=25344, stack(0x0000004f79500000,0x0000004f79600000) (1024K)]
  0x000001bb7de25720 JavaThread "Cache worker for file hash cache (E:\BHARATH_intership\Healthcare management system\frontend\android\.gradle\9.1.0\fileHashes)"        [_thread_blocked, id=7544, stack(0x0000004f79800000,0x0000004f79900000) (1024K)]
  0x000001bb7de23ce0 JavaThread "Cache worker for Build Output Cleanup Cache (E:\BHARATH_intership\Healthcare management system\frontend\android\.gradle\buildOutputCleanup)"        [_thread_blocked, id=26560, stack(0x0000004f79900000,0x0000004f79a00000) (1024K)]
  0x000001bb7de22fc0 JavaThread "File watcher server"        daemon [_thread_in_native, id=19152, stack(0x0000004f79a00000,0x0000004f79b00000) (1024K)]
  0x000001bb7de24370 JavaThread "File watcher consumer"      daemon [_thread_blocked, id=31328, stack(0x0000004f79b00000,0x0000004f79c00000) (1024K)]
  0x000001bb7de24a00 JavaThread "Cache worker for checksums cache (E:\BHARATH_intership\Healthcare management system\frontend\android\.gradle\9.1.0\checksums)"        [_thread_blocked, id=12344, stack(0x0000004f79600000,0x0000004f79700000) (1024K)]
  0x000001bb7de25db0 JavaThread "Cache worker for file content cache (C:\Users\VAMSI\.gradle\caches\9.1.0\fileContent)"        [_thread_blocked, id=3296, stack(0x0000004f79c00000,0x0000004f79d00000) (1024K)]
  0x000001bb7de25090 JavaThread "Cache worker for cache directory md-supplier (C:\Users\VAMSI\.gradle\caches\9.1.0\md-supplier)"        [_thread_blocked, id=8748, stack(0x0000004f79d00000,0x0000004f79e00000) (1024K)]
  0x000001bb7de26ad0 JavaThread "Cache worker for cache directory md-rule (C:\Users\VAMSI\.gradle\caches\9.1.0\md-rule)"        [_thread_blocked, id=1932, stack(0x0000004f79e00000,0x0000004f79f00000) (1024K)]
  0x000001bb7de29230 JavaThread "Cache worker for Build Output Cleanup Cache (C:\src\flutter\packages\flutter_tools\gradle\.gradle\buildOutputCleanup)"        [_thread_blocked, id=9460, stack(0x0000004f7a000000,0x0000004f7a100000) (1024K)]
  0x000001bb7de27160 JavaThread "Unconstrained build operations"        [_thread_blocked, id=17900, stack(0x0000004f79f00000,0x0000004f7a000000) (1024K)]
  0x000001bb7de28ba0 JavaThread "Unconstrained build operations Thread 2"        [_thread_blocked, id=23816, stack(0x0000004f7a100000,0x0000004f7a200000) (1024K)]
  0x000001bb7de29f50 JavaThread "Unconstrained build operations Thread 3"        [_thread_blocked, id=28544, stack(0x0000004f7a200000,0x0000004f7a300000) (1024K)]
  0x000001bb7de2a5e0 JavaThread "Unconstrained build operations Thread 4"        [_thread_blocked, id=23360, stack(0x0000004f7a300000,0x0000004f7a400000) (1024K)]
  0x000001bb7de277f0 JavaThread "Unconstrained build operations Thread 5"        [_thread_blocked, id=17016, stack(0x0000004f7a400000,0x0000004f7a500000) (1024K)]
  0x000001bb7de27e80 JavaThread "Unconstrained build operations Thread 6"        [_thread_blocked, id=6512, stack(0x0000004f7a500000,0x0000004f7a600000) (1024K)]
  0x000001bb7ef7c720 JavaThread "Unconstrained build operations Thread 7"        [_thread_blocked, id=23256, stack(0x0000004f7a600000,0x0000004f7a700000) (1024K)]
  0x000001bb7ef7c090 JavaThread "Unconstrained build operations Thread 8"        [_thread_blocked, id=30120, stack(0x0000004f7a800000,0x0000004f7a900000) (1024K)]
  0x000001bb7ef7e7f0 JavaThread "Unconstrained build operations Thread 9"        [_thread_blocked, id=9328, stack(0x0000004f7a900000,0x0000004f7aa00000) (1024K)]
  0x000001bb7ef7d440 JavaThread "Unconstrained build operations Thread 10"        [_thread_blocked, id=27748, stack(0x0000004f7aa00000,0x0000004f7ab00000) (1024K)]
  0x000001bb7ef7cdb0 JavaThread "Unconstrained build operations Thread 11"        [_thread_blocked, id=22804, stack(0x0000004f7ab00000,0x0000004f7ac00000) (1024K)]
  0x000001bb7ef7dad0 JavaThread "Unconstrained build operations Thread 12"        [_thread_blocked, id=4468, stack(0x0000004f7ac00000,0x0000004f7ad00000) (1024K)]
  0x000001bb7ef7ba00 JavaThread "Unconstrained build operations Thread 13"        [_thread_blocked, id=16772, stack(0x0000004f7ad00000,0x0000004f7ae00000) (1024K)]
  0x000001bb7ef7ee80 JavaThread "Unconstrained build operations Thread 14"        [_thread_blocked, id=7304, stack(0x0000004f7ae00000,0x0000004f7af00000) (1024K)]
  0x000001bb7ef7e160 JavaThread "Unconstrained build operations Thread 15"        [_thread_blocked, id=4572, stack(0x0000004f7af00000,0x0000004f7b000000) (1024K)]
  0x000001bb62ca4ff0 JavaThread "Unconstrained build operations Thread 16"        [_thread_blocked, id=24744, stack(0x0000004f7b000000,0x0000004f7b100000) (1024K)]
  0x000001bb62ca7de0 JavaThread "Unconstrained build operations Thread 17"        [_thread_blocked, id=15628, stack(0x0000004f7b100000,0x0000004f7b200000) (1024K)]
  0x000001bb62ca70c0 JavaThread "Unconstrained build operations Thread 18"        [_thread_blocked, id=22312, stack(0x0000004f7b200000,0x0000004f7b300000) (1024K)]
  0x000001bb62ca5d10 JavaThread "Unconstrained build operations Thread 19"        [_thread_blocked, id=31460, stack(0x0000004f7b300000,0x0000004f7b400000) (1024K)]
  0x000001bb62ca63a0 JavaThread "Unconstrained build operations Thread 20"        [_thread_blocked, id=6468, stack(0x0000004f7b400000,0x0000004f7b500000) (1024K)]
  0x000001bb62ca6a30 JavaThread "Unconstrained build operations Thread 21"        [_thread_blocked, id=24136, stack(0x0000004f7b500000,0x0000004f7b600000) (1024K)]
  0x000001bb62ca5680 JavaThread "Memory manager"                    [_thread_blocked, id=30108, stack(0x0000004f7b600000,0x0000004f7b700000) (1024K)]
  0x000001bb62ca7750 JavaThread "build event listener"              [_thread_blocked, id=14668, stack(0x0000004f7a700000,0x0000004f7a800000) (1024K)]
  0x000001bb62caa540 JavaThread "included builds"                   [_thread_blocked, id=21776, stack(0x0000004f7b700000,0x0000004f7b800000) (1024K)]
  0x000001bb62cab260 JavaThread "Execution worker"                  [_thread_blocked, id=4476, stack(0x0000004f7b800000,0x0000004f7b900000) (1024K)]
  0x000001bb62ca8470 JavaThread "Execution worker Thread 2"         [_thread_blocked, id=14132, stack(0x0000004f7b900000,0x0000004f7ba00000) (1024K)]
  0x000001bb62cabf80 JavaThread "Execution worker Thread 3"         [_thread_blocked, id=952, stack(0x0000004f7ba00000,0x0000004f7bb00000) (1024K)]
  0x000001bb62acfba0 JavaThread "Execution worker Thread 4"         [_thread_blocked, id=30768, stack(0x0000004f7bb00000,0x0000004f7bc00000) (1024K)]
  0x000001bb62acd440 JavaThread "Execution worker Thread 5"         [_thread_blocked, id=16936, stack(0x0000004f7bc00000,0x0000004f7bd00000) (1024K)]
  0x000001bb62ad0230 JavaThread "Execution worker Thread 6"         [_thread_blocked, id=12832, stack(0x0000004f7bd00000,0x0000004f7be00000) (1024K)]
  0x000001bb62acdad0 JavaThread "Execution worker Thread 7"         [_thread_blocked, id=5820, stack(0x0000004f7be00000,0x0000004f7bf00000) (1024K)]
  0x000001bb62acee80 JavaThread "Cache worker for execution history cache (C:\src\flutter\packages\flutter_tools\gradle\.gradle\9.1.0\executionHistory)"        [_thread_blocked, id=12060, stack(0x0000004f7bf00000,0x0000004f7c000000) (1024K)]
  0x000001bb62ace160 JavaThread "Unconstrained build operations Thread 22"        [_thread_blocked, id=21316, stack(0x0000004f76e00000,0x0000004f76f00000) (1024K)]
  0x000001bb62ace7f0 JavaThread "Unconstrained build operations Thread 23"        [_thread_blocked, id=4140, stack(0x0000004f7c000000,0x0000004f7c100000) (1024K)]
  0x000001bb62acf510 JavaThread "Unconstrained build operations Thread 24"        [_thread_blocked, id=19940, stack(0x0000004f7c100000,0x0000004f7c200000) (1024K)]
  0x000001bb61b7f8a0 JavaThread "Unconstrained build operations Thread 25"        [_thread_blocked, id=15868, stack(0x0000004f7c200000,0x0000004f7c300000) (1024K)]
  0x000001bb61b80c50 JavaThread "Unconstrained build operations Thread 26"        [_thread_blocked, id=22872, stack(0x0000004f7c300000,0x0000004f7c400000) (1024K)]
  0x000001bb61b805c0 JavaThread "Unconstrained build operations Thread 27"        [_thread_blocked, id=5672, stack(0x0000004f7c400000,0x0000004f7c500000) (1024K)]
  0x000001bb61b812e0 JavaThread "Unconstrained build operations Thread 28"        [_thread_blocked, id=9900, stack(0x0000004f7c500000,0x0000004f7c600000) (1024K)]
  0x000001bb61b7ff30 JavaThread "Unconstrained build operations Thread 29"        [_thread_blocked, id=13528, stack(0x0000004f7c600000,0x0000004f7c700000) (1024K)]
  0x000001bb61b7de60 JavaThread "Unconstrained build operations Thread 30"        [_thread_blocked, id=23024, stack(0x0000004f7c700000,0x0000004f7c800000) (1024K)]
  0x000001bb61b81970 JavaThread "Unconstrained build operations Thread 31"        [_thread_blocked, id=22648, stack(0x0000004f7c800000,0x0000004f7c900000) (1024K)]
  0x000001bb61b7f210 JavaThread "Unconstrained build operations Thread 32"        [_thread_blocked, id=7440, stack(0x0000004f7c900000,0x0000004f7ca00000) (1024K)]
  0x000001bb61b7e4f0 JavaThread "Unconstrained build operations Thread 33"        [_thread_blocked, id=24112, stack(0x0000004f7ca00000,0x0000004f7cb00000) (1024K)]
  0x000001bb61b82000 JavaThread "Unconstrained build operations Thread 34"        [_thread_blocked, id=29428, stack(0x0000004f7cb00000,0x0000004f7cc00000) (1024K)]
  0x000001bb61b7eb80 JavaThread "Unconstrained build operations Thread 35"        [_thread_blocked, id=31224, stack(0x0000004f7cc00000,0x0000004f7cd00000) (1024K)]
  0x000001bb61b82d20 JavaThread "Unconstrained build operations Thread 36"        [_thread_blocked, id=4848, stack(0x0000004f7cd00000,0x0000004f7ce00000) (1024K)]
  0x000001bb61b85480 JavaThread "Unconstrained build operations Thread 37"        [_thread_blocked, id=25804, stack(0x0000004f7ce00000,0x0000004f7cf00000) (1024K)]
  0x000001bb61b83a40 JavaThread "Unconstrained build operations Thread 38"        [_thread_blocked, id=24204, stack(0x0000004f7cf00000,0x0000004f7d000000) (1024K)]
  0x000001bb61b833b0 JavaThread "Unconstrained build operations Thread 39"        [_thread_blocked, id=23032, stack(0x0000004f7d000000,0x0000004f7d100000) (1024K)]
  0x000001bb61b84df0 JavaThread "Unconstrained build operations Thread 40"        [_thread_blocked, id=21228, stack(0x0000004f7d100000,0x0000004f7d200000) (1024K)]
  0x000001bb61b84760 JavaThread "Unconstrained build operations Thread 41"        [_thread_blocked, id=12224, stack(0x0000004f7d200000,0x0000004f7d300000) (1024K)]
  0x000001bb61b840d0 JavaThread "Unconstrained build operations Thread 42"        [_thread_blocked, id=20592, stack(0x0000004f7d300000,0x0000004f7d400000) (1024K)]
  0x000001bb7e666cd0 JavaThread "Unconstrained build operations Thread 43"        [_thread_blocked, id=26668, stack(0x0000004f7d400000,0x0000004f7d500000) (1024K)]
  0x000001bb7e667360 JavaThread "Unconstrained build operations Thread 44"        [_thread_blocked, id=7880, stack(0x0000004f7d500000,0x0000004f7d600000) (1024K)]
  0x000001bb7e669430 JavaThread "WorkerExecutor Queue"              [_thread_in_native, id=26316, stack(0x0000004f7d600000,0x0000004f7d700000) (1024K)]
  0x000001bb7e668da0 JavaThread "RMI Scheduler(0)"           daemon [_thread_blocked, id=9524, stack(0x0000004f7d700000,0x0000004f7d800000) (1024K)]
  0x000001bb7e669ac0 JavaThread "RMI RenewClean-[127.0.0.1:17497,org.jetbrains.kotlin.daemon.common.LoopbackNetworkInterface$ClientLoopbackSocketFactory@28b3e73b]" daemon [_thread_blocked, id=4164, stack(0x0000004f7d800000,0x0000004f7d900000) (1024K)]
  0x000001bb7e668080 JavaThread "RMI GC Daemon"              daemon [_thread_blocked, id=8064, stack(0x0000004f7d900000,0x0000004f7da00000) (1024K)]
  0x000001bb7e666640 JavaThread "RMI TCP Accept-0"           daemon [_thread_in_native, id=256, stack(0x0000004f7da00000,0x0000004f7db00000) (1024K)]
  0x000001bb7e66b500 JavaThread "RMI Reaper"                        [_thread_blocked, id=20656, stack(0x0000004f7db00000,0x0000004f7dc00000) (1024K)]
  0x000001bb7e668710 JavaThread "RMI TCP Connection(idle)"   daemon [_thread_blocked, id=11476, stack(0x0000004f7dc00000,0x0000004f7dd00000) (1024K)]
Total: 95

Other Threads:
  0x000001bb75216240 VMThread "VM Thread"                           [id=3968, stack(0x0000004f77700000,0x0000004f77800000) (1024K)]
  0x000001bb75202760 WatcherThread "VM Periodic Task Thread"        [id=16980, stack(0x0000004f77600000,0x0000004f77700000) (1024K)]
  0x000001bb750b1120 WorkerThread "GC Thread#0"                     [id=8616, stack(0x0000004f77100000,0x0000004f77200000) (1024K)]
  0x000001bb77d37b90 WorkerThread "GC Thread#1"                     [id=19028, stack(0x0000004f78200000,0x0000004f78300000) (1024K)]
  0x000001bb77b7abe0 WorkerThread "GC Thread#2"                     [id=29680, stack(0x0000004f78300000,0x0000004f78400000) (1024K)]
  0x000001bb7ca73ac0 WorkerThread "GC Thread#3"                     [id=31164, stack(0x0000004f78400000,0x0000004f78500000) (1024K)]
  0x000001bb77ec5270 WorkerThread "GC Thread#4"                     [id=27032, stack(0x0000004f78500000,0x0000004f78600000) (1024K)]
  0x000001bb7c007cd0 WorkerThread "GC Thread#5"                     [id=16088, stack(0x0000004f78800000,0x0000004f78900000) (1024K)]
  0x000001bb77ed8000 WorkerThread "GC Thread#6"                     [id=13348, stack(0x0000004f78900000,0x0000004f78a00000) (1024K)]
  0x000001bb77ed83b0 WorkerThread "GC Thread#7"                     [id=15116, stack(0x0000004f78a00000,0x0000004f78b00000) (1024K)]
  0x000001bb679a9960 ConcurrentGCThread "G1 Main Marker"            [id=6352, stack(0x0000004f77200000,0x0000004f77300000) (1024K)]
  0x000001bb679aab20 WorkerThread "G1 Conc#0"                       [id=4712, stack(0x0000004f77300000,0x0000004f77400000) (1024K)]
  0x000001bb7c03c890 WorkerThread "G1 Conc#1"                       [id=26968, stack(0x0000004f79700000,0x0000004f79800000) (1024K)]
  0x000001bb679de9e0 ConcurrentGCThread "G1 Refine#0"               [id=23328, stack(0x0000004f77400000,0x0000004f77500000) (1024K)]
  0x000001bb750d64c0 ConcurrentGCThread "G1 Service"                [id=4392, stack(0x0000004f77500000,0x0000004f77600000) (1024K)]
Total: 15

Threads with active compile tasks:
C2 CompilerThread0  88044 9661       4       java.util.concurrent.locks.AbstractQueuedSynchronizer$ConditionObject::awaitNanos (202 bytes)
Total: 1

VM state: not at safepoint (normal execution)

VM Mutex/Monitor currently owned by a thread: None

Heap address: 0x0000000600000000, size: 8192 MB, Compressed Oops mode: Zero based, Oop shift amount: 3

CDS archive(s) mapped at: [0x000001bb20000000-0x000001bb20ba0000-0x000001bb20ba0000), size 12189696, SharedBaseAddress: 0x000001bb20000000, ArchiveRelocationMode: 1.
Compressed class space mapped at: 0x000001bb21000000-0x000001bb61000000, reserved size: 1073741824
Narrow klass base: 0x000001bb20000000, Narrow klass shift: 0, Narrow klass range: 0x100000000

GC Precious Log:
 CardTable entry size: 512
 Card Set container configuration: InlinePtr #cards 4 size 8 Array Of Cards #cards 32 size 80 Howl #buckets 8 coarsen threshold 7372 Howl Bitmap #cards 1024 size 144 coarsen threshold 921 Card regions per heap region 1 cards per card region 8192
 CPUs: 8 total, 8 available
 Memory: 7418M
 Large Page Support: Disabled
 NUMA Support: Disabled
 Compressed Oops: Enabled (Zero based)
 Heap Region Size: 4M
 Heap Min Capacity: 8M
 Heap Initial Capacity: 116M
 Heap Max Capacity: 8G
 Pre-touch: Disabled
 Parallel Workers: 8
 Concurrent Workers: 2
 Concurrent Refinement Workers: 8
 Periodic GC: Disabled

Heap:
 garbage-first heap   total 118784K, used 66141K [0x0000000600000000, 0x0000000800000000)
  region size 4096K, 4 young (16384K), 2 survivors (8192K)
 Metaspace       used 74223K, committed 76480K, reserved 1114112K
  class space    used 10966K, committed 12096K, reserved 1048576K

Heap Regions: E=young(eden), S=young(survivor), O=old, HS=humongous(starts), HC=humongous(continues), CS=collection set, F=free, TAMS=top-at-mark-start, PB=parsable bottom
|   0|0x0000000600000000, 0x0000000600400000, 0x0000000600400000|100%|HS|  |TAMS 0x0000000600000000| PB 0x0000000600000000| Complete 
|   1|0x0000000600400000, 0x0000000600800000, 0x0000000600800000|100%| O|  |TAMS 0x0000000600400000| PB 0x0000000600400000| Untracked 
|   2|0x0000000600800000, 0x0000000600c00000, 0x0000000600c00000|100%| O|  |TAMS 0x0000000600800000| PB 0x0000000600800000| Untracked 
|   3|0x0000000600c00000, 0x0000000601000000, 0x0000000601000000|100%| O|  |TAMS 0x0000000600c00000| PB 0x0000000600c00000| Untracked 
|   4|0x0000000601000000, 0x0000000601000000, 0x0000000601400000|  0%| F|  |TAMS 0x0000000601000000| PB 0x0000000601000000| Untracked 
|   5|0x0000000601400000, 0x0000000601800000, 0x0000000601800000|100%| O|  |TAMS 0x0000000601400000| PB 0x0000000601400000| Untracked 
|   6|0x0000000601800000, 0x0000000601c00000, 0x0000000601c00000|100%| O|  |TAMS 0x0000000601800000| PB 0x0000000601800000| Untracked 
|   7|0x0000000601c00000, 0x0000000602000000, 0x0000000602000000|100%| O|  |TAMS 0x0000000601c00000| PB 0x0000000601c00000| Untracked 
|   8|0x0000000602000000, 0x0000000602400000, 0x0000000602400000|100%| O|  |TAMS 0x0000000602000000| PB 0x0000000602000000| Untracked 
|   9|0x0000000602400000, 0x0000000602800000, 0x0000000602800000|100%| O|  |TAMS 0x0000000602400000| PB 0x0000000602400000| Untracked 
|  10|0x0000000602800000, 0x0000000602c00000, 0x0000000602c00000|100%| O|  |TAMS 0x0000000602800000| PB 0x0000000602800000| Untracked 
|  11|0x0000000602c00000, 0x0000000603000000, 0x0000000603000000|100%| O|  |TAMS 0x0000000602c00000| PB 0x0000000602c00000| Untracked 
|  12|0x0000000603000000, 0x0000000603400000, 0x0000000603400000|100%| O|  |TAMS 0x0000000603000000| PB 0x0000000603000000| Untracked 
|  13|0x0000000603400000, 0x0000000603800000, 0x0000000603800000|100%| O|  |TAMS 0x0000000603400000| PB 0x0000000603400000| Untracked 
|  14|0x0000000603800000, 0x0000000603c00000, 0x0000000603c00000|100%| S|CS|TAMS 0x0000000603800000| PB 0x0000000603800000| Complete 
|  15|0x0000000603c00000, 0x0000000603c00000, 0x0000000604000000|  0%| F|  |TAMS 0x0000000603c00000| PB 0x0000000603c00000| Untracked 
|  16|0x0000000604000000, 0x0000000604000000, 0x0000000604400000|  0%| F|  |TAMS 0x0000000604000000| PB 0x0000000604000000| Untracked 
|  17|0x0000000604400000, 0x0000000604400000, 0x0000000604800000|  0%| F|  |TAMS 0x0000000604400000| PB 0x0000000604400000| Untracked 
|  18|0x0000000604800000, 0x0000000604800000, 0x0000000604c00000|  0%| F|  |TAMS 0x0000000604800000| PB 0x0000000604800000| Untracked 
|  19|0x0000000604c00000, 0x0000000604c00000, 0x0000000605000000|  0%| F|  |TAMS 0x0000000604c00000| PB 0x0000000604c00000| Untracked 
|  20|0x0000000605000000, 0x0000000605000000, 0x0000000605400000|  0%| F|  |TAMS 0x0000000605000000| PB 0x0000000605000000| Untracked 
|  21|0x0000000605400000, 0x0000000605400000, 0x0000000605800000|  0%| F|  |TAMS 0x0000000605400000| PB 0x0000000605400000| Untracked 
|  22|0x0000000605800000, 0x0000000605800000, 0x0000000605c00000|  0%| F|  |TAMS 0x0000000605800000| PB 0x0000000605800000| Untracked 
|  23|0x0000000605c00000, 0x0000000605c00000, 0x0000000606000000|  0%| F|  |TAMS 0x0000000605c00000| PB 0x0000000605c00000| Untracked 
|  24|0x0000000606000000, 0x0000000606000000, 0x0000000606400000|  0%| F|  |TAMS 0x0000000606000000| PB 0x0000000606000000| Untracked 
|  25|0x0000000606400000, 0x00000006065a5e08, 0x0000000606800000| 41%| E|  |TAMS 0x0000000606400000| PB 0x0000000606400000| Complete 
|  26|0x0000000606800000, 0x0000000606b6bd30, 0x0000000606c00000| 85%| S|CS|TAMS 0x0000000606800000| PB 0x0000000606800000| Complete 
|  28|0x0000000607000000, 0x0000000607400000, 0x0000000607400000|100%| E|CS|TAMS 0x0000000607000000| PB 0x0000000607000000| Complete 
|2047|0x00000007ffc00000, 0x00000007ffd2b6d0, 0x0000000800000000| 29%| O|  |TAMS 0x00000007ffc00000| PB 0x00000007ffc00000| Untracked 

Card table byte_map: [0x000001bb6c070000,0x000001bb6d070000] _byte_map_base: 0x000001bb69070000

Marking Bits: (CMBitMap*) 0x000001bb750b1740
 Bits: [0x000001bb6d070000, 0x000001bb75070000)

Polling page: 0x000001bb65700000

Metaspace:

Usage:
  Non-class:     61.77 MB used.
      Class:     10.71 MB used.
       Both:     72.48 MB used.

Virtual space:
  Non-class space:       64.00 MB reserved,      62.88 MB ( 98%) committed,  1 nodes.
      Class space:        1.00 GB reserved,      11.81 MB (  1%) committed,  1 nodes.
             Both:        1.06 GB reserved,      74.69 MB (  7%) committed. 

Chunk freelists:
   Non-Class:  638.00 KB
       Class:  4.24 MB
        Both:  4.87 MB

MaxMetaspaceSize: 4.00 GB
CompressedClassSpaceSize: 1.00 GB
Initial GC threshold: 21.00 MB
Current GC threshold: 112.12 MB
CDS: on
 - commit_granule_bytes: 65536.
 - commit_granule_words: 8192.
 - virtual_space_node_default_size: 8388608.
 - enlarge_chunks_in_place: 1.
 - use_allocation_guard: 0.


Internal statistics:

num_allocs_failed_limit: 12.
num_arena_births: 4030.
num_arena_deaths: 2.
num_vsnodes_births: 2.
num_vsnodes_deaths: 0.
num_space_committed: 1195.
num_space_uncommitted: 0.
num_chunks_returned_to_freelist: 15.
num_chunks_taken_from_freelist: 7718.
num_chunk_merges: 12.
num_chunk_splits: 4942.
num_chunks_enlarged: 2984.
num_inconsistent_stats: 0.

CodeHeap 'non-profiled nmethods': size=259264Kb used=4715Kb max_used=4715Kb free=254548Kb
 bounds [0x000001bb102d0000, 0x000001bb10770000, 0x000001bb20000000]
CodeHeap 'profiled nmethods': size=259264Kb used=16273Kb max_used=16273Kb free=242990Kb
 bounds [0x000001bb00000000, 0x000001bb00ff0000, 0x000001bb0fd30000]
CodeHeap 'non-nmethods': size=5760Kb used=1974Kb max_used=1993Kb free=3785Kb
 bounds [0x000001bb0fd30000, 0x000001bb0ffa0000, 0x000001bb102d0000]
CodeCache: size=524288Kb, used=22962Kb, max_used=22981Kb, free=501323Kb
 total_blobs=9354, nmethods=8519, adapters=738, full_count=0
Compilation: enabled, stopped_count=0, restarted_count=0

Compilation events (20 events):
Event: 76.176 Thread 0x000001bb75250570 nmethod 9652 0x000001bb1076a010 code [0x000001bb1076a1c0, 0x000001bb1076a468]
Event: 80.173 Thread 0x000001bb75251da0 9653       1       java.util.stream.FindOps$FindOp::getOpFlags (5 bytes)
Event: 80.174 Thread 0x000001bb75251da0 nmethod 9653 0x000001bb1076a590 code [0x000001bb1076a720, 0x000001bb1076a7e8]
Event: 80.174 Thread 0x000001bb75251da0 9654       3       java.util.HashMap$ValueSpliterator::tryAdvance (138 bytes)
Event: 80.174 Thread 0x000001bb75251da0 nmethod 9654 0x000001bb00fdc310 code [0x000001bb00fdc540, 0x000001bb00fdcc88]
Event: 80.175 Thread 0x000001bb75251da0 9655       3       java.lang.management.ManagementFactory$PlatformMBeanFinder$$Lambda/0x000001bb21075310::test (12 bytes)
Event: 80.175 Thread 0x000001bb75251da0 nmethod 9655 0x000001bb00fdcf10 code [0x000001bb00fdd0e0, 0x000001bb00fdd4f8]
Event: 81.173 Thread 0x000001bb75251da0 9656       1       org.gradle.internal.concurrent.AbstractManagedExecutor::access$100 (5 bytes)
Event: 81.173 Thread 0x000001bb75251da0 nmethod 9656 0x000001bb1076a890 code [0x000001bb1076aa20, 0x000001bb1076aad0]
Event: 83.172 Thread 0x000001bb75250570 9657       4       java.lang.StringConcatHelper::mix (27 bytes)
Event: 83.173 Thread 0x000001bb75250570 nmethod 9657 0x000001bb1076ab90 code [0x000001bb1076ad20, 0x000001bb1076ae00]
Event: 84.639 Thread 0x000001bb75251da0 9658       3       org.gradle.internal.serialize.InputStreamBackedDecoder::readLong (8 bytes)
Event: 84.641 Thread 0x000001bb75251da0 nmethod 9658 0x000001bb00fdd610 code [0x000001bb00fdd820, 0x000001bb00fddea8]
Event: 84.641 Thread 0x000001bb75251da0 9659       3       java.lang.String::lastIndexOf (12 bytes)
Event: 84.641 Thread 0x000001bb75251da0 nmethod 9659 0x000001bb00fde190 code [0x000001bb00fde380, 0x000001bb00fde778]
Event: 84.641 Thread 0x000001bb75251da0 9660       3       java.util.Formatter$Conversion::isValid (256 bytes)
Event: 84.641 Thread 0x000001bb75251da0 nmethod 9660 0x000001bb00fde910 code [0x000001bb00fdeac0, 0x000001bb00fdf068]
Event: 85.907 Thread 0x000001bb75250570 9661       4       java.util.concurrent.locks.AbstractQueuedSynchronizer$ConditionObject::awaitNanos (202 bytes)
Event: 86.435 Thread 0x000001bb75251da0 9662       3       java.lang.invoke.LambdaForm$MH/0x000001bb2101cc00::invoke (57 bytes)
Event: 86.435 Thread 0x000001bb75251da0 nmethod 9662 0x000001bb00fdf110 code [0x000001bb00fdf320, 0x000001bb00fdfc28]

GC Heap History (20 events):
Event: 44.281 GC heap before
{Heap before GC invocations=12 (full 0):
 garbage-first heap   total 102400K, used 84040K [0x0000000600000000, 0x0000000800000000)
  region size 4096K, 14 young (57344K), 2 survivors (8192K)
 Metaspace       used 46415K, committed 48128K, reserved 1114112K
  class space    used 6908K, committed 7744K, reserved 1048576K
}
Event: 44.287 GC heap after
{Heap after GC invocations=13 (full 0):
 garbage-first heap   total 102400K, used 38067K [0x0000000600000000, 0x0000000800000000)
  region size 4096K, 2 young (8192K), 2 survivors (8192K)
 Metaspace       used 46415K, committed 48128K, reserved 1114112K
  class space    used 6908K, committed 7744K, reserved 1048576K
}
Event: 46.565 GC heap before
{Heap before GC invocations=13 (full 0):
 garbage-first heap   total 102400K, used 87219K [0x0000000600000000, 0x0000000800000000)
  region size 4096K, 14 young (57344K), 2 survivors (8192K)
 Metaspace       used 49456K, committed 51264K, reserved 1114112K
  class space    used 7361K, committed 8256K, reserved 1048576K
}
Event: 46.572 GC heap after
{Heap after GC invocations=14 (full 0):
 garbage-first heap   total 102400K, used 41282K [0x0000000600000000, 0x0000000800000000)
  region size 4096K, 2 young (8192K), 2 survivors (8192K)
 Metaspace       used 49456K, committed 51264K, reserved 1114112K
  class space    used 7361K, committed 8256K, reserved 1048576K
}
Event: 49.713 GC heap before
{Heap before GC invocations=14 (full 0):
 garbage-first heap   total 102400K, used 82242K [0x0000000600000000, 0x0000000800000000)
  region size 4096K, 13 young (53248K), 2 survivors (8192K)
 Metaspace       used 53549K, committed 55488K, reserved 1114112K
  class space    used 7965K, committed 8896K, reserved 1048576K
}
Event: 49.719 GC heap after
{Heap after GC invocations=15 (full 0):
 garbage-first heap   total 102400K, used 46897K [0x0000000600000000, 0x0000000800000000)
  region size 4096K, 2 young (8192K), 2 survivors (8192K)
 Metaspace       used 53549K, committed 55488K, reserved 1114112K
  class space    used 7965K, committed 8896K, reserved 1048576K
}
Event: 52.630 GC heap before
{Heap before GC invocations=15 (full 0):
 garbage-first heap   total 102400K, used 87857K [0x0000000600000000, 0x0000000800000000)
  region size 4096K, 12 young (49152K), 2 survivors (8192K)
 Metaspace       used 58116K, committed 60032K, reserved 1114112K
  class space    used 8577K, committed 9536K, reserved 1048576K
}
Event: 52.635 GC heap after
{Heap after GC invocations=16 (full 0):
 garbage-first heap   total 102400K, used 50018K [0x0000000600000000, 0x0000000800000000)
  region size 4096K, 1 young (4096K), 1 survivors (4096K)
 Metaspace       used 58116K, committed 60032K, reserved 1114112K
  class space    used 8577K, committed 9536K, reserved 1048576K
}
Event: 52.830 GC heap before
{Heap before GC invocations=16 (full 0):
 garbage-first heap   total 102400K, used 58210K [0x0000000600000000, 0x0000000800000000)
  region size 4096K, 4 young (16384K), 1 survivors (4096K)
 Metaspace       used 58784K, committed 60736K, reserved 1114112K
  class space    used 8676K, committed 9600K, reserved 1048576K
}
Event: 52.833 GC heap after
{Heap after GC invocations=17 (full 0):
 garbage-first heap   total 102400K, used 49958K [0x0000000600000000, 0x0000000800000000)
  region size 4096K, 1 young (4096K), 1 survivors (4096K)
 Metaspace       used 58784K, committed 60736K, reserved 1114112K
  class space    used 8676K, committed 9600K, reserved 1048576K
}
Event: 53.644 GC heap before
{Heap before GC invocations=18 (full 0):
 garbage-first heap   total 102400K, used 86822K [0x0000000600000000, 0x0000000800000000)
  region size 4096K, 10 young (40960K), 1 survivors (4096K)
 Metaspace       used 61071K, committed 63040K, reserved 1114112K
  class space    used 9005K, committed 9920K, reserved 1048576K
}
Event: 53.647 GC heap after
{Heap after GC invocations=19 (full 0):
 garbage-first heap   total 102400K, used 50890K [0x0000000600000000, 0x0000000800000000)
  region size 4096K, 1 young (4096K), 1 survivors (4096K)
 Metaspace       used 61071K, committed 63040K, reserved 1114112K
  class space    used 9005K, committed 9920K, reserved 1048576K
}
Event: 54.760 GC heap before
{Heap before GC invocations=19 (full 0):
 garbage-first heap   total 102400K, used 91850K [0x0000000600000000, 0x0000000800000000)
  region size 4096K, 11 young (45056K), 1 survivors (4096K)
 Metaspace       used 63767K, committed 65792K, reserved 1114112K
  class space    used 9407K, committed 10432K, reserved 1048576K
}
Event: 54.768 GC heap after
{Heap after GC invocations=20 (full 0):
 garbage-first heap   total 106496K, used 52323K [0x0000000600000000, 0x0000000800000000)
  region size 4096K, 2 young (8192K), 2 survivors (8192K)
 Metaspace       used 63767K, committed 65792K, reserved 1114112K
  class space    used 9407K, committed 10432K, reserved 1048576K
}
Event: 56.223 GC heap before
{Heap before GC invocations=20 (full 0):
 garbage-first heap   total 106496K, used 93283K [0x0000000600000000, 0x0000000800000000)
  region size 4096K, 12 young (49152K), 2 survivors (8192K)
 Metaspace       used 66723K, committed 68800K, reserved 1114112K
  class space    used 9846K, committed 10880K, reserved 1048576K
}
Event: 56.231 GC heap after
{Heap after GC invocations=21 (full 0):
 garbage-first heap   total 106496K, used 55072K [0x0000000600000000, 0x0000000800000000)
  region size 4096K, 2 young (8192K), 2 survivors (8192K)
 Metaspace       used 66723K, committed 68800K, reserved 1114112K
  class space    used 9846K, committed 10880K, reserved 1048576K
}
Event: 60.980 GC heap before
{Heap before GC invocations=22 (full 0):
 garbage-first heap   total 106496K, used 96032K [0x0000000600000000, 0x0000000800000000)
  region size 4096K, 12 young (49152K), 2 survivors (8192K)
 Metaspace       used 69370K, committed 71552K, reserved 1114112K
  class space    used 10305K, committed 11392K, reserved 1048576K
}
Event: 60.988 GC heap after
{Heap after GC invocations=23 (full 0):
 garbage-first heap   total 110592K, used 58354K [0x0000000600000000, 0x0000000800000000)
  region size 4096K, 2 young (8192K), 2 survivors (8192K)
 Metaspace       used 69370K, committed 71552K, reserved 1114112K
  class space    used 10305K, committed 11392K, reserved 1048576K
}
Event: 66.205 GC heap before
{Heap before GC invocations=23 (full 0):
 garbage-first heap   total 110592K, used 99314K [0x0000000600000000, 0x0000000800000000)
  region size 4096K, 12 young (49152K), 2 survivors (8192K)
 Metaspace       used 73617K, committed 75776K, reserved 1114112K
  class space    used 10871K, committed 11904K, reserved 1048576K
}
Event: 66.217 GC heap after
{Heap after GC invocations=24 (full 0):
 garbage-first heap   total 118784K, used 62045K [0x0000000600000000, 0x0000000800000000)
  region size 4096K, 2 young (8192K), 2 survivors (8192K)
 Metaspace       used 73617K, committed 75776K, reserved 1114112K
  class space    used 10871K, committed 11904K, reserved 1048576K
}

Dll operation events (15 events):
Event: 0.473 Loaded shared library C:\Users\VAMSI\.vscode\extensions\redhat.java-1.54.0-win32-x64\jre\21.0.10-win32-x86_64\bin\java.dll
Event: 0.709 Loaded shared library C:\Users\VAMSI\.vscode\extensions\redhat.java-1.54.0-win32-x64\jre\21.0.10-win32-x86_64\bin\zip.dll
Event: 0.757 Loaded shared library C:\Users\VAMSI\.vscode\extensions\redhat.java-1.54.0-win32-x64\jre\21.0.10-win32-x86_64\bin\instrument.dll
Event: 1.157 Loaded shared library C:\Users\VAMSI\.vscode\extensions\redhat.java-1.54.0-win32-x64\jre\21.0.10-win32-x86_64\bin\net.dll
Event: 1.332 Loaded shared library C:\Users\VAMSI\.vscode\extensions\redhat.java-1.54.0-win32-x64\jre\21.0.10-win32-x86_64\bin\nio.dll
Event: 1.434 Loaded shared library C:\Users\VAMSI\.vscode\extensions\redhat.java-1.54.0-win32-x64\jre\21.0.10-win32-x86_64\bin\zip.dll
Event: 13.691 Loaded shared library C:\Users\VAMSI\.vscode\extensions\redhat.java-1.54.0-win32-x64\jre\21.0.10-win32-x86_64\bin\jimage.dll
Event: 19.274 Loaded shared library C:\Users\VAMSI\.vscode\extensions\redhat.java-1.54.0-win32-x64\jre\21.0.10-win32-x86_64\bin\verify.dll
Event: 19.586 Loaded shared library C:\Users\VAMSI\.gradle\native\1def1411415f61bf3af743bc5b6707747c0891f09f0c88961ee8f79bc544acac\windows-amd64\native-platform.dll
Event: 19.717 Loaded shared library C:\Users\VAMSI\.gradle\native\0.2.8\x86_64-windows-gnu\gradle-fileevents.dll
Event: 34.075 Loaded shared library C:\Users\VAMSI\.vscode\extensions\redhat.java-1.54.0-win32-x64\jre\21.0.10-win32-x86_64\bin\management.dll
Event: 34.128 Loaded shared library C:\Users\VAMSI\.vscode\extensions\redhat.java-1.54.0-win32-x64\jre\21.0.10-win32-x86_64\bin\management_ext.dll
Event: 34.351 Loaded shared library C:\Users\VAMSI\.vscode\extensions\redhat.java-1.54.0-win32-x64\jre\21.0.10-win32-x86_64\bin\extnet.dll
Event: 34.780 Loaded shared library C:\Users\VAMSI\.vscode\extensions\redhat.java-1.54.0-win32-x64\jre\21.0.10-win32-x86_64\bin\sunmscapi.dll
Event: 66.245 Loaded shared library C:\Users\VAMSI\.vscode\extensions\redhat.java-1.54.0-win32-x64\jre\21.0.10-win32-x86_64\bin\rmi.dll

Deoptimization events (20 events):
Event: 66.247 Thread 0x000001bb7e669430 Uncommon trap: trap_request=0xffffff45 fr.pc=0x000001bb106d7b14 relative=0x0000000000000b54
Event: 66.247 Thread 0x000001bb7e669430 Uncommon trap: reason=unstable_if action=reinterpret pc=0x000001bb106d7b14 method=java.util.WeakHashMap.put(Ljava/lang/Object;Ljava/lang/Object;)Ljava/lang/Object; @ 57 c2
Event: 66.247 Thread 0x000001bb7e669430 DEOPT PACKING pc=0x000001bb106d7b14 sp=0x0000004f7d6fcaa0
Event: 66.247 Thread 0x000001bb7e669430 DEOPT UNPACKING pc=0x000001bb0fd84422 sp=0x0000004f7d6fca80 mode 2
Event: 66.274 Thread 0x000001bb7e669430 Uncommon trap: trap_request=0xffffffc6 fr.pc=0x000001bb10626470 relative=0x0000000000000890
Event: 66.274 Thread 0x000001bb7e669430 Uncommon trap: reason=bimorphic_or_optimized_type_check action=maybe_recompile pc=0x000001bb10626470 method=java.security.MessageDigest$Delegate.engineUpdate([BII)V @ 7 c2
Event: 66.274 Thread 0x000001bb7e669430 DEOPT PACKING pc=0x000001bb10626470 sp=0x0000004f7d6fcbe0
Event: 66.274 Thread 0x000001bb7e669430 DEOPT UNPACKING pc=0x000001bb0fd84422 sp=0x0000004f7d6fcb40 mode 2
Event: 66.295 Thread 0x000001bb7e669430 Uncommon trap: trap_request=0xffffffc6 fr.pc=0x000001bb10626470 relative=0x0000000000000890
Event: 66.295 Thread 0x000001bb7e669430 Uncommon trap: reason=bimorphic_or_optimized_type_check action=maybe_recompile pc=0x000001bb10626470 method=java.security.MessageDigest$Delegate.engineUpdate([BII)V @ 7 c2
Event: 66.295 Thread 0x000001bb7e669430 DEOPT PACKING pc=0x000001bb10626470 sp=0x0000004f7d6fcf30
Event: 66.295 Thread 0x000001bb7e669430 DEOPT UNPACKING pc=0x000001bb0fd84422 sp=0x0000004f7d6fce90 mode 2
Event: 66.303 Thread 0x000001bb7e669430 Uncommon trap: trap_request=0xffffffc6 fr.pc=0x000001bb10626470 relative=0x0000000000000890
Event: 66.303 Thread 0x000001bb7e669430 Uncommon trap: reason=bimorphic_or_optimized_type_check action=maybe_recompile pc=0x000001bb10626470 method=java.security.MessageDigest$Delegate.engineUpdate([BII)V @ 7 c2
Event: 66.303 Thread 0x000001bb7e669430 DEOPT PACKING pc=0x000001bb10626470 sp=0x0000004f7d6fcf30
Event: 66.303 Thread 0x000001bb7e669430 DEOPT UNPACKING pc=0x000001bb0fd84422 sp=0x0000004f7d6fce90 mode 2
Event: 66.315 Thread 0x000001bb7e669430 Uncommon trap: trap_request=0xffffffc6 fr.pc=0x000001bb10626470 relative=0x0000000000000890
Event: 66.315 Thread 0x000001bb7e669430 Uncommon trap: reason=bimorphic_or_optimized_type_check action=maybe_recompile pc=0x000001bb10626470 method=java.security.MessageDigest$Delegate.engineUpdate([BII)V @ 7 c2
Event: 66.315 Thread 0x000001bb7e669430 DEOPT PACKING pc=0x000001bb10626470 sp=0x0000004f7d6fd4d0
Event: 66.315 Thread 0x000001bb7e669430 DEOPT UNPACKING pc=0x000001bb0fd84422 sp=0x0000004f7d6fd430 mode 2

Classes loaded (20 events):
Event: 66.349 Loading class sun/rmi/server/LoaderHandler$Loader
Event: 66.349 Loading class sun/rmi/server/LoaderHandler$Loader done
Event: 66.354 Loading class java/rmi/server/ServerNotActiveException
Event: 66.354 Loading class java/rmi/server/ServerNotActiveException done
Event: 66.359 Loading class sun/rmi/transport/DGCAckHandler
Event: 66.359 Loading class sun/rmi/transport/DGCAckHandler done
Event: 66.364 Loading class sun/rmi/transport/DGCAckHandler$1
Event: 66.364 Loading class sun/rmi/transport/DGCAckHandler$1 done
Event: 66.412 Loading class sun/rmi/transport/tcp/TCPTransport$ConnectionHandler
Event: 66.412 Loading class sun/rmi/transport/tcp/TCPTransport$ConnectionHandler done
Event: 66.417 Loading class sun/rmi/transport/Transport$1
Event: 66.417 Loading class sun/rmi/transport/Transport$1 done
Event: 66.418 Loading class sun/rmi/transport/DGCImpl$LeaseInfo
Event: 66.419 Loading class sun/rmi/transport/DGCImpl$LeaseInfo done
Event: 66.419 Loading class sun/rmi/transport/DGCImpl$1
Event: 66.419 Loading class sun/rmi/transport/DGCImpl$1 done
Event: 66.419 Loading class sun/rmi/transport/SequenceEntry
Event: 66.419 Loading class sun/rmi/transport/SequenceEntry done
Event: 87.923 Loading class java/time/Instant$1
Event: 87.924 Loading class java/time/Instant$1 done

Classes unloaded (1 events):
Event: 52.878 Thread 0x000001bb75216240 Unloading class 0x000001bb21798400 'java/lang/invoke/LambdaForm$DMH+0x000001bb21798400'

Classes redefined (0 events):
No events

Internal exceptions (20 events):
Event: 62.387 Thread 0x000001bb7e669430 Exception <a 'java/lang/NoSuchMethodError'{0x00000006040b9520}: 'long java.lang.invoke.DirectMethodHandle$Holder.invokeStaticInit(java.lang.Object)'> (0x00000006040b9520) 
thrown [s\src\hotspot\share\interpreter\linkResolver.cpp, line 773]
Event: 62.456 Thread 0x000001bb7e669430 Exception <a 'java/net/ConnectException'{0x0000000604206000}: Connection refused: connect> (0x0000000604206000) 
thrown [s\src\hotspot\share\prims\jni.cpp, line 539]
Event: 62.469 Thread 0x000001bb7e669430 Exception <a 'java/net/ConnectException'{0x0000000604207cc8}: Connection refused: connect> (0x0000000604207cc8) 
thrown [s\src\hotspot\share\prims\jni.cpp, line 539]
Event: 62.485 Thread 0x000001bb7e669430 Exception <a 'java/net/ConnectException'{0x0000000604208cb0}: Connection refused: connect> (0x0000000604208cb0) 
thrown [s\src\hotspot\share\prims\jni.cpp, line 539]
Event: 62.500 Thread 0x000001bb7e669430 Exception <a 'java/lang/NoSuchMethodError'{0x0000000604250420}: 'int java.lang.invoke.DirectMethodHandle$Holder.invokeStatic(java.lang.Object, long)'> (0x0000000604250420) 
thrown [s\src\hotspot\share\interpreter\linkResolver.cpp, line 773]
Event: 62.554 Thread 0x000001bb7e669430 Exception <a 'java/lang/NoSuchMethodError'{0x00000006042dcd90}: 'void java.lang.invoke.DirectMethodHandle$Holder.invokeStatic(java.lang.Object, long)'> (0x00000006042dcd90) 
thrown [s\src\hotspot\share\interpreter\linkResolver.cpp, line 773]
Event: 62.556 Thread 0x000001bb7e669430 Exception <a 'java/lang/NoSuchMethodError'{0x00000006042e6ed8}: 'java.lang.Object java.lang.invoke.DirectMethodHandle$Holder.invokeStaticInit(java.lang.Object, long, java.lang.Object)'> (0x00000006042e6ed8) 
thrown [s\src\hotspot\share\interpreter\linkResolver.cpp, line 773]
Event: 62.592 Thread 0x000001bb7e668080 Implicit null exception at 0x000001bb10625628 to 0x000001bb106256fc
Event: 62.592 Thread 0x000001bb7e668080 Implicit null exception at 0x000001bb1072aa2d to 0x000001bb1072b1ac
Event: 66.229 Thread 0x000001bb7e669430 Exception <a 'java/lang/NoSuchMethodError'{0x0000000607091480}: static Lorg/jetbrains/kotlin/daemon/common/LoopbackNetworkInterface$AbstractClientLoopbackSocketFactory;.<clinit>()V> (0x0000000607091480) 
thrown [s\src\hotspot\share\prims\jni.cpp, line 1111]
Event: 66.231 Thread 0x000001bb7e669430 Exception <a 'java/lang/NoSuchMethodError'{0x000000060709d438}: static Lorg/jetbrains/kotlin/daemon/common/LoopbackNetworkInterface$ClientLoopbackSocketFactory;.<clinit>()V> (0x000000060709d438) 
thrown [s\src\hotspot\share\prims\jni.cpp, line 1111]
Event: 66.251 Thread 0x000001bb7e669430 Exception <a 'java/lang/NoSuchMethodError'{0x000000060710e8a8}: static [Ljava/rmi/server/ObjID;.<clinit>()V> (0x000000060710e8a8) 
thrown [s\src\hotspot\share\prims\jni.cpp, line 1111]
Event: 66.255 Thread 0x000001bb7e669430 Exception <a 'java/lang/NoSuchMethodError'{0x0000000607145bf8}: static [B.<clinit>()V> (0x0000000607145bf8) 
thrown [s\src\hotspot\share\prims\jni.cpp, line 1111]
Event: 66.267 Thread 0x000001bb7e669ac0 Exception <a 'java/lang/NoSuchMethodError'{0x0000000607110fb8}: 'java.lang.Object java.lang.invoke.DirectMethodHandle$Holder.invokeSpecial(java.lang.Object, java.lang.Object, int, java.lang.Object, long)'> (0x0000000607110fb8) 
thrown [s\src\hotspot\share\interpreter\linkResolver.cpp, line 773]
Event: 66.268 Thread 0x000001bb7e669ac0 Exception <a 'java/lang/NoSuchMethodError'{0x0000000607117a40}: 'java.lang.Object java.lang.invoke.DirectMethodHandle$Holder.newInvokeSpecial(java.lang.Object, java.lang.Object, int, java.lang.Object, long)'> (0x0000000607117a40) 
thrown [s\src\hotspot\share\interpreter\linkResolver.cpp, line 773]
Event: 66.290 Thread 0x000001bb7e669430 Exception <a 'java/lang/NoSuchMethodError'{0x0000000607186c70}: static Lorg/jetbrains/kotlin/daemon/common/CompileService$CallResult;.<clinit>()V> (0x0000000607186c70) 
thrown [s\src\hotspot\share\prims\jni.cpp, line 1111]
Event: 66.292 Thread 0x000001bb7e669430 Exception <a 'java/lang/NoSuchMethodError'{0x0000000607193038}: static Lorg/jetbrains/kotlin/daemon/common/CompileService$CallResult$Good;.<clinit>()V> (0x0000000607193038) 
thrown [s\src\hotspot\share\prims\jni.cpp, line 1111]
Event: 66.293 Thread 0x000001bb7e669430 Exception <a 'java/lang/NoSuchMethodError'{0x00000006071a00d8}: static Lorg/jetbrains/kotlin/daemon/common/DaemonJVMOptions;.<clinit>()V> (0x00000006071a00d8) 
thrown [s\src\hotspot\share\prims\jni.cpp, line 1111]
Event: 66.303 Thread 0x000001bb7e669430 Exception <a 'java/lang/NoSuchMethodError'{0x00000006071b9e80}: static Lorg/jetbrains/kotlin/daemon/common/CompileService$CallResult$Ok;.<clinit>()V> (0x00000006071b9e80) 
thrown [s\src\hotspot\share\prims\jni.cpp, line 1111]
Event: 66.350 Thread 0x000001bb7e669430 Exception <a 'java/lang/NoSuchMethodError'{0x0000000607337948}: static [Ljava/lang/Integer;.<clinit>()V> (0x0000000607337948) 
thrown [s\src\hotspot\share\prims\jni.cpp, line 1111]

ZGC Phase Switch (0 events):
No events

VM Operations (20 events):
Event: 62.324 Executing non-safepoint VM operation: HandshakeAllThreads (Deoptimize)
Event: 62.324 Executing non-safepoint VM operation: HandshakeAllThreads (Deoptimize) done
Event: 62.487 Executing non-safepoint VM operation: HandshakeAllThreads (Deoptimize)
Event: 62.487 Executing non-safepoint VM operation: HandshakeAllThreads (Deoptimize) done
Event: 62.564 Executing non-safepoint VM operation: HandshakeAllThreads (Deoptimize)
Event: 62.565 Executing non-safepoint VM operation: HandshakeAllThreads (Deoptimize) done
Event: 62.577 Executing non-safepoint VM operation: HandshakeAllThreads (Deoptimize)
Event: 62.577 Executing non-safepoint VM operation: HandshakeAllThreads (Deoptimize) done
Event: 62.580 Executing non-safepoint VM operation: HandshakeAllThreads (Deoptimize)
Event: 62.580 Executing non-safepoint VM operation: HandshakeAllThreads (Deoptimize) done
Event: 63.593 Executing safepoint VM operation: Cleanup
Event: 63.594 Executing safepoint VM operation: Cleanup done
Event: 65.618 Executing safepoint VM operation: Cleanup
Event: 65.618 Executing safepoint VM operation: Cleanup done
Event: 66.205 Executing safepoint VM operation: G1CollectForAllocation (G1 Evacuation Pause)
Event: 66.217 Executing safepoint VM operation: G1CollectForAllocation (G1 Evacuation Pause) done
Event: 67.227 Executing safepoint VM operation: Cleanup
Event: 67.227 Executing safepoint VM operation: Cleanup done
Event: 81.233 Executing safepoint VM operation: Cleanup
Event: 81.233 Executing safepoint VM operation: Cleanup done

Memory protections (0 events):
No events

Nmethod flushes (20 events):
Event: 56.285 Thread 0x000001bb75216240 flushing  nmethod 0x000001bb0042c990
Event: 56.285 Thread 0x000001bb75216240 flushing  nmethod 0x000001bb00452e10
Event: 56.285 Thread 0x000001bb75216240 flushing  nmethod 0x000001bb00454910
Event: 56.285 Thread 0x000001bb75216240 flushing  nmethod 0x000001bb00455a90
Event: 56.285 Thread 0x000001bb75216240 flushing  nmethod 0x000001bb004aa010
Event: 56.285 Thread 0x000001bb75216240 flushing  nmethod 0x000001bb00550f90
Event: 56.285 Thread 0x000001bb75216240 flushing  nmethod 0x000001bb00623310
Event: 56.285 Thread 0x000001bb75216240 flushing  nmethod 0x000001bb0068a210
Event: 56.285 Thread 0x000001bb75216240 flushing  nmethod 0x000001bb00739310
Event: 56.285 Thread 0x000001bb75216240 flushing  nmethod 0x000001bb007fd590
Event: 56.285 Thread 0x000001bb75216240 flushing  nmethod 0x000001bb00844610
Event: 56.285 Thread 0x000001bb75216240 flushing  nmethod 0x000001bb00848890
Event: 56.285 Thread 0x000001bb75216240 flushing  nmethod 0x000001bb00849b10
Event: 56.285 Thread 0x000001bb75216240 flushing  nmethod 0x000001bb0084a190
Event: 56.285 Thread 0x000001bb75216240 flushing  nmethod 0x000001bb0084a890
Event: 56.285 Thread 0x000001bb75216240 flushing  nmethod 0x000001bb0084ac10
Event: 56.285 Thread 0x000001bb75216240 flushing  nmethod 0x000001bb008c2a10
Event: 56.285 Thread 0x000001bb75216240 flushing  nmethod 0x000001bb0091b790
Event: 56.285 Thread 0x000001bb75216240 flushing  nmethod 0x000001bb0091bc10
Event: 56.285 Thread 0x000001bb75216240 flushing  nmethod 0x000001bb00c2a110

Events (20 events):
Event: 60.342 Thread 0x000001bb62caa540 Thread added: 0x000001bb61b83a40
Event: 60.343 Thread 0x000001bb62caa540 Thread added: 0x000001bb61b833b0
Event: 60.344 Thread 0x000001bb62caa540 Thread added: 0x000001bb61b84df0
Event: 60.345 Thread 0x000001bb62caa540 Thread added: 0x000001bb61b84760
Event: 60.346 Thread 0x000001bb62caa540 Thread added: 0x000001bb61b840d0
Event: 60.362 Thread 0x000001bb75251da0 Thread added: 0x000001bb7ed031d0
Event: 60.660 Thread 0x000001bb7ed031d0 Thread exited: 0x000001bb7ed031d0
Event: 60.915 Thread 0x000001bb62caa540 Thread added: 0x000001bb7e666cd0
Event: 60.915 Thread 0x000001bb62caa540 Thread added: 0x000001bb7e667360
Event: 61.501 Thread 0x000001bb75251da0 Thread added: 0x000001bb7ed031d0
Event: 61.620 Thread 0x000001bb7ed031d0 Thread exited: 0x000001bb7ed031d0
Event: 62.298 Thread 0x000001bb62caa540 Thread added: 0x000001bb7e669430
Event: 62.591 Thread 0x000001bb7e669430 Thread added: 0x000001bb7e668080
Event: 66.132 Thread 0x000001bb7e668080 Thread exited: 0x000001bb7e668080
Event: 66.233 Thread 0x000001bb7e669430 Thread added: 0x000001bb7e668da0
Event: 66.243 Thread 0x000001bb7e669430 Thread added: 0x000001bb7e669ac0
Event: 66.247 Thread 0x000001bb7e669430 Thread added: 0x000001bb7e668080
Event: 66.340 Thread 0x000001bb7e669430 Thread added: 0x000001bb7e666640
Event: 66.340 Thread 0x000001bb7e669430 Thread added: 0x000001bb7e66b500
Event: 66.412 Thread 0x000001bb7e666640 Thread added: 0x000001bb7e668710


Dynamic libraries:
0x00007ff7e9260000 - 0x00007ff7e926e000 	C:\Users\VAMSI\.vscode\extensions\redhat.java-1.54.0-win32-x64\jre\21.0.10-win32-x86_64\bin\java.exe
0x00007ffa4b3c0000 - 0x00007ffa4b626000 	C:\windows\SYSTEM32\ntdll.dll
0x00007ffa4ad50000 - 0x00007ffa4ae19000 	C:\windows\System32\KERNEL32.DLL
0x00007ffa48650000 - 0x00007ffa48a4a000 	C:\windows\System32\KERNELBASE.dll
0x00007ffa45770000 - 0x00007ffa45810000 	C:\windows\SYSTEM32\apphelp.dll
0x00007ffa48bf0000 - 0x00007ffa48d3c000 	C:\windows\System32\ucrtbase.dll
0x00007ffa34ff0000 - 0x00007ffa3500e000 	C:\Users\VAMSI\.vscode\extensions\redhat.java-1.54.0-win32-x64\jre\21.0.10-win32-x86_64\bin\VCRUNTIME140.dll
0x00007ffa2da80000 - 0x00007ffa2da98000 	C:\Users\VAMSI\.vscode\extensions\redhat.java-1.54.0-win32-x64\jre\21.0.10-win32-x86_64\bin\jli.dll
0x00007ffa4b1b0000 - 0x00007ffa4b377000 	C:\windows\System32\USER32.dll
0x00007ffa48b10000 - 0x00007ffa48b37000 	C:\windows\System32\win32u.dll
0x00007ffa4afa0000 - 0x00007ffa4afcb000 	C:\windows\System32\GDI32.dll
0x00007ffa48f50000 - 0x00007ffa4907b000 	C:\windows\System32\gdi32full.dll
0x00007ffa36ae0000 - 0x00007ffa36d72000 	C:\windows\WinSxS\amd64_microsoft.windows.common-controls_6595b64144ccf1df_6.0.26100.8521_none_3e08b75ce33403b3\COMCTL32.dll
0x00007ffa48b40000 - 0x00007ffa48be3000 	C:\windows\System32\msvcp_win.dll
0x00007ffa4a460000 - 0x00007ffa4a509000 	C:\windows\System32\msvcrt.dll
0x00007ffa4af60000 - 0x00007ffa4af92000 	C:\windows\System32\IMM32.DLL
0x00007ffa43b00000 - 0x00007ffa43b0c000 	C:\Users\VAMSI\.vscode\extensions\redhat.java-1.54.0-win32-x64\jre\21.0.10-win32-x86_64\bin\vcruntime140_1.dll
0x00007ffa0af90000 - 0x00007ffa0b01d000 	C:\Users\VAMSI\.vscode\extensions\redhat.java-1.54.0-win32-x64\jre\21.0.10-win32-x86_64\bin\msvcp140.dll
0x00007ff96ec30000 - 0x00007ff96f9d1000 	C:\Users\VAMSI\.vscode\extensions\redhat.java-1.54.0-win32-x64\jre\21.0.10-win32-x86_64\bin\server\jvm.dll
0x00007ffa4ae20000 - 0x00007ffa4aed6000 	C:\windows\System32\ADVAPI32.dll
0x00007ffa4a020000 - 0x00007ffa4a0ca000 	C:\windows\System32\sechost.dll
0x00007ffa4a610000 - 0x00007ffa4a728000 	C:\windows\System32\RPCRT4.dll
0x00007ffa49b00000 - 0x00007ffa49b80000 	C:\windows\System32\WS2_32.dll
0x00007ffa33f80000 - 0x00007ffa33f8b000 	C:\windows\SYSTEM32\VERSION.dll
0x00007ffa3e770000 - 0x00007ffa3e7a6000 	C:\windows\SYSTEM32\WINMM.dll
0x00007ffa484b0000 - 0x00007ffa4850e000 	C:\windows\SYSTEM32\POWRPROF.dll
0x00007ffa48490000 - 0x00007ffa484a4000 	C:\windows\SYSTEM32\UMPDC.dll
0x00007ffa473e0000 - 0x00007ffa473fb000 	C:\windows\SYSTEM32\kernel.appcore.dll
0x00007ffa3a110000 - 0x00007ffa3a11a000 	C:\Users\VAMSI\.vscode\extensions\redhat.java-1.54.0-win32-x64\jre\21.0.10-win32-x86_64\bin\jimage.dll
0x00007ffa33ff0000 - 0x00007ffa34232000 	C:\windows\SYSTEM32\DBGHELP.DLL
0x00007ffa4a0d0000 - 0x00007ffa4a453000 	C:\windows\System32\combase.dll
0x00007ffa49290000 - 0x00007ffa49369000 	C:\windows\System32\OLEAUT32.dll
0x00007ffa2d4f0000 - 0x00007ffa2d52b000 	C:\windows\SYSTEM32\dbgcore.DLL
0x00007ffa49080000 - 0x00007ffa49128000 	C:\windows\System32\bcryptPrimitives.dll
0x00007ffa35f80000 - 0x00007ffa35f8f000 	C:\Users\VAMSI\.vscode\extensions\redhat.java-1.54.0-win32-x64\jre\21.0.10-win32-x86_64\bin\instrument.dll
0x00007ffa2da00000 - 0x00007ffa2da20000 	C:\Users\VAMSI\.vscode\extensions\redhat.java-1.54.0-win32-x64\jre\21.0.10-win32-x86_64\bin\java.dll
0x00007ffa49370000 - 0x00007ffa49af4000 	C:\windows\System32\SHELL32.dll
0x00007ffa46210000 - 0x00007ffa46a90000 	C:\windows\SYSTEM32\windows.storage.dll
0x00007ffa4a510000 - 0x00007ffa4a606000 	C:\windows\System32\SHCORE.dll
0x00007ffa4a8c0000 - 0x00007ffa4a927000 	C:\windows\System32\shlwapi.dll
0x00007ffa48570000 - 0x00007ffa48599000 	C:\windows\SYSTEM32\profapi.dll
0x00007ffa28c70000 - 0x00007ffa28c88000 	C:\Users\VAMSI\.vscode\extensions\redhat.java-1.54.0-win32-x64\jre\21.0.10-win32-x86_64\bin\zip.dll
0x00007ffa3a030000 - 0x00007ffa3a040000 	C:\Users\VAMSI\.vscode\extensions\redhat.java-1.54.0-win32-x64\jre\21.0.10-win32-x86_64\bin\net.dll
0x00007ffa3e370000 - 0x00007ffa3e499000 	C:\windows\SYSTEM32\WINHTTP.dll
0x00007ffa47950000 - 0x00007ffa479bc000 	C:\windows\system32\mswsock.dll
0x00007ffa22770000 - 0x00007ffa22786000 	C:\Users\VAMSI\.vscode\extensions\redhat.java-1.54.0-win32-x64\jre\21.0.10-win32-x86_64\bin\nio.dll
0x00007ffa350e0000 - 0x00007ffa350f0000 	C:\Users\VAMSI\.vscode\extensions\redhat.java-1.54.0-win32-x64\jre\21.0.10-win32-x86_64\bin\verify.dll
0x00007ffa09ba0000 - 0x00007ffa09bc7000 	C:\Users\VAMSI\.gradle\native\1def1411415f61bf3af743bc5b6707747c0891f09f0c88961ee8f79bc544acac\windows-amd64\native-platform.dll
0x00007ffa0b050000 - 0x00007ffa0b0c7000 	C:\Users\VAMSI\.gradle\native\0.2.8\x86_64-windows-gnu\gradle-fileevents.dll
0x00007ffa22d20000 - 0x00007ffa22d2a000 	C:\Users\VAMSI\.vscode\extensions\redhat.java-1.54.0-win32-x64\jre\21.0.10-win32-x86_64\bin\management.dll
0x00007ffa22a60000 - 0x00007ffa22a6c000 	C:\Users\VAMSI\.vscode\extensions\redhat.java-1.54.0-win32-x64\jre\21.0.10-win32-x86_64\bin\management_ext.dll
0x00007ffa4ab60000 - 0x00007ffa4ab68000 	C:\windows\System32\PSAPI.DLL
0x00007ffa46dc0000 - 0x00007ffa46df3000 	C:\windows\SYSTEM32\IPHLPAPI.DLL
0x00007ffa4b0d0000 - 0x00007ffa4b0da000 	C:\windows\System32\NSI.dll
0x00007ffa395c0000 - 0x00007ffa395c9000 	C:\Users\VAMSI\.vscode\extensions\redhat.java-1.54.0-win32-x64\jre\21.0.10-win32-x86_64\bin\extnet.dll
0x00007ffa47c30000 - 0x00007ffa47c4b000 	C:\windows\SYSTEM32\CRYPTSP.dll
0x00007ffa47340000 - 0x00007ffa47379000 	C:\windows\system32\rsaenh.dll
0x00007ffa47a00000 - 0x00007ffa47a33000 	C:\windows\SYSTEM32\USERENV.dll
0x00007ffa48540000 - 0x00007ffa4856a000 	C:\windows\SYSTEM32\bcrypt.dll
0x00007ffa47c50000 - 0x00007ffa47c5c000 	C:\windows\SYSTEM32\CRYPTBASE.dll
0x00007ffa39690000 - 0x00007ffa3969e000 	C:\Users\VAMSI\.vscode\extensions\redhat.java-1.54.0-win32-x64\jre\21.0.10-win32-x86_64\bin\sunmscapi.dll
0x00007ffa48dd0000 - 0x00007ffa48f48000 	C:\windows\System32\CRYPT32.dll
0x00007ffa47e50000 - 0x00007ffa47e80000 	C:\windows\SYSTEM32\ncrypt.dll
0x00007ffa47e00000 - 0x00007ffa47e3f000 	C:\windows\SYSTEM32\NTASN1.dll
0x00007ffa43ab0000 - 0x00007ffa43ab8000 	C:\windows\system32\wshunix.dll
0x00007ffa434d0000 - 0x00007ffa434d7000 	C:\Users\VAMSI\.vscode\extensions\redhat.java-1.54.0-win32-x64\jre\21.0.10-win32-x86_64\bin\rmi.dll

JVMTI agents:
C:\Users\VAMSI\.gradle\wrapper\dists\gradle-9.1.0-all\7wzd0jkjit61aq2p43wpjgij9\gradle-9.1.0\lib\agents\gradle-instrumentation-agent-9.1.0.jar path:C:\Users\VAMSI\.vscode\extensions\redhat.java-1.54.0-win32-x64\jre\21.0.10-win32-x86_64\bin\instrument.dll, loaded, initialized, instrumentlib options:none

dbghelp: loaded successfully - version: 4.0.5 - missing functions: none
symbol engine: initialized successfully - sym options: 0x614 - pdb path: .;C:\Users\VAMSI\.vscode\extensions\redhat.java-1.54.0-win32-x64\jre\21.0.10-win32-x86_64\bin;C:\windows\SYSTEM32;C:\windows\WinSxS\amd64_microsoft.windows.common-controls_6595b64144ccf1df_6.0.26100.8521_none_3e08b75ce33403b3;C:\Users\VAMSI\.vscode\extensions\redhat.java-1.54.0-win32-x64\jre\21.0.10-win32-x86_64\bin\server;C:\Users\VAMSI\.gradle\native\1def1411415f61bf3af743bc5b6707747c0891f09f0c88961ee8f79bc544acac\windows-amd64;C:\Users\VAMSI\.gradle\native\0.2.8\x86_64-windows-gnu

VM Arguments:
jvm_args: --add-opens=java.base/java.lang=ALL-UNNAMED --add-opens=java.base/java.lang.invoke=ALL-UNNAMED --add-opens=java.base/java.util=ALL-UNNAMED --add-opens=java.prefs/java.util.prefs=ALL-UNNAMED --add-exports=jdk.compiler/com.sun.tools.javac.api=ALL-UNNAMED --add-exports=jdk.compiler/com.sun.tools.javac.util=ALL-UNNAMED --add-opens=java.base/java.util=ALL-UNNAMED --add-opens=java.prefs/java.util.prefs=ALL-UNNAMED --add-opens=java.base/java.nio.charset=ALL-UNNAMED --add-opens=java.base/java.net=ALL-UNNAMED --add-opens=java.base/java.util.concurrent=ALL-UNNAMED --add-opens=java.base/java.util.concurrent.atomic=ALL-UNNAMED --add-opens=java.xml/javax.xml.namespace=ALL-UNNAMED --add-opens=java.base/java.time=ALL-UNNAMED -XX:MaxMetaspaceSize=4G -XX:ReservedCodeCacheSize=512m -XX:+HeapDumpOnOutOfMemoryError -Xmx8G -Dfile.encoding=UTF-8 -Duser.country=IN -Duser.language=en -Duser.variant -javaagent:C:\Users\VAMSI\.gradle\wrapper\dists\gradle-9.1.0-all\7wzd0jkjit61aq2p43wpjgij9\gradle-9.1.0\lib\agents\gradle-instrumentation-agent-9.1.0.jar 
java_command: org.gradle.launcher.daemon.bootstrap.GradleDaemon 9.1.0
java_class_path (initial): C:\Users\VAMSI\.gradle\wrapper\dists\gradle-9.1.0-all\7wzd0jkjit61aq2p43wpjgij9\gradle-9.1.0\lib\gradle-daemon-main-9.1.0.jar
Launcher Type: SUN_STANDARD

[Global flags]
     intx CICompilerCount                          = 4                                         {product} {ergonomic}
     uint ConcGCThreads                            = 2                                         {product} {ergonomic}
     uint G1ConcRefinementThreads                  = 8                                         {product} {ergonomic}
   size_t G1HeapRegionSize                         = 4194304                                   {product} {ergonomic}
    uintx GCDrainStackTargetSize                   = 64                                        {product} {ergonomic}
     bool HeapDumpOnOutOfMemoryError               = true                                   {manageable} {command line}
   size_t InitialHeapSize                          = 121634816                                 {product} {ergonomic}
   size_t MarkStackSize                            = 4194304                                   {product} {ergonomic}
   size_t MaxHeapSize                              = 8589934592                                {product} {command line}
   size_t MaxMetaspaceSize                         = 4294967296                                {product} {command line}
   size_t MaxNewSize                               = 5150605312                                {product} {ergonomic}
   size_t MinHeapDeltaBytes                        = 4194304                                   {product} {ergonomic}
   size_t MinHeapSize                              = 8388608                                   {product} {ergonomic}
    uintx NonNMethodCodeHeapSize                   = 5839372                                {pd product} {ergonomic}
    uintx NonProfiledCodeHeapSize                  = 265515770                              {pd product} {ergonomic}
    uintx ProfiledCodeHeapSize                     = 265515770                              {pd product} {ergonomic}
    uintx ReservedCodeCacheSize                    = 536870912                              {pd product} {command line}
     bool SegmentedCodeCache                       = true                                      {product} {ergonomic}
   size_t SoftMaxHeapSize                          = 8589934592                             {manageable} {ergonomic}
     bool UseCompressedOops                        = true                           {product lp64_product} {ergonomic}
     bool UseG1GC                                  = true                                      {product} {ergonomic}
     bool UseLargePagesIndividualAllocation        = false                                  {pd product} {ergonomic}

Logging:
Log output configuration:
 #0: stdout all=warning uptime,level,tags foldmultilines=false
 #1: stderr all=off uptime,level,tags foldmultilines=false

Release file:
JAVA_VERSION="21.0.10" 
MODULES="java.base java.compiler java.datatransfer java.xml java.prefs java.desktop java.instrument java.logging java.management java.security.sasl java.naming java.rmi java.management.rmi java.net.http java.scripting java.security.jgss java.transaction.xa java.sql java.sql.rowset java.xml.crypto java.se java.smartcardio jdk.accessibility jdk.internal.jvmstat jdk.attach jdk.charsets jdk.internal.opt jdk.zipfs jdk.compiler jdk.crypto.ec jdk.crypto.cryptoki jdk.crypto.mscapi jdk.dynalink jdk.internal.ed jdk.editpad jdk.hotspot.agent jdk.httpserver jdk.internal.le jdk.internal.vm.ci jdk.internal.vm.compiler jdk.internal.vm.compiler.management jdk.jartool jdk.javadoc jdk.jcmd jdk.management jdk.management.agent jdk.jconsole jdk.jdeps jdk.jdwp.agent jdk.jdi jdk.jfr jdk.jshell jdk.jsobject jdk.jstatd jdk.localedata jdk.management.jfr jdk.naming.dns jdk.naming.rmi jdk.net jdk.nio.mapmode jdk.random jdk.sctp jdk.security.auth jdk.security.jgss jdk.unsupported jdk.unsupported.desktop jdk.xml.dom" 

Environment Variables:
JAVA_HOME=C:\Program Files\Java\jdk-17
PATH=C:\Python314\Scripts\;C:\Python314\;C:\app\VAMSI\product\21c\dbhomeXE\bin;C:\Program Files\Common Files\Oracle\Java\javapath;C:\windows\system32;C:\windows;C:\windows\System32\Wbem;C:\windows\System32\WindowsPowerShell\v1.0\;C:\windows\System32\OpenSSH\;C:\Program Files (x86)\Windows Kits\10\Windows Performance Toolkit\;C:\Program Files\dotnet\;C:\Program Files\Java\jdk-17\bin;C:\Program Files\MySQL\MySQL Server 8.0\bin;C:\oracle\oracleinstantclient21;C:\Program Files\Git\cmd;C:\Program Files\nodejs\;C:\ProgramData\chocolatey\bin;C:\Program Files\nodejs;C:\Program Files\MySQL\MySQL Shell 8.0\bin\;C:\Users\VAMSI\AppData\Local\Microsoft\WindowsApps;C:\Users\VAMSI\AppData\Local\Programs\Microsoft VS Code\bin;C:\MinGW\bin;C:\Program Files\Java\jdk-17\bin;C:\apache-maven-3.9.11\bin;C:\Users\VAMSI\AppData\Local\Programs\Antigravity\bin;C:\src\flutter\bin;C:\Users\VAMSI\AppData\Roaming\npm;C:\Users\VAMSI\AppData\Local\Programs\Antigravity IDE\bin
USERNAME=VAMSI
OS=Windows_NT
PROCESSOR_IDENTIFIER=AMD64 Family 23 Model 160 Stepping 0, AuthenticAMD
TMP=C:\Users\VAMSI\AppData\Local\Temp
TEMP=C:\Users\VAMSI\AppData\Local\Temp




Periodic native trim disabled

---------------  S Y S T E M  ---------------

OS:
 Windows 11 , 64 bit Build 26100 (10.0.26100.8521)
OS uptime: 3 days 22:51 hours
Hyper-V role detected

CPU: total 8 (initial active 8) (8 cores per cpu, 2 threads per core) family 23 model 160 stepping 0 microcode 0x8a0000b, cx8, cmov, fxsr, ht, mmx, 3dnowpref, sse, sse2, sse3, ssse3, sse4a, sse4.1, sse4.2, popcnt, lzcnt, tsc, tscinvbit, avx, avx2, aes, clmul, bmi1, bmi2, adx, sha, fma, vzeroupper, clflush, clflushopt, hv, rdtscp, rdpid, f16c
Processor Information for processor 0
  Max Mhz: 2401, Current Mhz: 2401, Mhz Limit: 2401
Processor Information for processor 1
  Max Mhz: 2401, Current Mhz: 2000, Mhz Limit: 2401
Processor Information for processor 2
  Max Mhz: 2401, Current Mhz: 2401, Mhz Limit: 2401
Processor Information for processor 3
  Max Mhz: 2401, Current Mhz: 2000, Mhz Limit: 2401
Processor Information for processor 4
  Max Mhz: 2401, Current Mhz: 2000, Mhz Limit: 2401
Processor Information for processor 5
  Max Mhz: 2401, Current Mhz: 2000, Mhz Limit: 2401
Processor Information for processor 6
  Max Mhz: 2401, Current Mhz: 2401, Mhz Limit: 2401
Processor Information for processor 7
  Max Mhz: 2401, Current Mhz: 2000, Mhz Limit: 2401

Memory: 4k page, system-wide physical 7418M (1103M free)
TotalPageFile size 25910M (AvailPageFile size 3M)
current process WorkingSet (physical memory assigned to process): 191M, peak: 283M
current process commit charge ("private bytes"): 368M, peak: 368M

vm_info: OpenJDK 64-Bit Server VM (21.0.10+7-LTS) for windows-amd64 JRE (21.0.10+7-LTS), built on 2026-01-20T00:00:00Z by "admin" with MS VC++ 17.12 (VS2022)

END.
